info:25-05-2025 16:09:41 Info: Ready To Start A Cutting Cycle ...
info:25-05-2025 16:14:40 Info: Ready To Start A Cutting Cycle ...
info:25-05-2025 16:16:27 Info: Ready To Start A Cutting Cycle ...
info:25-05-2025 16:38:36 Info: Ready To Start A Cutting Cycle ...
info:25-05-2025 16:44:48 Info: Estop Deactivate...
info:25-05-2025 16:44:49 Info: Power On...
warning:25-05-2025 16:44:50 Referencing Axis...
info:25-05-2025 16:44:53 Info: All Axes Homed...
info:25-05-2025 16:45:28 Info: Ready To Start A Cutting Cycle ...
info:25-05-2025 16:45:29 Info: Estop Deactivate...
info:25-05-2025 16:45:29 Info: Power On...
warning:25-05-2025 16:45:30 Referencing Axis...
info:25-05-2025 16:45:47 Info: All Axes Homed...
warning:25-05-2025 16:45:51 Referencing Axis...
warning:25-05-2025 16:45:52 Warning: 0 Axis Not Homed...
info:25-05-2025 16:46:09 Info: All Axes Homed...
info:25-05-2025 16:48:54 Info: Ready To Start A Cutting Cycle ...
info:25-05-2025 16:48:55 Info: Estop Deactivate...
info:25-05-2025 16:48:56 Info: Power On...
warning:25-05-2025 16:48:57 Referencing Axis...
info:25-05-2025 16:49:14 Info: All Axes Homed...
info:25-05-2025 16:49:30 Info: Ready To Start A Cutting Cycle ...
info:25-05-2025 16:49:32 Info: Estop Deactivate...
info:25-05-2025 16:49:32 Info: Power On...
warning:25-05-2025 16:49:32 Referencing Axis...
info:25-05-2025 16:49:50 Info: All Axes Homed...
info:25-05-2025 16:50:03 Info: Ready To Start A Cutting Cycle ...
info:25-05-2025 16:50:08 Info: Estop Deactivate...
info:25-05-2025 16:50:08 Info: Power On...
warning:25-05-2025 16:50:08 Referencing Axis...
info:25-05-2025 16:50:26 Info: Power Off...
info:25-05-2025 16:50:47 Info: Ready To Start A Cutting Cycle ...
info:25-05-2025 16:50:48 Info: Estop Deactivate...
info:25-05-2025 16:50:48 Info: Power On...
warning:25-05-2025 16:50:48 Referencing Axis...
info:25-05-2025 16:51:06 Info: All Axes Homed...
info:25-05-2025 16:51:22 Info: Ready To Start A Cutting Cycle ...
info:25-05-2025 16:51:27 Info: Estop Deactivate...
info:25-05-2025 16:51:28 Info: Power On...
warning:25-05-2025 16:51:28 Referencing Axis...
info:25-05-2025 16:51:46 Info: All Axes Homed...
info:25-05-2025 16:52:13 Info: Ready To Start A Cutting Cycle ...
info:25-05-2025 16:52:14 Info: Estop Deactivate...
info:25-05-2025 16:52:15 Info: Power On...
warning:25-05-2025 16:52:20 Referencing Axis...
info:25-05-2025 16:52:38 Info: All Axes Homed...
info:25-05-2025 16:52:52 Info: Ready To Start A Cutting Cycle ...
info:25-05-2025 16:52:54 Info: Estop Deactivate...
info:25-05-2025 16:52:55 Info: Power On...
warning:25-05-2025 16:52:56 Referencing Axis...
info:25-05-2025 16:53:14 Info: Power Off...
info:25-05-2025 16:53:25 Info: Ready To Start A Cutting Cycle ...
info:25-05-2025 16:53:27 Info: Estop Deactivate...
info:25-05-2025 16:53:27 Info: Power On...
warning:25-05-2025 16:53:27 Referencing Axis...
info:25-05-2025 16:53:52 Info: Ready To Start A Cutting Cycle ...
info:25-05-2025 16:53:52 Info: Estop Deactivate...
info:25-05-2025 16:53:53 Info: Power On...
warning:25-05-2025 16:53:53 Referencing Axis...
info:25-05-2025 16:53:57 Info: Power Off...
info:25-05-2025 16:54:07 Info: Ready To Start A Cutting Cycle ...
info:25-05-2025 16:54:09 Info: Estop Deactivate...
info:25-05-2025 16:54:09 Info: Power On...
warning:25-05-2025 16:54:09 Referencing Axis...
info:25-05-2025 16:54:31 Info: Ready To Start A Cutting Cycle ...
info:25-05-2025 16:54:32 Info: Estop Deactivate...
info:25-05-2025 16:54:33 Info: Power On...
warning:25-05-2025 16:54:33 Referencing Axis...
info:25-05-2025 16:54:56 Info: Ready To Start A Cutting Cycle ...
info:25-05-2025 16:54:58 Info: Estop Deactivate...
info:25-05-2025 16:54:58 Info: Power On...
warning:25-05-2025 16:54:58 Referencing Axis...
info:25-05-2025 16:55:02 Info: Power Off...
info:25-05-2025 16:55:15 Info: Ready To Start A Cutting Cycle ...
info:25-05-2025 16:55:16 Info: Estop Deactivate...
info:25-05-2025 16:55:16 Info: Power On...
warning:25-05-2025 16:55:17 Referencing Axis...
info:25-05-2025 16:55:51 Info: Ready To Start A Cutting Cycle ...
info:25-05-2025 16:55:52 Info: Estop Deactivate...
info:25-05-2025 16:55:53 Info: Power On...
warning:25-05-2025 16:55:53 Referencing Axis...
info:25-05-2025 16:55:56 Info: All Axes Homed...
info:25-05-2025 16:56:18 Info: Ready To Start A Cutting Cycle ...
info:25-05-2025 16:56:19 Info: Estop Deactivate...
info:25-05-2025 16:56:19 Info: Power On...
warning:25-05-2025 16:56:19 Referencing Axis...
info:25-05-2025 16:56:47 Info: Ready To Start A Cutting Cycle ...
info:25-05-2025 16:56:48 Info: Estop Deactivate...
info:25-05-2025 16:56:49 Info: Power On...
warning:25-05-2025 16:56:49 Referencing Axis...
info:25-05-2025 16:56:53 Info: All Axes Homed...
info:25-05-2025 16:57:09 Info: Ready To Start A Cutting Cycle ...
info:25-05-2025 16:57:10 Info: Estop Deactivate...
info:25-05-2025 16:57:10 Info: Power On...
warning:25-05-2025 16:57:11 Referencing Axis...
info:25-05-2025 16:57:28 Info: All Axes Homed...
info:25-05-2025 16:57:53 Info: Ready To Start A Cutting Cycle ...
info:25-05-2025 16:57:54 Info: Estop Deactivate...
info:25-05-2025 16:57:54 Info: Power On...
warning:25-05-2025 16:57:54 Referencing Axis...
info:25-05-2025 16:58:13 Info: Power Off...
info:25-05-2025 16:58:29 Info: Ready To Start A Cutting Cycle ...
info:25-05-2025 16:58:31 Info: Estop Deactivate...
info:25-05-2025 16:58:31 Info: Power On...
warning:25-05-2025 16:58:31 Referencing Axis...
info:25-05-2025 16:58:49 Info: All Axes Homed...
info:25-05-2025 16:59:07 Info: Ready To Start A Cutting Cycle ...
info:25-05-2025 16:59:09 Info: Estop Deactivate...
info:25-05-2025 16:59:09 Info: Power On...
warning:25-05-2025 16:59:09 Referencing Axis...
info:25-05-2025 16:59:27 Info: Power Off...
info:25-05-2025 16:59:39 Info: Ready To Start A Cutting Cycle ...
info:25-05-2025 16:59:40 Info: Estop Deactivate...
info:25-05-2025 16:59:40 Info: Power On...
warning:25-05-2025 16:59:41 Referencing Axis...
info:25-05-2025 16:59:59 Info: All Axes Homed...
info:25-05-2025 17:00:11 Info: Ready To Start A Cutting Cycle ...
info:25-05-2025 17:00:12 Info: Estop Deactivate...
info:25-05-2025 17:00:12 Info: Power On...
warning:25-05-2025 17:00:13 Referencing Axis...
info:25-05-2025 17:00:30 Info: All Axes Homed...
info:25-05-2025 17:00:51 Info: Ready To Start A Cutting Cycle ...
info:25-05-2025 17:00:52 Info: Estop Deactivate...
info:25-05-2025 17:00:53 Info: Power On...
warning:25-05-2025 17:00:53 Referencing Axis...
info:25-05-2025 17:01:11 Info: All Axes Homed...
info:25-05-2025 17:01:34 Info: Ready To Start A Cutting Cycle ...
info:25-05-2025 17:01:35 Info: Estop Deactivate...
info:25-05-2025 17:01:36 Info: Power On...
warning:25-05-2025 17:01:36 Referencing Axis...
info:25-05-2025 17:01:54 Info: All Axes Homed...
info:25-05-2025 17:02:08 Info: Ready To Start A Cutting Cycle ...
info:25-05-2025 17:02:09 Info: Estop Deactivate...
info:25-05-2025 17:02:10 Info: Power On...
warning:25-05-2025 17:02:10 Referencing Axis...
info:25-05-2025 17:02:28 Info: Power Off...
info:25-05-2025 17:02:58 Info: Ready To Start A Cutting Cycle ...
info:25-05-2025 17:02:59 Info: Estop Deactivate...
info:25-05-2025 17:02:59 Info: Power On...
warning:25-05-2025 17:03:00 Referencing Axis...
info:25-05-2025 17:03:18 Info: Power Off...
info:25-05-2025 17:03:37 Info: Ready To Start A Cutting Cycle ...
info:25-05-2025 17:03:38 Info: Estop Deactivate...
info:25-05-2025 17:03:38 Info: Power On...
warning:25-05-2025 17:03:39 Referencing Axis...
info:25-05-2025 17:03:56 Info: All Axes Homed...
info:25-05-2025 17:04:09 Info: Ready To Start A Cutting Cycle ...
info:25-05-2025 17:04:10 Info: Estop Deactivate...
info:25-05-2025 17:04:10 Info: Power On...
warning:25-05-2025 17:04:11 Referencing Axis...
info:25-05-2025 17:04:27 Info: Power Off...
info:25-05-2025 17:04:48 Info: Ready To Start A Cutting Cycle ...
info:25-05-2025 17:04:49 Info: Estop Deactivate...
info:25-05-2025 17:04:49 Info: Power On...
warning:25-05-2025 17:04:49 Referencing Axis...
info:25-05-2025 17:04:52 Info: Power Off...
info:25-05-2025 17:05:09 Info: Ready To Start A Cutting Cycle ...
info:25-05-2025 17:05:11 Info: Estop Deactivate...
info:25-05-2025 17:05:11 Info: Power On...
warning:25-05-2025 17:05:11 Referencing Axis...
info:25-05-2025 17:06:04 Info: Power Off...
warning:25-05-2025 17:06:04 Warning: Estop Activate...
info:25-05-2025 17:07:11 Info: Ready To Start A Cutting Cycle ...
info:25-05-2025 17:07:12 Info: Estop Deactivate...
info:25-05-2025 17:07:12 Info: Power On...
warning:25-05-2025 17:07:13 Referencing Axis...
info:25-05-2025 17:07:31 Info: Ready To Start A Cutting Cycle ...
info:25-05-2025 17:07:33 Info: Estop Deactivate...
info:25-05-2025 17:07:33 Info: Power On...
warning:25-05-2025 17:07:34 Referencing Axis...
info:25-05-2025 17:07:37 Info: All Axes Homed...
info:25-05-2025 17:07:59 Info: Ready To Start A Cutting Cycle ...
info:25-05-2025 17:08:00 Info: Estop Deactivate...
info:25-05-2025 17:08:01 Info: Power On...
warning:25-05-2025 17:08:01 Referencing Axis...
info:25-05-2025 17:08:19 Info: All Axes Homed...
info:25-05-2025 17:08:36 Info: Ready To Start A Cutting Cycle ...
info:25-05-2025 17:08:37 Info: Estop Deactivate...
info:25-05-2025 17:08:38 Info: Power On...
warning:25-05-2025 17:08:38 Referencing Axis...
info:25-05-2025 17:08:56 Info: All Axes Homed...
info:25-05-2025 17:09:23 Info: Ready To Start A Cutting Cycle ...
info:25-05-2025 17:09:24 Info: Estop Deactivate...
info:25-05-2025 17:09:24 Info: Power On...
warning:25-05-2025 17:09:25 Referencing Axis...
info:25-05-2025 17:09:42 Info: All Axes Homed...
info:25-05-2025 17:10:01 Info: Ready To Start A Cutting Cycle ...
info:25-05-2025 17:10:03 Info: Estop Deactivate...
info:25-05-2025 17:10:03 Info: Power On...
warning:25-05-2025 17:10:03 Referencing Axis...
info:25-05-2025 17:10:21 Info: All Axes Homed...
info:25-05-2025 17:10:51 Info: Ready To Start A Cutting Cycle ...
info:25-05-2025 17:10:52 Info: Estop Deactivate...
info:25-05-2025 17:10:52 Info: Power On...
warning:25-05-2025 17:10:53 Referencing Axis...
info:25-05-2025 17:11:10 Info: Power Off...
info:25-05-2025 17:11:33 Info: Ready To Start A Cutting Cycle ...
info:25-05-2025 17:11:34 Info: Estop Deactivate...
info:25-05-2025 17:11:35 Info: Power On...
warning:25-05-2025 17:11:35 Referencing Axis...
info:25-05-2025 17:11:53 Info: All Axes Homed...
info:25-05-2025 17:12:04 Info: Ready To Start A Cutting Cycle ...
info:25-05-2025 17:12:05 Info: Estop Deactivate...
info:25-05-2025 17:12:06 Info: Power On...
warning:25-05-2025 17:12:06 Referencing Axis...
info:25-05-2025 17:12:41 Info: Ready To Start A Cutting Cycle ...
info:25-05-2025 17:12:42 Info: Estop Deactivate...
info:25-05-2025 17:12:43 Info: Power On...
warning:25-05-2025 17:12:43 Referencing Axis...
info:25-05-2025 17:12:45 Info: Power Off...
info:25-05-2025 17:12:57 Info: Ready To Start A Cutting Cycle ...
info:25-05-2025 17:12:58 Info: Estop Deactivate...
info:25-05-2025 17:12:58 Info: Power On...
warning:25-05-2025 17:12:59 Referencing Axis...
info:25-05-2025 17:13:15 Info: Ready To Start A Cutting Cycle ...
info:25-05-2025 17:13:16 Info: Estop Deactivate...
info:25-05-2025 17:13:17 Info: Power On...
warning:25-05-2025 17:13:17 Referencing Axis...
info:25-05-2025 17:13:20 Info: Power Off...
info:25-05-2025 17:13:39 Info: Ready To Start A Cutting Cycle ...
info:25-05-2025 17:13:41 Info: Estop Deactivate...
info:25-05-2025 17:13:41 Info: Power On...
warning:25-05-2025 17:13:41 Referencing Axis...
info:25-05-2025 17:13:59 Info: Power Off...
info:25-05-2025 17:14:37 Info: Ready To Start A Cutting Cycle ...
info:25-05-2025 17:14:38 Info: Estop Deactivate...
info:25-05-2025 17:14:39 Info: Power On...
warning:25-05-2025 17:14:39 Referencing Axis...
info:25-05-2025 17:14:56 Info: Power Off...
info:25-05-2025 17:15:08 Info: Ready To Start A Cutting Cycle ...
info:25-05-2025 17:15:09 Info: Estop Deactivate...
info:25-05-2025 17:15:09 Info: Power On...
warning:25-05-2025 17:15:09 Referencing Axis...
info:25-05-2025 17:15:20 Info: All Axes Homed...
info:25-05-2025 17:15:44 Info: Ready To Start A Cutting Cycle ...
info:25-05-2025 17:15:45 Info: Estop Deactivate...
info:25-05-2025 17:15:46 Info: Power On...
warning:25-05-2025 17:15:46 Referencing Axis...
info:25-05-2025 17:16:04 Info: All Axes Homed...
info:25-05-2025 17:16:27 Info: Ready To Start A Cutting Cycle ...
info:25-05-2025 17:16:28 Info: Estop Deactivate...
info:25-05-2025 17:16:29 Info: Power On...
warning:25-05-2025 17:16:29 Referencing Axis...
info:25-05-2025 17:16:47 Info: All Axes Homed...
info:25-05-2025 17:17:07 Info: Ready To Start A Cutting Cycle ...
info:25-05-2025 17:17:08 Info: Estop Deactivate...
info:25-05-2025 17:17:08 Info: Power On...
warning:25-05-2025 17:17:09 Referencing Axis...
info:25-05-2025 17:17:27 Info: All Axes Homed...
info:25-05-2025 17:17:40 Info: Ready To Start A Cutting Cycle ...
info:25-05-2025 17:17:41 Info: Estop Deactivate...
info:25-05-2025 17:17:42 Info: Power On...
warning:25-05-2025 17:17:42 Referencing Axis...
info:25-05-2025 17:18:00 Info: All Axes Homed...
info:25-05-2025 17:18:22 Info: Ready To Start A Cutting Cycle ...
info:25-05-2025 17:18:24 Info: Estop Deactivate...
info:25-05-2025 17:18:25 Info: Power On...
warning:25-05-2025 17:18:25 Referencing Axis...
info:25-05-2025 17:18:54 Info: Ready To Start A Cutting Cycle ...
info:25-05-2025 17:18:57 Info: Estop Deactivate...
info:25-05-2025 17:18:57 Info: Power On...
warning:25-05-2025 17:18:57 Referencing Axis...
info:25-05-2025 17:19:01 Info: All Axes Homed...
info:25-05-2025 17:19:10 Info: Ready To Start A Cutting Cycle ...
info:25-05-2025 17:19:11 Info: Estop Deactivate...
info:25-05-2025 17:19:11 Info: Power On...
warning:25-05-2025 17:19:12 Referencing Axis...
info:25-05-2025 17:19:29 Info: All Axes Homed...
info:25-05-2025 17:19:39 Info: Ready To Start A Cutting Cycle ...
info:25-05-2025 17:19:42 Info: Estop Deactivate...
info:25-05-2025 17:19:42 Info: Power On...
warning:25-05-2025 17:19:43 Referencing Axis...
info:25-05-2025 17:20:00 Info: All Axes Homed...
info:25-05-2025 17:20:20 Info: Ready To Start A Cutting Cycle ...
info:25-05-2025 17:20:21 Info: Estop Deactivate...
info:25-05-2025 17:20:21 Info: Power On...
warning:25-05-2025 17:20:22 Referencing Axis...
info:25-05-2025 17:20:40 Info: All Axes Homed...
info:25-05-2025 17:21:01 Info: Ready To Start A Cutting Cycle ...
info:25-05-2025 17:21:03 Info: Estop Deactivate...
info:25-05-2025 17:21:04 Info: Power On...
warning:25-05-2025 17:21:04 Referencing Axis...
info:25-05-2025 17:21:22 Info: All Axes Homed...
info:25-05-2025 17:21:38 Info: Ready To Start A Cutting Cycle ...
info:25-05-2025 17:21:39 Info: Estop Deactivate...
info:25-05-2025 17:21:40 Info: Power On...
warning:25-05-2025 17:21:40 Referencing Axis...
info:25-05-2025 17:21:58 Info: All Axes Homed...
info:25-05-2025 17:24:27 Info: Ready To Start A Cutting Cycle ...
info:25-05-2025 17:24:29 Info: Estop Deactivate...
info:25-05-2025 17:24:29 Info: Power On...
warning:25-05-2025 17:24:30 Referencing Axis...
info:25-05-2025 17:24:48 Info: All Axes Homed...
info:25-05-2025 17:25:40 Info: Ready To Start A Cutting Cycle ...
info:25-05-2025 17:25:41 Info: Estop Deactivate...
info:25-05-2025 17:25:42 Info: Power On...
warning:25-05-2025 17:25:42 Referencing Axis...
info:25-05-2025 17:26:01 Info: All Axes Homed...
info:25-05-2025 17:26:08 Info: Cut List Cmpleted...
info:25-05-2025 17:26:08 Info: Ready To Start A Cutting Cycle ...
info:25-05-2025 17:26:11 Info: Cut List Cmpleted...
info:25-05-2025 17:26:11 Info: Ready To Start A Cutting Cycle ...
info:25-05-2025 17:26:12 Info: Cut List Cmpleted...
info:25-05-2025 17:26:12 Info: Ready To Start A Cutting Cycle ...
info:25-05-2025 17:26:23 Info: Press Busy Hands Buttons For Move...
info:25-05-2025 17:26:25 Info: Step Slide Cut...
info:25-05-2025 17:26:28 Info: Close Clamps ...
info:25-05-2025 17:26:30 Info: Press Busy Hands Buttons For Cut...
info:25-05-2025 17:26:31 Info: Cut Only Left Saw Blade...
info:25-05-2025 17:26:31 Info: Saw Blade Output Time Controlled By User...
info:25-05-2025 17:26:34 Info: Press Busy Hands Buttons For Move To Recover Length Step Slide Cut...
info:25-05-2025 17:26:39 Info: Press Busy Hands Buttons For Cut...
info:25-05-2025 17:26:39 Info: Cut Only Left Saw Blade...
info:25-05-2025 17:26:39 Info: Saw Blade Output Time Controlled By User...
info:25-05-2025 17:26:41 Info: Step Slide Cut...
info:25-05-2025 17:26:42 Info: Press Busy Hands Buttons For Move To Recover Length Step Slide Cut...
info:25-05-2025 17:26:47 Info: Press Busy Hands Buttons For Cut...
info:25-05-2025 17:26:47 Info: Cut Only Left Saw Blade...
info:25-05-2025 17:26:48 Info: Saw Blade Output Time Controlled By User...
info:25-05-2025 17:26:49 Info: Press Busy Hands Buttons For Move...
info:25-05-2025 17:26:51 Info: Step Slide Cut...
info:25-05-2025 17:26:53 Info: Close Clamps ...
info:25-05-2025 17:27:00 Info: Press Busy Hands Buttons For Cut...
info:25-05-2025 17:27:01 Info: Cut Only Left Saw Blade...
info:25-05-2025 17:27:01 Info: Saw Blade Output Time Controlled By User...
info:25-05-2025 17:27:03 Info: Press Busy Hands Buttons For Move To Recover Length Step Slide Cut...
info:25-05-2025 17:27:07 Info: Press Busy Hands Buttons For Cut...
info:25-05-2025 17:27:07 Info: Cut Only Left Saw Blade...
info:25-05-2025 17:27:07 Info: Saw Blade Output Time Controlled By User...
info:25-05-2025 17:27:09 Info: Step Slide Cut...
info:25-05-2025 17:27:09 Info: Press Busy Hands Buttons For Move To Recover Length Step Slide Cut...
info:25-05-2025 17:27:15 Info: Press Busy Hands Buttons For Cut...
info:25-05-2025 17:27:15 Info: Ready To Start A Cutting Cycle ...
