info:19-05-2025 19:59:27 Info: Ready To Start A Cutting Cycle ...
info:19-05-2025 19:59:28 Info: Estop Deactivate...
info:19-05-2025 19:59:29 Info: Power On...
warning:19-05-2025 19:59:30 Referencing Axis...
info:19-05-2025 19:59:32 Info: Power Off...
info:19-05-2025 20:01:06 Info: Ready To Start A Cutting Cycle ...
info:19-05-2025 20:01:07 Info: Estop Deactivate...
info:19-05-2025 20:01:08 Info: Power On...
warning:19-05-2025 20:01:08 Referencing Axis...
info:19-05-2025 20:01:10 Info: Power Off...
info:19-05-2025 20:01:22 Info: Ready To Start A Cutting Cycle ...
info:19-05-2025 20:01:23 Info: Estop Deactivate...
info:19-05-2025 20:01:24 Info: Power On...
warning:19-05-2025 20:01:25 Referencing Axis...
info:19-05-2025 20:01:26 Info: Power Off...
info:19-05-2025 20:01:48 Info: Ready To Start A Cutting Cycle ...
info:19-05-2025 20:01:49 Info: Estop Deactivate...
info:19-05-2025 20:01:49 Info: Power On...
warning:19-05-2025 20:01:50 Referencing Axis...
info:19-05-2025 20:01:52 Info: Power Off...
info:19-05-2025 20:02:02 Info: Ready To Start A Cutting Cycle ...
info:19-05-2025 20:02:04 Info: Estop Deactivate...
info:19-05-2025 20:02:04 Info: Power On...
warning:19-05-2025 20:02:04 Referencing Axis...
info:19-05-2025 20:02:07 Info: Power Off...
info:19-05-2025 20:02:16 Info: Ready To Start A Cutting Cycle ...
info:19-05-2025 20:02:17 Info: Estop Deactivate...
info:19-05-2025 20:02:18 Info: Power On...
warning:19-05-2025 20:02:18 Referencing Axis...
info:19-05-2025 20:02:20 Info: Power Off...
info:19-05-2025 20:03:50 Info: Ready To Start A Cutting Cycle ...
info:19-05-2025 20:03:52 Info: Estop Deactivate...
info:19-05-2025 20:03:52 Info: Power On...
warning:19-05-2025 20:03:52 Referencing Axis...
info:19-05-2025 20:03:54 Info: Power Off...
info:19-05-2025 20:04:18 Info: Ready To Start A Cutting Cycle ...
info:19-05-2025 20:04:19 Info: Estop Deactivate...
info:19-05-2025 20:04:20 Info: Power On...
warning:19-05-2025 20:04:20 Referencing Axis...
info:19-05-2025 20:04:38 Info: Ready To Start A Cutting Cycle ...
info:19-05-2025 20:04:39 Info: Estop Deactivate...
info:19-05-2025 20:04:39 Info: Power On...
warning:19-05-2025 20:04:40 Referencing Axis...
info:19-05-2025 20:04:42 Info: Power Off...
info:19-05-2025 20:05:04 Info: Ready To Start A Cutting Cycle ...
info:19-05-2025 20:05:05 Info: Estop Deactivate...
info:19-05-2025 20:05:05 Info: Power On...
warning:19-05-2025 20:05:06 Referencing Axis...
info:19-05-2025 20:05:08 Info: Power Off...
info:19-05-2025 20:05:18 Info: Ready To Start A Cutting Cycle ...
info:19-05-2025 20:05:19 Info: Estop Deactivate...
info:19-05-2025 20:05:19 Info: Power On...
warning:19-05-2025 20:05:20 Referencing Axis...
info:19-05-2025 20:05:41 Info: Ready To Start A Cutting Cycle ...
info:19-05-2025 20:05:43 Info: Estop Deactivate...
info:19-05-2025 20:05:44 Info: Power On...
warning:19-05-2025 20:05:44 Referencing Axis...
info:19-05-2025 20:05:46 Info: Power Off...
info:19-05-2025 20:05:57 Info: Ready To Start A Cutting Cycle ...
info:19-05-2025 20:05:58 Info: Estop Deactivate...
info:19-05-2025 20:05:59 Info: Power On...
warning:19-05-2025 20:06:00 Referencing Axis...
info:19-05-2025 20:06:01 Info: Power Off...
info:19-05-2025 20:06:27 Info: Ready To Start A Cutting Cycle ...
info:19-05-2025 20:06:28 Info: Estop Deactivate...
info:19-05-2025 20:06:29 Info: Power On...
warning:19-05-2025 20:06:29 Referencing Axis...
info:19-05-2025 20:06:32 Info: Power Off...
info:19-05-2025 20:07:15 Info: Ready To Start A Cutting Cycle ...
info:19-05-2025 20:07:17 Info: Estop Deactivate...
info:19-05-2025 20:07:17 Info: Power On...
warning:19-05-2025 20:07:18 Referencing Axis...
info:19-05-2025 20:07:40 Info: All Axes Homed...
info:19-05-2025 20:07:42 Info: Power Off...
warning:19-05-2025 20:07:42 Warning: 0 Axis Not Homed...
warning:19-05-2025 20:07:42 Warning: Estop Activate...
info:19-05-2025 20:07:56 Info: Ready To Start A Cutting Cycle ...
info:19-05-2025 20:07:58 Info: Estop Deactivate...
info:19-05-2025 20:07:58 Info: Power On...
warning:19-05-2025 20:07:59 Referencing Axis...
info:19-05-2025 20:08:04 Info: Power Off...
info:19-05-2025 20:08:28 Info: Ready To Start A Cutting Cycle ...
info:19-05-2025 20:08:29 Info: Estop Deactivate...
info:19-05-2025 20:08:30 Info: Power On...
warning:19-05-2025 20:08:30 Referencing Axis...
info:19-05-2025 20:08:47 Info: Power Off...
info:19-05-2025 20:09:02 Info: Ready To Start A Cutting Cycle ...
info:19-05-2025 20:09:03 Info: Estop Deactivate...
info:19-05-2025 20:09:03 Info: Power On...
warning:19-05-2025 20:09:04 Referencing Axis...
info:19-05-2025 20:09:26 Info: Ready To Start A Cutting Cycle ...
info:19-05-2025 20:09:30 Info: Estop Deactivate...
info:19-05-2025 20:09:30 Info: Power On...
warning:19-05-2025 20:09:31 Referencing Axis...
info:19-05-2025 20:09:32 Info: Power Off...
info:19-05-2025 20:09:58 Info: Ready To Start A Cutting Cycle ...
info:19-05-2025 20:10:00 Info: Estop Deactivate...
info:19-05-2025 20:10:00 Info: Power On...
warning:19-05-2025 20:10:01 Referencing Axis...
info:19-05-2025 20:10:03 Info: Power Off...
info:19-05-2025 20:10:21 Info: Ready To Start A Cutting Cycle ...
info:19-05-2025 20:10:23 Info: Estop Deactivate...
info:19-05-2025 20:10:23 Info: Power On...
warning:19-05-2025 20:10:23 Referencing Axis...
info:19-05-2025 20:10:53 Info: Ready To Start A Cutting Cycle ...
info:19-05-2025 20:10:54 Info: Estop Deactivate...
info:19-05-2025 20:10:54 Info: Power On...
warning:19-05-2025 20:10:55 Referencing Axis...
info:19-05-2025 20:11:16 Info: Ready To Start A Cutting Cycle ...
info:19-05-2025 20:11:17 Info: Estop Deactivate...
info:19-05-2025 20:11:18 Info: Power On...
warning:19-05-2025 20:11:18 Referencing Axis...
info:19-05-2025 20:11:34 Info: Ready To Start A Cutting Cycle ...
info:19-05-2025 20:11:35 Info: Estop Deactivate...
info:19-05-2025 20:11:35 Info: Power On...
warning:19-05-2025 20:11:36 Referencing Axis...
info:19-05-2025 20:11:51 Info: Ready To Start A Cutting Cycle ...
info:19-05-2025 20:11:53 Info: Estop Deactivate...
info:19-05-2025 20:11:54 Info: Power On...
warning:19-05-2025 20:11:54 Referencing Axis...
info:19-05-2025 20:12:02 Info: Power Off...
info:19-05-2025 20:12:20 Info: Ready To Start A Cutting Cycle ...
info:19-05-2025 20:12:21 Info: Estop Deactivate...
info:19-05-2025 20:12:22 Info: Power On...
warning:19-05-2025 20:12:22 Referencing Axis...
info:19-05-2025 20:12:24 Info: Power Off...
info:19-05-2025 20:12:33 Info: Ready To Start A Cutting Cycle ...
info:19-05-2025 20:12:35 Info: Estop Deactivate...
info:19-05-2025 20:12:35 Info: Power On...
warning:19-05-2025 20:12:35 Referencing Axis...
info:19-05-2025 20:12:40 Info: Power Off...
info:19-05-2025 20:12:48 Info: Ready To Start A Cutting Cycle ...
info:19-05-2025 20:12:49 Info: Estop Deactivate...
info:19-05-2025 20:12:50 Info: Power On...
warning:19-05-2025 20:12:50 Referencing Axis...
info:19-05-2025 20:13:07 Info: Ready To Start A Cutting Cycle ...
info:19-05-2025 20:13:08 Info: Estop Deactivate...
info:19-05-2025 20:13:08 Info: Power On...
warning:19-05-2025 20:13:09 Referencing Axis...
info:19-05-2025 20:13:28 Info: Ready To Start A Cutting Cycle ...
info:19-05-2025 20:13:29 Info: Estop Deactivate...
info:19-05-2025 20:13:30 Info: Power On...
info:19-05-2025 20:13:33 Info: Power Off...
warning:19-05-2025 20:13:33 Warning: Estop Activate...
info:19-05-2025 20:13:52 Info: Estop Deactivate...
info:19-05-2025 20:13:52 Info: Power On...
warning:19-05-2025 20:13:53 Referencing Axis...
info:19-05-2025 20:14:41 Info: Power Off...
warning:19-05-2025 20:14:41 Warning: Estop Activate...
info:19-05-2025 20:14:50 Info: Estop Deactivate...
info:19-05-2025 20:15:07 Info: Power On...
warning:19-05-2025 20:15:23 Referencing Axis...
info:19-05-2025 20:15:27 Info: Power Off...
info:19-05-2025 20:15:41 Info: Ready To Start A Cutting Cycle ...
info:19-05-2025 20:15:42 Info: Estop Deactivate...
info:19-05-2025 20:15:42 Info: Power On...
warning:19-05-2025 20:15:56 Referencing Axis...
info:19-05-2025 20:16:27 Info: Power Off...
warning:19-05-2025 20:17:37 Warning: Estop Activate...
info:19-05-2025 20:21:43 Info: Estop Deactivate...
info:19-05-2025 20:21:44 Info: Power On...
warning:19-05-2025 20:21:47 Referencing Axis...
info:19-05-2025 20:21:49 Info: Power Off...
info:19-05-2025 20:22:17 Info: Ready To Start A Cutting Cycle ...
info:19-05-2025 20:22:18 Info: Estop Deactivate...
info:19-05-2025 20:22:18 Info: Power On...
warning:19-05-2025 20:22:19 Referencing Axis...
info:19-05-2025 20:22:37 Info: Power Off...
warning:19-05-2025 20:22:37 Warning: Estop Activate...
info:19-05-2025 20:22:59 Info: Ready To Start A Cutting Cycle ...
info:19-05-2025 20:23:01 Info: Estop Deactivate...
info:19-05-2025 20:23:01 Info: Power On...
warning:19-05-2025 20:23:02 Referencing Axis...
info:19-05-2025 20:23:37 Info: Ready To Start A Cutting Cycle ...
info:19-05-2025 20:23:38 Info: Estop Deactivate...
info:19-05-2025 20:23:39 Info: Power On...
warning:19-05-2025 20:23:39 Referencing Axis...
info:19-05-2025 20:23:42 Info: All Axes Homed...
info:19-05-2025 20:24:02 Info: Ready To Start A Cutting Cycle ...
info:19-05-2025 20:24:03 Info: Estop Deactivate...
info:19-05-2025 20:24:04 Info: Power On...
warning:19-05-2025 20:24:04 Referencing Axis...
info:19-05-2025 20:24:27 Info: All Axes Homed...
info:19-05-2025 20:24:48 Info: Ready To Start A Cutting Cycle ...
info:19-05-2025 20:24:50 Info: Estop Deactivate...
info:19-05-2025 20:24:50 Info: Power On...
warning:19-05-2025 20:24:51 Referencing Axis...
info:19-05-2025 20:25:38 Info: Ready To Start A Cutting Cycle ...
info:19-05-2025 20:25:44 Info: Estop Deactivate...
info:19-05-2025 20:25:45 Info: Power On...
warning:19-05-2025 20:25:45 Referencing Axis...
info:19-05-2025 20:25:50 Info: Power Off...
info:19-05-2025 20:26:07 Info: Ready To Start A Cutting Cycle ...
info:19-05-2025 20:26:08 Info: Estop Deactivate...
info:19-05-2025 20:26:08 Info: Power On...
warning:19-05-2025 20:26:09 Referencing Axis...
info:19-05-2025 20:26:28 Info: Ready To Start A Cutting Cycle ...
info:19-05-2025 20:26:29 Info: Estop Deactivate...
info:19-05-2025 20:26:30 Info: Power On...
warning:19-05-2025 20:26:30 Referencing Axis...
info:19-05-2025 20:26:49 Info: Ready To Start A Cutting Cycle ...
info:19-05-2025 20:26:50 Info: Estop Deactivate...
info:19-05-2025 20:26:51 Info: Power On...
warning:19-05-2025 20:26:51 Referencing Axis...
info:19-05-2025 20:27:05 Info: Ready To Start A Cutting Cycle ...
info:19-05-2025 20:27:06 Info: Estop Deactivate...
info:19-05-2025 20:27:07 Info: Power On...
warning:19-05-2025 20:27:07 Referencing Axis...
info:19-05-2025 20:27:23 Info: Ready To Start A Cutting Cycle ...
info:19-05-2025 20:27:26 Info: Estop Deactivate...
info:19-05-2025 20:27:26 Info: Power On...
warning:19-05-2025 20:27:27 Referencing Axis...
info:19-05-2025 20:27:47 Info: Ready To Start A Cutting Cycle ...
info:19-05-2025 20:27:49 Info: Estop Deactivate...
info:19-05-2025 20:27:49 Info: Power On...
warning:19-05-2025 20:27:49 Referencing Axis...
info:19-05-2025 20:28:21 Info: Ready To Start A Cutting Cycle ...
info:19-05-2025 20:28:22 Info: Estop Deactivate...
info:19-05-2025 20:28:22 Info: Power On...
warning:19-05-2025 20:28:23 Referencing Axis...
info:19-05-2025 20:28:49 Info: Ready To Start A Cutting Cycle ...
info:19-05-2025 20:28:51 Info: Estop Deactivate...
info:19-05-2025 20:28:51 Info: Power On...
warning:19-05-2025 20:28:52 Referencing Axis...
info:19-05-2025 20:29:07 Info: Ready To Start A Cutting Cycle ...
info:19-05-2025 20:29:08 Info: Estop Deactivate...
info:19-05-2025 20:29:08 Info: Power On...
warning:19-05-2025 20:29:09 Referencing Axis...
info:19-05-2025 20:29:22 Info: Ready To Start A Cutting Cycle ...
info:19-05-2025 20:29:23 Info: Estop Deactivate...
info:19-05-2025 20:29:24 Info: Power On...
warning:19-05-2025 20:29:24 Referencing Axis...
info:19-05-2025 20:29:37 Info: Ready To Start A Cutting Cycle ...
info:19-05-2025 20:29:39 Info: Estop Deactivate...
info:19-05-2025 20:29:39 Info: Power On...
warning:19-05-2025 20:29:39 Referencing Axis...
info:19-05-2025 20:29:41 Info: Power Off...
info:19-05-2025 20:29:51 Info: Ready To Start A Cutting Cycle ...
info:19-05-2025 20:29:52 Info: Estop Deactivate...
info:19-05-2025 20:29:53 Info: Power On...
warning:19-05-2025 20:29:53 Referencing Axis...
info:19-05-2025 20:29:54 Info: Power Off...
info:19-05-2025 20:30:05 Info: Ready To Start A Cutting Cycle ...
info:19-05-2025 20:30:06 Info: Estop Deactivate...
info:19-05-2025 20:30:07 Info: Power On...
warning:19-05-2025 20:30:07 Referencing Axis...
info:19-05-2025 20:30:09 Info: Power Off...
info:19-05-2025 20:30:18 Info: Ready To Start A Cutting Cycle ...
info:19-05-2025 20:30:19 Info: Estop Deactivate...
info:19-05-2025 20:30:20 Info: Power On...
warning:19-05-2025 20:30:20 Referencing Axis...
info:19-05-2025 20:30:33 Info: Ready To Start A Cutting Cycle ...
info:19-05-2025 20:30:35 Info: Estop Deactivate...
info:19-05-2025 20:30:35 Info: Power On...
warning:19-05-2025 20:30:35 Referencing Axis...
info:19-05-2025 20:30:50 Info: Ready To Start A Cutting Cycle ...
info:19-05-2025 20:30:51 Info: Estop Deactivate...
info:19-05-2025 20:30:51 Info: Power On...
warning:19-05-2025 20:30:52 Referencing Axis...
info:19-05-2025 20:31:05 Info: Ready To Start A Cutting Cycle ...
info:19-05-2025 20:31:06 Info: Estop Deactivate...
info:19-05-2025 20:31:07 Info: Power On...
warning:19-05-2025 20:31:07 Referencing Axis...
info:19-05-2025 20:31:09 Info: Power Off...
info:19-05-2025 20:31:29 Info: Ready To Start A Cutting Cycle ...
info:19-05-2025 20:31:31 Info: Estop Deactivate...
info:19-05-2025 20:31:31 Info: Power On...
warning:19-05-2025 20:31:31 Referencing Axis...
info:19-05-2025 20:31:47 Info: Ready To Start A Cutting Cycle ...
info:19-05-2025 20:31:48 Info: Estop Deactivate...
info:19-05-2025 20:31:48 Info: Power On...
warning:19-05-2025 20:31:48 Referencing Axis...
info:19-05-2025 20:33:18 Info: Ready To Start A Cutting Cycle ...
info:19-05-2025 20:33:22 Info: Estop Deactivate...
info:19-05-2025 20:33:23 Info: Power On...
warning:19-05-2025 20:33:24 Referencing Axis...
info:19-05-2025 20:33:37 Info: Power Off...
warning:19-05-2025 20:33:37 Warning: Estop Activate...
info:19-05-2025 20:33:59 Info: Ready To Start A Cutting Cycle ...
info:19-05-2025 20:34:00 Info: Estop Deactivate...
info:19-05-2025 20:34:00 Info: Power On...
warning:19-05-2025 20:34:01 Referencing Axis...
info:19-05-2025 20:34:20 Info: Ready To Start A Cutting Cycle ...
info:19-05-2025 20:34:21 Info: Estop Deactivate...
info:19-05-2025 20:34:21 Info: Power On...
warning:19-05-2025 20:34:21 Referencing Axis...
info:19-05-2025 20:34:43 Info: Ready To Start A Cutting Cycle ...
info:19-05-2025 20:34:44 Info: Estop Deactivate...
info:19-05-2025 20:34:44 Info: Power On...
info:19-05-2025 20:34:44 Info: Power Off...
info:19-05-2025 20:34:58 Info: Ready To Start A Cutting Cycle ...
info:19-05-2025 20:34:59 Info: Estop Deactivate...
info:19-05-2025 20:34:59 Info: Power On...
warning:19-05-2025 20:34:59 Referencing Axis...
info:19-05-2025 20:35:18 Info: Ready To Start A Cutting Cycle ...
info:19-05-2025 20:35:20 Info: Estop Deactivate...
info:19-05-2025 20:35:20 Info: Power On...
warning:19-05-2025 20:35:20 Referencing Axis...
info:19-05-2025 20:35:36 Info: Ready To Start A Cutting Cycle ...
info:19-05-2025 20:35:37 Info: Estop Deactivate...
info:19-05-2025 20:35:37 Info: Power On...
warning:19-05-2025 20:35:38 Referencing Axis...
info:19-05-2025 20:35:56 Info: Ready To Start A Cutting Cycle ...
info:19-05-2025 20:35:58 Info: Estop Deactivate...
info:19-05-2025 20:35:58 Info: Power On...
warning:19-05-2025 20:35:59 Referencing Axis...
info:19-05-2025 20:36:16 Info: Ready To Start A Cutting Cycle ...
info:19-05-2025 20:36:17 Info: Estop Deactivate...
info:19-05-2025 20:36:17 Info: Power On...
warning:19-05-2025 20:36:18 Referencing Axis...
info:19-05-2025 20:36:31 Info: Ready To Start A Cutting Cycle ...
info:19-05-2025 20:36:32 Info: Estop Deactivate...
info:19-05-2025 20:36:32 Info: Power On...
warning:19-05-2025 20:36:33 Referencing Axis...
info:19-05-2025 20:36:46 Info: Ready To Start A Cutting Cycle ...
info:19-05-2025 20:36:47 Info: Estop Deactivate...
info:19-05-2025 20:36:47 Info: Power On...
warning:19-05-2025 20:36:47 Referencing Axis...
info:19-05-2025 20:37:07 Info: Ready To Start A Cutting Cycle ...
info:19-05-2025 20:37:08 Info: Estop Deactivate...
info:19-05-2025 20:37:08 Info: Power On...
warning:19-05-2025 20:37:09 Referencing Axis...
info:19-05-2025 20:37:29 Info: Ready To Start A Cutting Cycle ...
info:19-05-2025 20:37:30 Info: Estop Deactivate...
info:19-05-2025 20:37:30 Info: Power On...
warning:19-05-2025 20:37:30 Referencing Axis...
info:19-05-2025 20:37:43 Info: Ready To Start A Cutting Cycle ...
info:19-05-2025 20:37:44 Info: Estop Deactivate...
info:19-05-2025 20:37:45 Info: Power On...
warning:19-05-2025 20:37:45 Referencing Axis...
info:19-05-2025 20:38:02 Info: Ready To Start A Cutting Cycle ...
info:19-05-2025 20:38:03 Info: Estop Deactivate...
info:19-05-2025 20:38:03 Info: Power On...
warning:19-05-2025 20:38:04 Referencing Axis...
info:19-05-2025 20:38:21 Info: Ready To Start A Cutting Cycle ...
info:19-05-2025 20:38:22 Info: Estop Deactivate...
info:19-05-2025 20:38:22 Info: Power On...
warning:19-05-2025 20:38:23 Referencing Axis...
info:19-05-2025 20:38:40 Info: Ready To Start A Cutting Cycle ...
info:19-05-2025 20:38:41 Info: Estop Deactivate...
info:19-05-2025 20:38:41 Info: Power On...
info:19-05-2025 20:38:41 Info: Power Off...
info:19-05-2025 20:38:51 Info: Ready To Start A Cutting Cycle ...
info:19-05-2025 20:38:52 Info: Estop Deactivate...
info:19-05-2025 20:38:52 Info: Power On...
info:19-05-2025 20:38:52 Info: Power Off...
info:19-05-2025 20:39:05 Info: Ready To Start A Cutting Cycle ...
info:19-05-2025 20:39:06 Info: Estop Deactivate...
info:19-05-2025 20:39:06 Info: Power On...
warning:19-05-2025 20:39:12 Referencing Axis...
info:19-05-2025 20:39:27 Info: Ready To Start A Cutting Cycle ...
info:19-05-2025 20:39:28 Info: Estop Deactivate...
info:19-05-2025 20:39:28 Info: Power On...
warning:19-05-2025 20:39:29 Referencing Axis...
info:19-05-2025 20:39:48 Info: Ready To Start A Cutting Cycle ...
info:19-05-2025 20:39:50 Info: Estop Deactivate...
info:19-05-2025 20:39:50 Info: Power On...
warning:19-05-2025 20:39:51 Referencing Axis...
info:19-05-2025 20:40:13 Info: Ready To Start A Cutting Cycle ...
info:19-05-2025 20:40:14 Info: Estop Deactivate...
info:19-05-2025 20:40:14 Info: Power On...
warning:19-05-2025 20:40:15 Referencing Axis...
info:19-05-2025 20:40:31 Info: Ready To Start A Cutting Cycle ...
info:19-05-2025 20:40:32 Info: Estop Deactivate...
info:19-05-2025 20:40:32 Info: Power On...
warning:19-05-2025 20:40:33 Referencing Axis...
info:19-05-2025 20:40:46 Info: Ready To Start A Cutting Cycle ...
info:19-05-2025 20:40:47 Info: Estop Deactivate...
info:19-05-2025 20:40:47 Info: Power On...
warning:19-05-2025 20:40:47 Referencing Axis...
info:19-05-2025 20:41:02 Info: Ready To Start A Cutting Cycle ...
info:19-05-2025 20:41:04 Info: Estop Deactivate...
info:19-05-2025 20:41:04 Info: Power On...
warning:19-05-2025 20:41:05 Referencing Axis...
info:19-05-2025 20:41:24 Info: Ready To Start A Cutting Cycle ...
info:19-05-2025 20:41:25 Info: Estop Deactivate...
info:19-05-2025 20:41:26 Info: Power On...
warning:19-05-2025 20:41:27 Referencing Axis...
info:19-05-2025 20:41:40 Info: Ready To Start A Cutting Cycle ...
info:19-05-2025 20:41:41 Info: Estop Deactivate...
info:19-05-2025 20:41:41 Info: Power On...
warning:19-05-2025 20:41:42 Referencing Axis...
info:19-05-2025 20:41:58 Info: Ready To Start A Cutting Cycle ...
info:19-05-2025 20:41:59 Info: Estop Deactivate...
info:19-05-2025 20:42:00 Info: Power On...
warning:19-05-2025 20:42:00 Referencing Axis...
info:19-05-2025 20:42:19 Info: Ready To Start A Cutting Cycle ...
info:19-05-2025 20:42:20 Info: Estop Deactivate...
info:19-05-2025 20:42:20 Info: Power On...
warning:19-05-2025 20:42:21 Referencing Axis...
info:19-05-2025 20:42:52 Info: Ready To Start A Cutting Cycle ...
info:19-05-2025 20:42:53 Info: Estop Deactivate...
info:19-05-2025 20:42:54 Info: Power On...
warning:19-05-2025 20:42:54 Referencing Axis...
info:19-05-2025 20:43:11 Info: Ready To Start A Cutting Cycle ...
info:19-05-2025 20:43:12 Info: Estop Deactivate...
info:19-05-2025 20:43:13 Info: Power On...
warning:19-05-2025 20:43:13 Referencing Axis...
info:19-05-2025 20:43:31 Info: Ready To Start A Cutting Cycle ...
info:19-05-2025 20:43:32 Info: Estop Deactivate...
info:19-05-2025 20:43:32 Info: Power On...
warning:19-05-2025 20:43:33 Referencing Axis...
info:19-05-2025 20:43:49 Info: Ready To Start A Cutting Cycle ...
info:19-05-2025 20:43:50 Info: Estop Deactivate...
info:19-05-2025 20:43:50 Info: Power On...
warning:19-05-2025 20:43:51 Referencing Axis...
info:19-05-2025 20:43:54 Info: All Axes Homed...
info:19-05-2025 20:44:09 Info: Ready To Start A Cutting Cycle ...
info:19-05-2025 20:44:10 Info: Estop Deactivate...
info:19-05-2025 20:44:10 Info: Power On...
warning:19-05-2025 20:44:11 Referencing Axis...
info:19-05-2025 20:45:01 Info: Ready To Start A Cutting Cycle ...
info:19-05-2025 20:45:03 Info: Estop Deactivate...
info:19-05-2025 20:45:03 Info: Power On...
warning:19-05-2025 20:45:04 Referencing Axis...
info:19-05-2025 20:45:17 Info: Ready To Start A Cutting Cycle ...
info:19-05-2025 20:45:18 Info: Estop Deactivate...
info:19-05-2025 20:45:18 Info: Power On...
warning:19-05-2025 20:45:19 Referencing Axis...
info:19-05-2025 20:45:23 Info: Power Off...
warning:19-05-2025 20:45:24 Warning: Estop Activate...
info:19-05-2025 20:45:31 Info: Estop Deactivate...
info:19-05-2025 20:45:31 Info: Power On...
warning:19-05-2025 20:45:32 Referencing Axis...
info:19-05-2025 20:45:33 Info: Power Off...
warning:19-05-2025 20:45:59 Warning: Estop Activate...
info:19-05-2025 20:46:02 Info: Estop Deactivate...
info:19-05-2025 20:46:03 Info: Power On...
warning:19-05-2025 20:46:10 Warning: Estop Activate...
info:19-05-2025 20:46:10 Info: Power Off...
info:19-05-2025 20:46:13 Info: Estop Deactivate...
info:19-05-2025 20:46:14 Info: Power On...
warning:19-05-2025 20:46:16 Referencing Axis...
info:19-05-2025 20:46:18 Info: All Axes Homed...
info:19-05-2025 20:46:41 Info: Ready To Start A Cutting Cycle ...
info:19-05-2025 20:46:42 Info: Estop Deactivate...
info:19-05-2025 20:46:42 Info: Power On...
warning:19-05-2025 20:46:43 Referencing Axis...
info:19-05-2025 20:47:00 Info: All Axes Homed...
info:19-05-2025 20:47:13 Info: Ready To Start A Cutting Cycle ...
info:19-05-2025 20:47:15 Info: Estop Deactivate...
info:19-05-2025 20:47:15 Info: Power On...
warning:19-05-2025 20:47:16 Referencing Axis...
info:19-05-2025 20:47:34 Info: All Axes Homed...
info:19-05-2025 20:47:47 Info: Ready To Start A Cutting Cycle ...
info:19-05-2025 20:47:48 Info: Estop Deactivate...
info:19-05-2025 20:47:48 Info: Power On...
warning:19-05-2025 20:47:49 Referencing Axis...
info:19-05-2025 20:48:06 Info: All Axes Homed...
info:19-05-2025 20:48:48 Info: Ready To Start A Cutting Cycle ...
info:19-05-2025 20:48:49 Info: Estop Deactivate...
info:19-05-2025 20:48:50 Info: Power On...
warning:19-05-2025 20:48:50 Referencing Axis...
info:19-05-2025 20:49:07 Info: All Axes Homed...
info:19-05-2025 20:50:15 Info: Ready To Start A Cutting Cycle ...
info:19-05-2025 20:50:16 Info: Estop Deactivate...
info:19-05-2025 20:50:16 Info: Power On...
warning:19-05-2025 20:50:17 Referencing Axis...
info:19-05-2025 20:50:34 Info: All Axes Homed...
warning:19-05-2025 20:50:39 Referencing Axis...
warning:19-05-2025 20:50:40 Warning: 0 Axis Not Homed...
info:19-05-2025 20:50:56 Info: All Axes Homed...
info:19-05-2025 20:51:48 Info: Press Busy Hands Buttons For Move...
info:19-05-2025 20:51:51 Info: Normal Cut...
info:19-05-2025 20:52:24 Info: Ready To Start A Cutting Cycle ...
info:19-05-2025 20:52:47 Info: Ready To Start A Cutting Cycle ...
info:19-05-2025 20:52:48 Info: Estop Deactivate...
info:19-05-2025 20:52:49 Info: Power On...
warning:19-05-2025 20:52:49 Referencing Axis...
warning:19-05-2025 20:53:26 Warning: Estop Activate...
info:19-05-2025 20:53:26 Info: Power Off...
info:19-05-2025 20:53:33 Info: Estop Deactivate...
info:19-05-2025 20:53:34 Info: Power On...
warning:19-05-2025 20:53:34 Referencing Axis...
info:19-05-2025 20:53:36 Info: Power Off...
info:19-05-2025 20:53:52 Info: Ready To Start A Cutting Cycle ...
info:19-05-2025 20:53:53 Info: Estop Deactivate...
info:19-05-2025 20:53:54 Info: Power On...
warning:19-05-2025 20:53:54 Referencing Axis...
info:19-05-2025 20:53:58 Info: Power Off...
info:19-05-2025 20:54:11 Info: Ready To Start A Cutting Cycle ...
info:19-05-2025 20:54:12 Info: Estop Deactivate...
info:19-05-2025 20:54:12 Info: Power On...
warning:19-05-2025 20:54:12 Referencing Axis...
info:19-05-2025 20:54:17 Info: Power Off...
info:19-05-2025 20:54:27 Info: Ready To Start A Cutting Cycle ...
info:19-05-2025 20:54:28 Info: Estop Deactivate...
info:19-05-2025 20:54:29 Info: Power On...
warning:19-05-2025 20:54:29 Referencing Axis...
info:19-05-2025 20:54:46 Info: All Axes Homed...
info:19-05-2025 20:59:29 Info: Ready To Start A Cutting Cycle ...
info:19-05-2025 20:59:40 Info: Estop Deactivate...
info:19-05-2025 20:59:41 Info: Power On...
info:19-05-2025 20:59:48 Info: Power Off...
warning:19-05-2025 20:59:48 Warning: Estop Activate...
info:19-05-2025 20:59:49 Info: Estop Deactivate...
info:19-05-2025 20:59:49 Info: Power On...
warning:19-05-2025 20:59:50 Referencing Axis...
info:19-05-2025 20:59:53 Info: All Axes Homed...
info:19-05-2025 21:00:15 Info: Press Busy Hands Buttons For Move...
info:19-05-2025 21:00:15 Info: Normal Cut...
info:19-05-2025 21:01:08 Info: Ready To Start A Cutting Cycle ...
info:19-05-2025 21:01:52 Info: Ready To Start A Cutting Cycle ...
info:19-05-2025 21:01:53 Info: Estop Deactivate...
info:19-05-2025 21:01:54 Info: Power On...
warning:19-05-2025 21:01:54 Referencing Axis...
info:19-05-2025 21:02:02 Info: Power Off...
warning:19-05-2025 21:02:02 Warning: Estop Activate...
info:19-05-2025 21:02:08 Info: Estop Deactivate...
info:19-05-2025 21:02:08 Info: Power On...
warning:19-05-2025 21:02:09 Referencing Axis...
info:19-05-2025 21:02:13 Info: All Axes Homed...
info:19-05-2025 21:02:36 Info: Press Busy Hands Buttons For Move...
info:19-05-2025 21:02:38 Info: Normal Cut...
info:19-05-2025 21:04:30 Info: Ready To Start A Cutting Cycle ...
info:19-05-2025 21:04:40 Info: Press Busy Hands Buttons For Move...
info:19-05-2025 21:04:41 Info: Normal Cut...
info:19-05-2025 21:05:06 Info: Close Clamps ...
info:19-05-2025 21:05:40 Info: Ready To Start A Cutting Cycle ...
warning:19-05-2025 21:06:08 Warning: Estop Activate...
info:19-05-2025 21:06:08 Info: Power Off...
warning:19-05-2025 21:06:08 Warning: 0 Axis Not Homed...
info:19-05-2025 22:48:16 Info: Ready To Start A Cutting Cycle ...
info:19-05-2025 22:48:18 Info: Estop Deactivate...
info:19-05-2025 22:48:19 Info: Power On...
warning:19-05-2025 22:48:19 Referencing Axis...
info:19-05-2025 22:48:21 Info: Power Off...
info:19-05-2025 22:48:34 Info: Ready To Start A Cutting Cycle ...
info:19-05-2025 22:48:35 Info: Estop Deactivate...
info:19-05-2025 22:48:36 Info: Power On...
warning:19-05-2025 22:48:36 Referencing Axis...
info:19-05-2025 22:48:41 Info: All Axes Homed...
info:19-05-2025 22:48:53 Info: Press Busy Hands Buttons For Move...
info:19-05-2025 22:48:56 Info: Step Slide Cut...
info:19-05-2025 22:48:58 Info: Close Clamps ...
info:19-05-2025 22:49:01 Info: Press Busy Hands Buttons For Cut...
info:19-05-2025 22:49:01 Info: Cut Only Left Saw Blade...
info:19-05-2025 22:49:01 Info: Saw Blade Output Time Controlled By User...
info:19-05-2025 22:49:05 Info: Press Busy Hands Buttons For Move To Recover Length Step Slide Cut...
info:19-05-2025 22:49:08 Info: Press Busy Hands Buttons For Cut...
info:19-05-2025 22:49:09 Info: Cut Only Left Saw Blade...
info:19-05-2025 22:49:09 Info: Saw Blade Output Time Controlled By User...
info:19-05-2025 22:49:11 Info: Step Slide Cut...
info:19-05-2025 22:49:11 Info: Press Busy Hands Buttons For Move To Recover Length Step Slide Cut...
info:19-05-2025 22:49:15 Info: Press Busy Hands Buttons For Cut...
info:19-05-2025 22:49:15 Info: Cut Only Left Saw Blade...
info:19-05-2025 22:49:15 Info: Saw Blade Output Time Controlled By User...
info:19-05-2025 22:49:16 Info: Step Slide Cut...
info:19-05-2025 22:49:17 Info: Press Busy Hands Buttons For Move To Recover Length Step Slide Cut...
info:19-05-2025 22:49:20 Info: Press Busy Hands Buttons For Cut...
info:19-05-2025 22:49:20 Info: Cut Only Left Saw Blade...
info:19-05-2025 22:49:20 Info: Saw Blade Output Time Controlled By User...
info:19-05-2025 22:49:22 Info: Cut List Cmpleted...
info:19-05-2025 22:49:22 Info: Ready To Start A Cutting Cycle ...
info:19-05-2025 22:49:55 Info: Press Busy Hands Buttons For Move...
info:19-05-2025 22:49:56 Info: Step Slide Cut...
info:19-05-2025 22:49:58 Info: Close Clamps ...
info:19-05-2025 22:50:01 Info: Press Busy Hands Buttons For Cut...
info:19-05-2025 22:50:02 Info: Cut Only Left Saw Blade...
info:19-05-2025 22:50:02 Info: Saw Blade Output Time Controlled By User...
info:19-05-2025 22:50:05 Info: Press Busy Hands Buttons For Move To Recover Length Step Slide Cut...
info:19-05-2025 22:50:09 Info: Press Busy Hands Buttons For Cut...
info:19-05-2025 22:50:09 Info: Cut Only Left Saw Blade...
info:19-05-2025 22:50:09 Info: Saw Blade Output Time Controlled By User...
info:19-05-2025 22:50:11 Info: Step Slide Cut...
info:19-05-2025 22:50:11 Info: Press Busy Hands Buttons For Move To Recover Length Step Slide Cut...
info:19-05-2025 22:50:15 Info: Cut Only Left Saw Blade...
info:19-05-2025 22:50:15 Info: Saw Blade Output Time Controlled By User...
info:19-05-2025 22:50:16 Info: Step Slide Cut...
info:19-05-2025 22:50:17 Info: Press Busy Hands Buttons For Move To Recover Length Step Slide Cut...
info:19-05-2025 22:50:20 Info: Cut Only Left Saw Blade...
info:19-05-2025 22:50:20 Info: Saw Blade Output Time Controlled By User...
info:19-05-2025 22:50:22 Info: Press Busy Hands Buttons For Move...
info:19-05-2025 22:50:22 Info: Step Slide Cut...
info:19-05-2025 22:50:26 Info: Close Clamps ...
info:19-05-2025 22:50:30 Info: Press Busy Hands Buttons For Cut...
info:19-05-2025 22:50:30 Info: Cut Only Left Saw Blade...
info:19-05-2025 22:50:31 Info: Saw Blade Output Time Controlled By User...
info:19-05-2025 22:50:32 Info: Press Busy Hands Buttons For Move To Recover Length Step Slide Cut...
info:19-05-2025 22:50:35 Info: Cut Only Left Saw Blade...
info:19-05-2025 22:50:35 Info: Saw Blade Output Time Controlled By User...
info:19-05-2025 22:50:36 Info: Step Slide Cut...
info:19-05-2025 22:50:37 Info: Press Busy Hands Buttons For Move To Recover Length Step Slide Cut...
info:19-05-2025 22:50:40 Info: Cut Only Left Saw Blade...
info:19-05-2025 22:50:40 Info: Saw Blade Output Time Controlled By User...
info:19-05-2025 22:50:41 Info: Press Busy Hands Buttons For Move...
info:19-05-2025 22:50:42 Info: Step Slide Cut...
info:19-05-2025 22:50:47 Info: Close Clamps ...
info:19-05-2025 22:50:52 Info: Press Busy Hands Buttons For Cut...
info:19-05-2025 22:50:52 Info: Cut Only Left Saw Blade...
info:19-05-2025 22:50:53 Info: Saw Blade Output Time Controlled By User...
info:19-05-2025 22:50:55 Info: Press Busy Hands Buttons For Move To Recover Length Step Slide Cut...
info:19-05-2025 22:50:58 Info: Press Busy Hands Buttons For Cut...
info:19-05-2025 22:50:58 Info: Cut Only Left Saw Blade...
info:19-05-2025 22:50:58 Info: Saw Blade Output Time Controlled By User...
info:19-05-2025 22:51:00 Info: Step Slide Cut...
info:19-05-2025 22:51:00 Info: Press Busy Hands Buttons For Move To Recover Length Step Slide Cut...
info:19-05-2025 22:51:03 Info: Press Busy Hands Buttons For Cut...
info:19-05-2025 22:51:04 Info: Cut Only Left Saw Blade...
info:19-05-2025 22:51:04 Info: Saw Blade Output Time Controlled By User...
info:19-05-2025 22:51:05 Info: Press Busy Hands Buttons For Move...
info:19-05-2025 22:51:06 Info: Step Slide Cut...
info:19-05-2025 22:51:08 Info: Close Clamps ...
info:19-05-2025 22:51:10 Info: Press Busy Hands Buttons For Cut...
info:19-05-2025 22:51:11 Info: Cut Only Left Saw Blade...
info:19-05-2025 22:51:11 Info: Saw Blade Output Time Controlled By User...
info:19-05-2025 22:51:14 Info: Press Busy Hands Buttons For Move To Recover Length Step Slide Cut...
info:19-05-2025 22:51:17 Info: Cut Only Left Saw Blade...
info:19-05-2025 22:51:17 Info: Saw Blade Output Time Controlled By User...
info:19-05-2025 22:51:19 Info: Step Slide Cut...
info:19-05-2025 22:51:19 Info: Press Busy Hands Buttons For Move To Recover Length Step Slide Cut...
info:19-05-2025 22:51:22 Info: Cut Only Left Saw Blade...
info:19-05-2025 22:51:22 Info: Saw Blade Output Time Controlled By User...
info:19-05-2025 22:51:24 Info: Press Busy Hands Buttons For Move...
info:19-05-2025 22:51:24 Info: Step Slide Cut...
info:19-05-2025 22:51:27 Info: Close Clamps ...
info:19-05-2025 22:51:30 Info: Press Busy Hands Buttons For Cut...
info:19-05-2025 22:51:31 Info: Cut Only Left Saw Blade...
info:19-05-2025 22:51:31 Info: Saw Blade Output Time Controlled By User...
info:19-05-2025 22:51:34 Info: Press Busy Hands Buttons For Move To Recover Length Step Slide Cut...
info:19-05-2025 22:51:37 Info: Cut Only Left Saw Blade...
info:19-05-2025 22:51:37 Info: Saw Blade Output Time Controlled By User...
info:19-05-2025 22:51:38 Info: Step Slide Cut...
info:19-05-2025 22:51:39 Info: Press Busy Hands Buttons For Move To Recover Length Step Slide Cut...
info:19-05-2025 22:51:42 Info: Cut Only Left Saw Blade...
info:19-05-2025 22:51:42 Info: Saw Blade Output Time Controlled By User...
info:19-05-2025 22:51:43 Info: Step Slide Cut...
info:19-05-2025 22:51:44 Info: Press Busy Hands Buttons For Move To Recover Length Step Slide Cut...
info:19-05-2025 22:51:47 Info: Cut Only Left Saw Blade...
info:19-05-2025 22:51:47 Info: Saw Blade Output Time Controlled By User...
info:19-05-2025 22:51:48 Info: Press Busy Hands Buttons For Move...
info:19-05-2025 22:51:49 Info: Step Slide Cut...
info:19-05-2025 22:51:56 Info: Ready To Start A Cutting Cycle ...
info:19-05-2025 22:52:16 Info: Ready To Start A Cutting Cycle ...
info:19-05-2025 22:52:18 Info: Estop Deactivate...
info:19-05-2025 22:52:18 Info: Power On...
warning:19-05-2025 22:52:18 Referencing Axis...
info:19-05-2025 22:52:36 Info: All Axes Homed...
info:19-05-2025 22:52:57 Info: Ready To Start A Cutting Cycle ...
info:19-05-2025 22:52:58 Info: Estop Deactivate...
info:19-05-2025 22:52:59 Info: Power On...
warning:19-05-2025 22:52:59 Referencing Axis...
info:19-05-2025 22:53:17 Info: All Axes Homed...
info:19-05-2025 22:53:37 Info: Ready To Start A Cutting Cycle ...
info:19-05-2025 22:53:38 Info: Estop Deactivate...
info:19-05-2025 22:53:39 Info: Power On...
warning:19-05-2025 22:53:39 Referencing Axis...
info:19-05-2025 22:53:57 Info: All Axes Homed...
info:19-05-2025 22:54:08 Info: Ready To Start A Cutting Cycle ...
info:19-05-2025 22:54:09 Info: Estop Deactivate...
info:19-05-2025 22:54:09 Info: Power On...
warning:19-05-2025 22:54:10 Referencing Axis...
info:19-05-2025 22:54:28 Info: All Axes Homed...
info:19-05-2025 22:54:54 Info: Ready To Start A Cutting Cycle ...
info:19-05-2025 22:54:55 Info: Estop Deactivate...
info:19-05-2025 22:54:55 Info: Power On...
warning:19-05-2025 22:54:56 Referencing Axis...
info:19-05-2025 22:54:57 Info: Power Off...
info:19-05-2025 22:55:10 Info: Ready To Start A Cutting Cycle ...
info:19-05-2025 22:55:11 Info: Estop Deactivate...
info:19-05-2025 22:55:12 Info: Power On...
warning:19-05-2025 22:55:12 Referencing Axis...
info:19-05-2025 22:55:14 Info: Power Off...
info:19-05-2025 22:55:24 Info: Ready To Start A Cutting Cycle ...
info:19-05-2025 22:55:25 Info: Estop Deactivate...
info:19-05-2025 22:55:25 Info: Power On...
warning:19-05-2025 22:55:26 Referencing Axis...
info:19-05-2025 22:55:44 Info: Power Off...
info:19-05-2025 22:55:55 Info: Ready To Start A Cutting Cycle ...
info:19-05-2025 22:55:56 Info: Estop Deactivate...
info:19-05-2025 22:55:57 Info: Power On...
warning:19-05-2025 22:55:57 Referencing Axis...
info:19-05-2025 22:56:16 Info: Power Off...
info:19-05-2025 22:56:53 Info: Ready To Start A Cutting Cycle ...
info:19-05-2025 22:56:54 Info: Estop Deactivate...
info:19-05-2025 22:56:55 Info: Power On...
warning:19-05-2025 22:56:55 Referencing Axis...
info:19-05-2025 22:57:12 Info: Power Off...
info:19-05-2025 22:57:24 Info: Ready To Start A Cutting Cycle ...
info:19-05-2025 22:57:26 Info: Estop Deactivate...
info:19-05-2025 22:57:26 Info: Power On...
warning:19-05-2025 22:57:26 Referencing Axis...
info:19-05-2025 22:57:28 Info: Power Off...
info:19-05-2025 22:57:42 Info: Ready To Start A Cutting Cycle ...
info:19-05-2025 22:57:43 Info: Estop Deactivate...
info:19-05-2025 22:57:44 Info: Power On...
warning:19-05-2025 22:57:44 Referencing Axis...
info:19-05-2025 22:57:46 Info: Power Off...
info:19-05-2025 22:57:56 Info: Ready To Start A Cutting Cycle ...
info:19-05-2025 22:57:57 Info: Estop Deactivate...
info:19-05-2025 22:57:58 Info: Power On...
warning:19-05-2025 22:57:58 Referencing Axis...
info:19-05-2025 22:58:00 Info: Power Off...
info:19-05-2025 22:58:16 Info: Ready To Start A Cutting Cycle ...
info:19-05-2025 22:58:17 Info: Estop Deactivate...
info:19-05-2025 22:58:17 Info: Power On...
warning:19-05-2025 22:58:18 Referencing Axis...
info:19-05-2025 22:58:34 Info: Ready To Start A Cutting Cycle ...
info:19-05-2025 22:58:35 Info: Estop Deactivate...
info:19-05-2025 22:58:36 Info: Power On...
warning:19-05-2025 22:58:36 Referencing Axis...
info:19-05-2025 22:58:38 Info: Power Off...
info:19-05-2025 22:58:50 Info: Ready To Start A Cutting Cycle ...
info:19-05-2025 22:58:51 Info: Estop Deactivate...
info:19-05-2025 22:58:52 Info: Power On...
warning:19-05-2025 22:58:53 Referencing Axis...
info:19-05-2025 22:58:55 Info: Power Off...
info:19-05-2025 22:59:08 Info: Ready To Start A Cutting Cycle ...
info:19-05-2025 22:59:09 Info: Estop Deactivate...
info:19-05-2025 22:59:10 Info: Power On...
warning:19-05-2025 22:59:10 Referencing Axis...
info:19-05-2025 22:59:12 Info: Power Off...
info:19-05-2025 22:59:30 Info: Ready To Start A Cutting Cycle ...
info:19-05-2025 22:59:31 Info: Estop Deactivate...
info:19-05-2025 22:59:31 Info: Power On...
warning:19-05-2025 22:59:32 Referencing Axis...
info:19-05-2025 22:59:36 Info: Power Off...
info:19-05-2025 22:59:58 Info: Ready To Start A Cutting Cycle ...
info:19-05-2025 22:59:59 Info: Estop Deactivate...
info:19-05-2025 22:59:59 Info: Power On...
warning:19-05-2025 23:00:00 Referencing Axis...
info:19-05-2025 23:00:18 Info: Power Off...
info:19-05-2025 23:00:38 Info: Ready To Start A Cutting Cycle ...
info:19-05-2025 23:00:39 Info: Estop Deactivate...
info:19-05-2025 23:00:40 Info: Power On...
warning:19-05-2025 23:00:40 Referencing Axis...
info:19-05-2025 23:00:56 Info: Power Off...
info:19-05-2025 23:01:13 Info: Ready To Start A Cutting Cycle ...
info:19-05-2025 23:01:14 Info: Estop Deactivate...
info:19-05-2025 23:01:14 Info: Power On...
warning:19-05-2025 23:01:15 Referencing Axis...
info:19-05-2025 23:01:16 Info: Power Off...
info:19-05-2025 23:01:27 Info: Ready To Start A Cutting Cycle ...
info:19-05-2025 23:01:57 Info: Estop Deactivate...
info:19-05-2025 23:01:57 Info: Power On...
warning:19-05-2025 23:01:58 Referencing Axis...
info:19-05-2025 23:01:59 Info: Power Off...
info:19-05-2025 23:02:11 Info: Ready To Start A Cutting Cycle ...
info:19-05-2025 23:02:12 Info: Estop Deactivate...
info:19-05-2025 23:02:13 Info: Power On...
warning:19-05-2025 23:02:13 Referencing Axis...
info:19-05-2025 23:02:14 Info: Power Off...
info:19-05-2025 23:02:25 Info: Ready To Start A Cutting Cycle ...
info:19-05-2025 23:02:26 Info: Estop Deactivate...
info:19-05-2025 23:02:27 Info: Power On...
warning:19-05-2025 23:02:27 Referencing Axis...
info:19-05-2025 23:02:29 Info: Power Off...
info:19-05-2025 23:02:44 Info: Ready To Start A Cutting Cycle ...
info:19-05-2025 23:02:45 Info: Estop Deactivate...
info:19-05-2025 23:02:45 Info: Power On...
warning:19-05-2025 23:02:46 Referencing Axis...
info:19-05-2025 23:02:47 Info: Power Off...
info:19-05-2025 23:02:57 Info: Ready To Start A Cutting Cycle ...
info:19-05-2025 23:02:58 Info: Estop Deactivate...
info:19-05-2025 23:02:59 Info: Power On...
warning:19-05-2025 23:02:59 Referencing Axis...
info:19-05-2025 23:03:01 Info: Power Off...
info:19-05-2025 23:03:14 Info: Ready To Start A Cutting Cycle ...
info:19-05-2025 23:03:16 Info: Estop Deactivate...
info:19-05-2025 23:03:16 Info: Power On...
warning:19-05-2025 23:03:17 Referencing Axis...
info:19-05-2025 23:03:18 Info: Power Off...
info:19-05-2025 23:03:33 Info: Ready To Start A Cutting Cycle ...
info:19-05-2025 23:03:34 Info: Estop Deactivate...
info:19-05-2025 23:03:34 Info: Power On...
warning:19-05-2025 23:03:35 Referencing Axis...
info:19-05-2025 23:03:39 Info: All Axes Homed...
info:19-05-2025 23:03:52 Info: Ready To Start A Cutting Cycle ...
info:19-05-2025 23:03:53 Info: Estop Deactivate...
info:19-05-2025 23:03:54 Info: Power On...
warning:19-05-2025 23:03:54 Referencing Axis...
info:19-05-2025 23:04:13 Info: All Axes Homed...
info:19-05-2025 23:04:41 Info: Ready To Start A Cutting Cycle ...
info:19-05-2025 23:04:42 Info: Estop Deactivate...
info:19-05-2025 23:04:42 Info: Power On...
warning:19-05-2025 23:04:43 Referencing Axis...
info:19-05-2025 23:05:01 Info: All Axes Homed...
info:19-05-2025 23:05:16 Info: Ready To Start A Cutting Cycle ...
info:19-05-2025 23:05:17 Info: Estop Deactivate...
info:19-05-2025 23:05:17 Info: Power On...
warning:19-05-2025 23:05:18 Referencing Axis...
info:19-05-2025 23:05:36 Info: All Axes Homed...
warning:19-05-2025 23:05:45 Referencing Axis...
warning:19-05-2025 23:05:46 Warning: 0 Axis Not Homed...
info:19-05-2025 23:06:01 Info: Power Off...
info:19-05-2025 23:06:29 Info: Ready To Start A Cutting Cycle ...
info:19-05-2025 23:06:31 Info: Estop Deactivate...
info:19-05-2025 23:06:31 Info: Power On...
warning:19-05-2025 23:06:39 Referencing Axis...
info:19-05-2025 23:06:43 Info: All Axes Homed...
warning:19-05-2025 23:07:13 Referencing Axis...
warning:19-05-2025 23:07:14 Warning: 0 Axis Not Homed...
info:19-05-2025 23:07:31 Info: All Axes Homed...
info:19-05-2025 23:08:09 Info: Ready To Start A Cutting Cycle ...
info:19-05-2025 23:08:10 Info: Estop Deactivate...
info:19-05-2025 23:08:11 Info: Power On...
warning:19-05-2025 23:08:11 Referencing Axis...
info:19-05-2025 23:08:30 Info: All Axes Homed...
info:19-05-2025 23:08:53 Info: Ready To Start A Cutting Cycle ...
info:19-05-2025 23:08:54 Info: Estop Deactivate...
info:19-05-2025 23:08:55 Info: Power On...
warning:19-05-2025 23:08:55 Referencing Axis...
info:19-05-2025 23:09:13 Info: All Axes Homed...
warning:19-05-2025 23:09:18 Referencing Axis...
warning:19-05-2025 23:09:19 Warning: 0 Axis Not Homed...
info:19-05-2025 23:09:36 Info: All Axes Homed...
info:19-05-2025 23:10:02 Info: Ready To Start A Cutting Cycle ...
info:19-05-2025 23:10:04 Info: Estop Deactivate...
info:19-05-2025 23:10:04 Info: Power On...
warning:19-05-2025 23:10:05 Referencing Axis...
info:19-05-2025 23:10:06 Info: Power Off...
info:19-05-2025 23:10:26 Info: Ready To Start A Cutting Cycle ...
info:19-05-2025 23:10:27 Info: Estop Deactivate...
info:19-05-2025 23:10:28 Info: Power On...
warning:19-05-2025 23:10:29 Referencing Axis...
info:19-05-2025 23:11:09 Info: Ready To Start A Cutting Cycle ...
info:19-05-2025 23:11:12 Info: Estop Deactivate...
info:19-05-2025 23:11:13 Info: Power On...
warning:19-05-2025 23:11:13 Referencing Axis...
info:19-05-2025 23:11:15 Info: Power Off...
info:19-05-2025 23:11:32 Info: Ready To Start A Cutting Cycle ...
info:19-05-2025 23:11:34 Info: Estop Deactivate...
info:19-05-2025 23:11:34 Info: Power On...
warning:19-05-2025 23:11:35 Referencing Axis...
info:19-05-2025 23:11:47 Info: All Axes Homed...
warning:19-05-2025 23:11:54 Referencing Axis...
warning:19-05-2025 23:11:55 Warning: 0 Axis Not Homed...
info:19-05-2025 23:12:12 Info: All Axes Homed...
info:19-05-2025 23:12:20 Info: Ready To Start A Cutting Cycle ...
info:19-05-2025 23:12:21 Info: Estop Deactivate...
info:19-05-2025 23:12:21 Info: Power On...
warning:19-05-2025 23:12:22 Referencing Axis...
info:19-05-2025 23:12:38 Info: Power Off...
info:19-05-2025 23:12:55 Info: Ready To Start A Cutting Cycle ...
info:19-05-2025 23:12:56 Info: Estop Deactivate...
info:19-05-2025 23:12:56 Info: Power On...
warning:19-05-2025 23:12:57 Referencing Axis...
info:19-05-2025 23:12:58 Info: Power Off...
info:19-05-2025 23:13:08 Info: Ready To Start A Cutting Cycle ...
info:19-05-2025 23:13:11 Info: Estop Deactivate...
info:19-05-2025 23:13:12 Info: Power On...
warning:19-05-2025 23:13:12 Referencing Axis...
info:19-05-2025 23:14:15 Info: Power Off...
warning:19-05-2025 23:14:15 Warning: Estop Activate...
info:19-05-2025 23:15:31 Info: Estop Deactivate...
info:19-05-2025 23:15:32 Info: Power On...
warning:19-05-2025 23:15:32 Referencing Axis...
info:19-05-2025 23:15:34 Info: Power Off...
info:19-05-2025 23:15:56 Info: Ready To Start A Cutting Cycle ...
info:19-05-2025 23:15:57 Info: Estop Deactivate...
info:19-05-2025 23:15:58 Info: Power On...
warning:19-05-2025 23:15:58 Referencing Axis...
info:19-05-2025 23:16:00 Info: Power Off...
info:19-05-2025 23:16:09 Info: Ready To Start A Cutting Cycle ...
info:19-05-2025 23:16:10 Info: Estop Deactivate...
info:19-05-2025 23:16:11 Info: Power On...
warning:19-05-2025 23:16:11 Referencing Axis...
info:19-05-2025 23:16:12 Info: Power Off...
info:19-05-2025 23:16:24 Info: Ready To Start A Cutting Cycle ...
info:19-05-2025 23:16:25 Info: Estop Deactivate...
info:19-05-2025 23:16:26 Info: Power On...
warning:19-05-2025 23:16:26 Referencing Axis...
info:19-05-2025 23:16:30 Info: All Axes Homed...
info:19-05-2025 23:16:45 Info: Ready To Start A Cutting Cycle ...
info:19-05-2025 23:16:52 Info: Estop Deactivate...
info:19-05-2025 23:16:53 Info: Power On...
warning:19-05-2025 23:17:19 Referencing Axis...
info:19-05-2025 23:17:23 Info: All Axes Homed...
info:19-05-2025 23:17:50 Info: Ready To Start A Cutting Cycle ...
info:19-05-2025 23:17:52 Info: Estop Deactivate...
info:19-05-2025 23:17:59 Info: Power On...
info:19-05-2025 23:18:01 Info: Power Off...
warning:19-05-2025 23:18:06 Warning: Estop Activate...
info:19-05-2025 23:18:09 Info: Estop Deactivate...
info:19-05-2025 23:18:10 Info: Power On...
warning:19-05-2025 23:18:33 Referencing Axis...
info:19-05-2025 23:18:35 Info: Power Off...
info:19-05-2025 23:19:13 Info: Ready To Start A Cutting Cycle ...
info:19-05-2025 23:19:14 Info: Estop Deactivate...
info:19-05-2025 23:19:15 Info: Power On...
warning:19-05-2025 23:19:30 Referencing Axis...
info:19-05-2025 23:19:31 Info: Power Off...
info:19-05-2025 23:19:57 Info: Ready To Start A Cutting Cycle ...
info:19-05-2025 23:19:59 Info: Estop Deactivate...
info:19-05-2025 23:19:59 Info: Power On...
warning:19-05-2025 23:20:07 Referencing Axis...
info:19-05-2025 23:20:08 Info: Power Off...
info:19-05-2025 23:20:43 Info: Ready To Start A Cutting Cycle ...
info:19-05-2025 23:20:44 Info: Estop Deactivate...
info:19-05-2025 23:20:45 Info: Power On...
warning:19-05-2025 23:20:56 Referencing Axis...
info:19-05-2025 23:20:58 Info: Power Off...
info:19-05-2025 23:21:19 Info: Ready To Start A Cutting Cycle ...
info:19-05-2025 23:21:21 Info: Estop Deactivate...
info:19-05-2025 23:21:21 Info: Power On...
warning:19-05-2025 23:21:22 Referencing Axis...
info:19-05-2025 23:21:23 Info: Power Off...
info:19-05-2025 23:21:39 Info: Ready To Start A Cutting Cycle ...
info:19-05-2025 23:21:40 Info: Estop Deactivate...
info:19-05-2025 23:21:40 Info: Power On...
warning:19-05-2025 23:21:41 Referencing Axis...
info:19-05-2025 23:21:42 Info: Power Off...
info:19-05-2025 23:21:53 Info: Ready To Start A Cutting Cycle ...
info:19-05-2025 23:21:54 Info: Estop Deactivate...
info:19-05-2025 23:21:54 Info: Power On...
warning:19-05-2025 23:21:55 Referencing Axis...
info:19-05-2025 23:22:30 Info: Ready To Start A Cutting Cycle ...
info:19-05-2025 23:22:32 Info: Estop Deactivate...
info:19-05-2025 23:22:32 Info: Power On...
warning:19-05-2025 23:22:32 Referencing Axis...
info:19-05-2025 23:22:36 Info: Power Off...
info:19-05-2025 23:22:49 Info: Ready To Start A Cutting Cycle ...
info:19-05-2025 23:22:58 Info: Estop Deactivate...
info:19-05-2025 23:22:58 Info: Power On...
warning:19-05-2025 23:23:10 Referencing Axis...
info:19-05-2025 23:23:14 Info: Power Off...
info:19-05-2025 23:23:36 Info: Ready To Start A Cutting Cycle ...
info:19-05-2025 23:23:38 Info: Estop Deactivate...
info:19-05-2025 23:23:38 Info: Power On...
warning:19-05-2025 23:23:53 Referencing Axis...
info:19-05-2025 23:24:10 Info: Power Off...
info:19-05-2025 23:24:25 Info: Ready To Start A Cutting Cycle ...
info:19-05-2025 23:24:26 Info: Estop Deactivate...
info:19-05-2025 23:24:27 Info: Power On...
warning:19-05-2025 23:24:27 Referencing Axis...
info:19-05-2025 23:24:29 Info: Power Off...
info:19-05-2025 23:24:40 Info: Ready To Start A Cutting Cycle ...
info:19-05-2025 23:24:42 Info: Estop Deactivate...
info:19-05-2025 23:24:42 Info: Power On...
warning:19-05-2025 23:24:42 Referencing Axis...
info:19-05-2025 23:24:44 Info: Power Off...
info:19-05-2025 23:25:00 Info: Ready To Start A Cutting Cycle ...
info:19-05-2025 23:25:02 Info: Estop Deactivate...
info:19-05-2025 23:25:02 Info: Power On...
warning:19-05-2025 23:25:02 Referencing Axis...
info:19-05-2025 23:25:04 Info: Power Off...
info:19-05-2025 23:25:19 Info: Ready To Start A Cutting Cycle ...
info:19-05-2025 23:25:21 Info: Estop Deactivate...
info:19-05-2025 23:25:21 Info: Power On...
warning:19-05-2025 23:25:21 Referencing Axis...
info:19-05-2025 23:25:34 Info: Ready To Start A Cutting Cycle ...
info:19-05-2025 23:25:35 Info: Estop Deactivate...
info:19-05-2025 23:25:35 Info: Power On...
warning:19-05-2025 23:25:36 Referencing Axis...
info:19-05-2025 23:25:40 Info: All Axes Homed...
info:19-05-2025 23:25:56 Info: Power Off...
warning:19-05-2025 23:25:56 Warning: 0 Axis Not Homed...
warning:19-05-2025 23:26:03 Warning: Estop Activate...
info:19-05-2025 23:26:08 Info: Estop Deactivate...
info:19-05-2025 23:26:09 Info: Power On...
warning:19-05-2025 23:26:15 Referencing Axis...
info:19-05-2025 23:26:19 Info: All Axes Homed...
info:19-05-2025 23:26:44 Info: Ready To Start A Cutting Cycle ...
info:19-05-2025 23:26:46 Info: Estop Deactivate...
info:19-05-2025 23:26:47 Info: Power On...
warning:19-05-2025 23:26:48 Referencing Axis...
info:19-05-2025 23:27:06 Info: All Axes Homed...
info:19-05-2025 23:27:33 Info: Ready To Start A Cutting Cycle ...
info:19-05-2025 23:27:35 Info: Estop Deactivate...
info:19-05-2025 23:27:35 Info: Power On...
warning:19-05-2025 23:27:36 Referencing Axis...
info:19-05-2025 23:27:54 Info: All Axes Homed...
warning:19-05-2025 23:28:03 Referencing Axis...
warning:19-05-2025 23:28:04 Warning: 0 Axis Not Homed...
info:19-05-2025 23:28:21 Info: All Axes Homed...
info:19-05-2025 23:28:48 Info: Ready To Start A Cutting Cycle ...
info:19-05-2025 23:28:49 Info: Estop Deactivate...
info:19-05-2025 23:28:50 Info: Power On...
warning:19-05-2025 23:28:50 Referencing Axis...
info:19-05-2025 23:29:09 Info: All Axes Homed...
info:19-05-2025 23:29:33 Info: Ready To Start A Cutting Cycle ...
info:19-05-2025 23:29:34 Info: Estop Deactivate...
info:19-05-2025 23:29:35 Info: Power On...
warning:19-05-2025 23:29:36 Referencing Axis...
info:19-05-2025 23:29:55 Info: All Axes Homed...
info:19-05-2025 23:30:21 Info: Ready To Start A Cutting Cycle ...
info:19-05-2025 23:30:23 Info: Estop Deactivate...
info:19-05-2025 23:30:23 Info: Power On...
warning:19-05-2025 23:30:24 Referencing Axis...
info:19-05-2025 23:30:42 Info: All Axes Homed...
info:19-05-2025 23:31:05 Info: Ready To Start A Cutting Cycle ...
info:19-05-2025 23:31:07 Info: Estop Deactivate...
info:19-05-2025 23:31:07 Info: Power On...
warning:19-05-2025 23:31:08 Referencing Axis...
info:19-05-2025 23:31:26 Info: Power Off...
warning:19-05-2025 23:31:35 Warning: Estop Activate...
info:19-05-2025 23:31:40 Info: Estop Deactivate...
info:19-05-2025 23:31:41 Info: Power On...
warning:19-05-2025 23:31:41 Referencing Axis...
info:19-05-2025 23:31:46 Info: All Axes Homed...
info:19-05-2025 23:32:04 Info: Ready To Start A Cutting Cycle ...
info:19-05-2025 23:32:05 Info: Estop Deactivate...
info:19-05-2025 23:32:05 Info: Power On...
warning:19-05-2025 23:32:10 Warning: Estop Activate...
info:19-05-2025 23:32:10 Info: Power Off...
info:19-05-2025 23:32:22 Info: Estop Deactivate...
info:19-05-2025 23:32:23 Info: Power On...
warning:19-05-2025 23:32:29 Referencing Axis...
info:19-05-2025 23:32:33 Info: All Axes Homed...
info:19-05-2025 23:33:00 Info: Ready To Start A Cutting Cycle ...
info:19-05-2025 23:33:01 Info: Estop Deactivate...
info:19-05-2025 23:33:02 Info: Power On...
warning:19-05-2025 23:33:11 Referencing Axis...
info:19-05-2025 23:33:30 Info: All Axes Homed...
info:19-05-2025 23:34:00 Info: Ready To Start A Cutting Cycle ...
info:19-05-2025 23:34:01 Info: Estop Deactivate...
info:19-05-2025 23:34:03 Info: Power On...
warning:19-05-2025 23:34:10 Referencing Axis...
info:19-05-2025 23:34:28 Info: All Axes Homed...
warning:19-05-2025 23:34:43 Warning: Estop Activate...
info:19-05-2025 23:34:43 Info: Power Off...
warning:19-05-2025 23:34:43 Warning: 0 Axis Not Homed...
info:19-05-2025 23:34:49 Info: Estop Deactivate...
info:19-05-2025 23:34:49 Info: Power On...
warning:19-05-2025 23:34:50 Referencing Axis...
info:19-05-2025 23:34:54 Info: All Axes Homed...
info:19-05-2025 23:35:25 Info: Ready To Start A Cutting Cycle ...
info:19-05-2025 23:35:26 Info: Estop Deactivate...
info:19-05-2025 23:35:27 Info: Power On...
warning:19-05-2025 23:35:30 Warning: Estop Activate...
info:19-05-2025 23:35:30 Info: Power Off...
info:19-05-2025 23:35:40 Info: Estop Deactivate...
info:19-05-2025 23:35:40 Info: Power On...
warning:19-05-2025 23:35:42 Referencing Axis...
info:19-05-2025 23:35:45 Info: All Axes Homed...
warning:19-05-2025 23:35:59 Referencing Axis...
warning:19-05-2025 23:36:01 Warning: 0 Axis Not Homed...
info:19-05-2025 23:36:18 Info: All Axes Homed...
warning:19-05-2025 23:36:26 Referencing Axis...
warning:19-05-2025 23:36:27 Warning: 0 Axis Not Homed...
info:19-05-2025 23:36:44 Info: All Axes Homed...
info:19-05-2025 23:37:22 Info: Ready To Start A Cutting Cycle ...
info:19-05-2025 23:37:24 Info: Estop Deactivate...
info:19-05-2025 23:37:32 Info: Power On...
warning:19-05-2025 23:37:33 Referencing Axis...
info:19-05-2025 23:37:51 Info: All Axes Homed...
info:19-05-2025 23:38:17 Info: Ready To Start A Cutting Cycle ...
info:19-05-2025 23:38:18 Info: Estop Deactivate...
info:19-05-2025 23:38:18 Info: Power On...
warning:19-05-2025 23:38:19 Referencing Axis...
info:19-05-2025 23:38:37 Info: All Axes Homed...
info:19-05-2025 23:39:23 Info: Ready To Start A Cutting Cycle ...
info:19-05-2025 23:39:25 Info: Estop Deactivate...
info:19-05-2025 23:39:25 Info: Power On...
warning:19-05-2025 23:39:26 Referencing Axis...
info:19-05-2025 23:39:44 Info: All Axes Homed...
info:19-05-2025 23:40:07 Info: Ready To Start A Cutting Cycle ...
info:19-05-2025 23:40:08 Info: Estop Deactivate...
info:19-05-2025 23:40:09 Info: Power On...
warning:19-05-2025 23:40:10 Referencing Axis...
info:19-05-2025 23:40:28 Info: All Axes Homed...
info:19-05-2025 23:41:20 Info: Ready To Start A Cutting Cycle ...
info:19-05-2025 23:41:21 Info: Estop Deactivate...
info:19-05-2025 23:41:22 Info: Power On...
warning:19-05-2025 23:41:22 Referencing Axis...
info:19-05-2025 23:41:41 Info: All Axes Homed...
info:19-05-2025 23:42:03 Info: Press Busy Hands Buttons For Move...
info:19-05-2025 23:42:05 Info: Step Slide Cut...
info:19-05-2025 23:42:07 Info: Close Clamps ...
info:19-05-2025 23:42:09 Info: Press Busy Hands Buttons For Cut...
info:19-05-2025 23:42:10 Info: Cut Only Left Saw Blade...
info:19-05-2025 23:42:10 Info: Saw Blade Output Time Controlled By User...
info:19-05-2025 23:42:13 Info: Press Busy Hands Buttons For Move To Recover Length Step Slide Cut...
info:19-05-2025 23:42:16 Info: Press Busy Hands Buttons For Cut...
info:19-05-2025 23:42:18 Info: Cut Only Left Saw Blade...
info:19-05-2025 23:42:18 Info: Saw Blade Output Time Controlled By User...
info:19-05-2025 23:42:20 Info: Step Slide Cut...
info:19-05-2025 23:42:20 Info: Press Busy Hands Buttons For Move To Recover Length Step Slide Cut...
info:19-05-2025 23:42:24 Info: Press Busy Hands Buttons For Cut...
info:19-05-2025 23:42:25 Info: Cut Only Left Saw Blade...
info:19-05-2025 23:42:25 Info: Saw Blade Output Time Controlled By User...
info:19-05-2025 23:42:27 Info: Step Slide Cut...
info:19-05-2025 23:42:27 Info: Press Busy Hands Buttons For Move To Recover Length Step Slide Cut...
info:19-05-2025 23:42:32 Info: Press Busy Hands Buttons For Cut...
info:19-05-2025 23:42:33 Info: Cut Only Left Saw Blade...
info:19-05-2025 23:42:33 Info: Saw Blade Output Time Controlled By User...
info:19-05-2025 23:42:35 Info: Cut List Cmpleted...
info:19-05-2025 23:42:35 Info: Ready To Start A Cutting Cycle ...
info:19-05-2025 23:43:28 Info: Ready To Start A Cutting Cycle ...
info:19-05-2025 23:43:29 Info: Estop Deactivate...
info:19-05-2025 23:43:38 Info: Power On...
warning:19-05-2025 23:43:39 Referencing Axis...
info:19-05-2025 23:44:00 Info: All Axes Homed...
info:19-05-2025 23:44:31 Info: Ready To Start A Cutting Cycle ...
info:19-05-2025 23:44:51 Info: Ready To Start A Cutting Cycle ...
info:19-05-2025 23:44:53 Info: Estop Deactivate...
info:19-05-2025 23:44:54 Info: Power On...
warning:19-05-2025 23:44:54 Referencing Axis...
info:19-05-2025 23:45:12 Info: All Axes Homed...
warning:19-05-2025 23:45:16 Referencing Axis...
warning:19-05-2025 23:45:17 Warning: 0 Axis Not Homed...
info:19-05-2025 23:46:03 Info: Ready To Start A Cutting Cycle ...
info:19-05-2025 23:46:05 Info: Estop Deactivate...
info:19-05-2025 23:46:06 Info: Power On...
warning:19-05-2025 23:46:06 Referencing Axis...
info:19-05-2025 23:46:11 Info: All Axes Homed...
warning:19-05-2025 23:46:21 Referencing Axis...
warning:19-05-2025 23:46:22 Warning: 0 Axis Not Homed...
info:19-05-2025 23:46:39 Info: All Axes Homed...
info:19-05-2025 23:47:18 Info: Ready To Start A Cutting Cycle ...
info:19-05-2025 23:47:19 Info: Estop Deactivate...
info:19-05-2025 23:47:20 Info: Power On...
warning:19-05-2025 23:47:20 Referencing Axis...
info:19-05-2025 23:47:39 Info: All Axes Homed...
info:19-05-2025 23:47:57 Info: Ready To Start A Cutting Cycle ...
info:19-05-2025 23:47:58 Info: Estop Deactivate...
info:19-05-2025 23:47:59 Info: Power On...
warning:19-05-2025 23:47:59 Referencing Axis...
info:19-05-2025 23:48:18 Info: All Axes Homed...
info:19-05-2025 23:48:34 Info: Ready To Start A Cutting Cycle ...
info:19-05-2025 23:48:36 Info: Estop Deactivate...
info:19-05-2025 23:48:36 Info: Power On...
warning:19-05-2025 23:48:37 Referencing Axis...
info:19-05-2025 23:48:55 Info: All Axes Homed...
warning:19-05-2025 23:49:06 Referencing Axis...
warning:19-05-2025 23:49:07 Warning: 0 Axis Not Homed...
info:19-05-2025 23:49:24 Info: All Axes Homed...
info:19-05-2025 23:49:53 Info: Ready To Start A Cutting Cycle ...
info:19-05-2025 23:49:54 Info: Estop Deactivate...
info:19-05-2025 23:49:54 Info: Power On...
warning:19-05-2025 23:49:55 Referencing Axis...
info:19-05-2025 23:50:13 Info: All Axes Homed...
warning:19-05-2025 23:50:20 Referencing Axis...
warning:19-05-2025 23:50:21 Warning: 0 Axis Not Homed...
info:19-05-2025 23:50:38 Info: All Axes Homed...
warning:19-05-2025 23:50:39 Referencing Axis...
warning:19-05-2025 23:50:40 Referencing Axis...
warning:19-05-2025 23:50:41 Warning: 0 Axis Not Homed...
info:19-05-2025 23:50:58 Info: All Axes Homed...
info:19-05-2025 23:52:31 Info: Ready To Start A Cutting Cycle ...
info:19-05-2025 23:52:32 Info: Estop Deactivate...
info:19-05-2025 23:52:32 Info: Power On...
warning:19-05-2025 23:52:33 Referencing Axis...
info:19-05-2025 23:52:51 Info: All Axes Homed...
info:19-05-2025 23:53:25 Info: Press Busy Hands Buttons For Move...
info:19-05-2025 23:53:27 Info: Normal Cut...
info:19-05-2025 23:53:43 Info: Ready To Start A Cutting Cycle ...
info:19-05-2025 23:53:45 Info: Estop Deactivate...
info:19-05-2025 23:53:45 Info: Power On...
info:19-05-2025 23:53:49 Info: Power Off...
warning:19-05-2025 23:53:50 Warning: Estop Activate...
info:19-05-2025 23:53:55 Info: Estop Deactivate...
info:19-05-2025 23:53:56 Info: Power On...
warning:19-05-2025 23:53:56 Referencing Axis...
info:19-05-2025 23:54:00 Info: All Axes Homed...
info:19-05-2025 23:55:17 Info: Ready To Start A Cutting Cycle ...
info:19-05-2025 23:55:18 Info: Estop Deactivate...
info:19-05-2025 23:55:18 Info: Power On...
warning:19-05-2025 23:55:28 Referencing Axis...
info:19-05-2025 23:55:30 Info: Power Off...
info:19-05-2025 23:56:02 Info: Ready To Start A Cutting Cycle ...
info:19-05-2025 23:56:04 Info: Estop Deactivate...
info:19-05-2025 23:56:04 Info: Power On...
warning:19-05-2025 23:56:05 Referencing Axis...
info:19-05-2025 23:56:07 Info: Power Off...
info:19-05-2025 23:58:12 Info: Ready To Start A Cutting Cycle ...
info:19-05-2025 23:58:13 Info: Estop Deactivate...
info:19-05-2025 23:58:13 Info: Power On...
warning:19-05-2025 23:58:14 Referencing Axis...
info:19-05-2025 23:58:15 Info: Power Off...
info:19-05-2025 23:58:38 Info: Ready To Start A Cutting Cycle ...
info:19-05-2025 23:58:40 Info: Estop Deactivate...
info:19-05-2025 23:58:40 Info: Power On...
warning:19-05-2025 23:58:40 Referencing Axis...
info:19-05-2025 23:58:44 Info: All Axes Homed...
