info:31-05-2025 21:29:50 Info: Ready To Start A Cutting Cycle ...
info:31-05-2025 21:29:54 Info: Estop Deactivate...
info:31-05-2025 21:29:55 Info: Power On...
warning:31-05-2025 21:29:56 Referencing Axis...
info:31-05-2025 21:30:00 Info: All Axes Homed...
info:31-05-2025 21:44:21 Info: Ready To Start A Cutting Cycle ...
info:31-05-2025 21:44:22 Info: Estop Deactivate...
info:31-05-2025 21:44:23 Info: Power On...
warning:31-05-2025 21:44:24 Referencing Axis...
info:31-05-2025 21:46:37 Info: Ready To Start A Cutting Cycle ...
info:31-05-2025 21:46:38 Info: Estop Deactivate...
info:31-05-2025 21:46:38 Info: Power On...
warning:31-05-2025 21:46:39 Referencing Axis...
info:31-05-2025 21:48:32 Info: Ready To Start A Cutting Cycle ...
info:31-05-2025 21:48:33 Info: Estop Deactivate...
info:31-05-2025 21:48:34 Info: Power On...
warning:31-05-2025 21:48:35 Referencing Axis...
info:31-05-2025 21:55:33 Info: Ready To Start A Cutting Cycle ...
info:31-05-2025 21:55:34 Info: Estop Deactivate...
info:31-05-2025 21:55:34 Info: Power On...
warning:31-05-2025 21:55:35 Referencing Axis...
info:31-05-2025 21:55:53 Info: Ready To Start A Cutting Cycle ...
info:31-05-2025 21:55:54 Info: Estop Deactivate...
info:31-05-2025 21:55:55 Info: Power On...
warning:31-05-2025 21:55:55 Referencing Axis...
info:31-05-2025 21:56:37 Info: Ready To Start A Cutting Cycle ...
info:31-05-2025 21:56:42 Info: Estop Deactivate...
info:31-05-2025 21:56:43 Info: Power On...
warning:31-05-2025 21:57:03 Warning: Estop Activate...
info:31-05-2025 21:57:03 Info: Power Off...
info:31-05-2025 21:57:14 Info: Estop Deactivate...
info:31-05-2025 21:57:14 Info: Power On...
info:31-05-2025 21:57:18 Info: Power Off...
warning:31-05-2025 21:57:18 Warning: Estop Activate...
info:31-05-2025 21:57:36 Info: Estop Deactivate...
info:31-05-2025 21:57:36 Info: Power On...
warning:31-05-2025 21:57:37 Referencing Axis...
info:31-05-2025 21:57:46 Info: Ready To Start A Cutting Cycle ...
info:31-05-2025 21:57:48 Info: Estop Deactivate...
info:31-05-2025 21:57:48 Info: Power On...
info:31-05-2025 21:58:22 Info: Ready To Start A Cutting Cycle ...
info:31-05-2025 21:58:28 Info: Estop Deactivate...
info:31-05-2025 21:58:29 Info: Power On...
warning:31-05-2025 21:58:35 Referencing Axis...
info:31-05-2025 22:06:08 Info: Ready To Start A Cutting Cycle ...
info:31-05-2025 22:06:16 Info: Estop Deactivate...
info:31-05-2025 22:06:16 Info: Power On...
warning:31-05-2025 22:06:18 Referencing Axis...
info:31-05-2025 22:06:54 Info: Ready To Start A Cutting Cycle ...
info:31-05-2025 22:06:55 Info: Estop Deactivate...
info:31-05-2025 22:06:56 Info: Power On...
warning:31-05-2025 22:07:41 Referencing Axis...
info:31-05-2025 22:08:49 Info: Ready To Start A Cutting Cycle ...
info:31-05-2025 22:09:01 Info: Estop Deactivate...
info:31-05-2025 22:09:01 Info: Power On...
info:31-05-2025 22:09:05 Info: Power Off...
warning:31-05-2025 22:09:05 Warning: Estop Activate...
info:31-05-2025 22:09:23 Info: Estop Deactivate...
warning:31-05-2025 22:09:27 Warning: Estop Activate...
info:31-05-2025 22:09:39 Info: Estop Deactivate...
info:31-05-2025 22:09:43 Info: Power On...
warning:31-05-2025 22:09:44 Referencing Axis...
info:31-05-2025 22:10:56 Info: Ready To Start A Cutting Cycle ...
info:31-05-2025 22:10:57 Info: Estop Deactivate...
info:31-05-2025 22:10:58 Info: Power On...
warning:31-05-2025 22:10:59 Referencing Axis...
info:31-05-2025 22:11:19 Info: All Axes Homed...
info:31-05-2025 22:12:17 Info: Ready To Start A Cutting Cycle ...
info:31-05-2025 22:12:20 Info: Estop Deactivate...
info:31-05-2025 22:13:08 Info: Ready To Start A Cutting Cycle ...
info:31-05-2025 22:13:09 Info: Estop Deactivate...
info:31-05-2025 22:13:09 Info: Power On...
warning:31-05-2025 22:13:10 Referencing Axis...
info:31-05-2025 22:13:31 Info: All Axes Homed...
info:31-05-2025 22:14:01 Info: Ready To Start A Cutting Cycle ...
info:31-05-2025 22:14:03 Info: Estop Deactivate...
info:31-05-2025 22:14:03 Info: Power On...
warning:31-05-2025 22:14:09 Referencing Axis...
info:31-05-2025 22:21:10 Info: Ready To Start A Cutting Cycle ...
info:31-05-2025 22:21:11 Info: Estop Deactivate...
info:31-05-2025 22:21:11 Info: Power On...
warning:31-05-2025 22:21:12 Referencing Axis...
info:31-05-2025 22:38:32 Info: Ready To Start A Cutting Cycle ...
info:31-05-2025 22:38:55 Info: Estop Deactivate...
info:31-05-2025 22:38:56 Info: Power On...
info:31-05-2025 22:39:09 Info: Power Off...
warning:31-05-2025 22:39:09 Warning: Estop Activate...
info:31-05-2025 22:39:17 Info: Estop Deactivate...
warning:31-05-2025 22:39:18 Warning: Estop Activate...
info:31-05-2025 22:39:18 Info: Estop Deactivate...
info:31-05-2025 22:39:23 Info: Power On...
warning:31-05-2025 22:39:24 Referencing Axis...
info:31-05-2025 22:40:20 Info: Ready To Start A Cutting Cycle ...
info:31-05-2025 22:40:35 Info: Estop Deactivate...
info:31-05-2025 22:40:36 Info: Power On...
warning:31-05-2025 22:40:36 Referencing Axis...
info:31-05-2025 22:40:48 Info: All Axes Homed...
info:31-05-2025 22:42:31 Info: Ready To Start A Cutting Cycle ...
info:31-05-2025 22:42:42 Info: Estop Deactivate...
info:31-05-2025 22:42:43 Info: Power On...
warning:31-05-2025 22:42:43 Referencing Axis...
info:31-05-2025 22:43:04 Info: All Axes Homed...
info:31-05-2025 22:45:32 Info: Ready To Start A Cutting Cycle ...
info:31-05-2025 22:45:34 Info: Estop Deactivate...
info:31-05-2025 22:45:34 Info: Power On...
warning:31-05-2025 22:45:35 Referencing Axis...
info:31-05-2025 22:46:14 Info: All Axes Homed...
info:31-05-2025 22:49:12 Info: Ready To Start A Cutting Cycle ...
info:31-05-2025 22:49:14 Info: Estop Deactivate...
info:31-05-2025 22:49:14 Info: Power On...
warning:31-05-2025 22:49:16 Referencing Axis...
info:31-05-2025 22:49:53 Info: All Axes Homed...
info:31-05-2025 22:52:30 Info: Ready To Start A Cutting Cycle ...
info:31-05-2025 22:52:31 Info: Estop Deactivate...
info:31-05-2025 22:52:32 Info: Power On...
warning:31-05-2025 22:52:32 Referencing Axis...
info:31-05-2025 22:53:19 Info: Ready To Start A Cutting Cycle ...
info:31-05-2025 22:53:20 Info: Estop Deactivate...
info:31-05-2025 22:53:21 Info: Power On...
warning:31-05-2025 22:53:27 Referencing Axis...
info:31-05-2025 22:53:59 Info: All Axes Homed...
info:31-05-2025 22:54:58 Info: Ready To Start A Cutting Cycle ...
info:31-05-2025 22:54:59 Info: Estop Deactivate...
info:31-05-2025 22:55:00 Info: Power On...
warning:31-05-2025 22:55:02 Referencing Axis...
info:31-05-2025 22:55:59 Info: All Axes Homed...
info:31-05-2025 22:58:21 Info: Ready To Start A Cutting Cycle ...
info:31-05-2025 22:58:22 Info: Estop Deactivate...
info:31-05-2025 22:58:22 Info: Power On...
warning:31-05-2025 22:58:23 Referencing Axis...
info:31-05-2025 22:58:55 Info: All Axes Homed...
info:31-05-2025 23:00:05 Info: Ready To Start A Cutting Cycle ...
info:31-05-2025 23:00:07 Info: Estop Deactivate...
info:31-05-2025 23:00:07 Info: Power On...
warning:31-05-2025 23:00:08 Referencing Axis...
info:31-05-2025 23:00:44 Info: All Axes Homed...
info:31-05-2025 23:01:31 Info: Ready To Start A Cutting Cycle ...
info:31-05-2025 23:01:32 Info: Estop Deactivate...
info:31-05-2025 23:01:32 Info: Power On...
warning:31-05-2025 23:01:33 Referencing Axis...
info:31-05-2025 23:02:24 Info: All Axes Homed...
info:31-05-2025 23:02:59 Info: Ready To Start A Cutting Cycle ...
info:31-05-2025 23:03:01 Info: Estop Deactivate...
info:31-05-2025 23:03:01 Info: Power On...
warning:31-05-2025 23:03:22 Referencing Axis...
info:31-05-2025 23:04:21 Info: Ready To Start A Cutting Cycle ...
info:31-05-2025 23:04:24 Info: Estop Deactivate...
warning:31-05-2025 23:04:33 Warning: Estop Activate...
info:31-05-2025 23:04:34 Info: Estop Deactivate...
info:31-05-2025 23:04:34 Info: Power On...
warning:31-05-2025 23:04:36 Referencing Axis...
info:31-05-2025 23:05:03 Info: All Axes Homed...
info:31-05-2025 23:12:55 Info: Ready To Start A Cutting Cycle ...
info:31-05-2025 23:12:56 Info: Estop Deactivate...
info:31-05-2025 23:12:56 Info: Power On...
warning:31-05-2025 23:12:57 Referencing Axis...
info:31-05-2025 23:13:14 Info: All Axes Homed...
info:31-05-2025 23:14:14 Info: Press Busy Hands Buttons For Move...
info:31-05-2025 23:14:16 Info: Normal Cut...
info:31-05-2025 23:14:22 Info: Close Clamps ...
info:31-05-2025 23:14:43 Info: Ready To Start A Cutting Cycle ...
info:31-05-2025 23:15:44 Info: Ready To Start A Cutting Cycle ...
info:31-05-2025 23:15:45 Info: Estop Deactivate...
info:31-05-2025 23:15:46 Info: Power On...
warning:31-05-2025 23:15:46 Referencing Axis...
info:31-05-2025 23:16:43 Info: All Axes Homed...
info:31-05-2025 23:17:42 Info: Ready To Start A Cutting Cycle ...
info:31-05-2025 23:17:43 Info: Estop Deactivate...
info:31-05-2025 23:17:44 Info: Power On...
warning:31-05-2025 23:17:44 Referencing Axis...
info:31-05-2025 23:18:11 Info: All Axes Homed...
info:31-05-2025 23:19:23 Info: Ready To Start A Cutting Cycle ...
info:31-05-2025 23:19:24 Info: Estop Deactivate...
info:31-05-2025 23:19:25 Info: Power On...
warning:31-05-2025 23:19:25 Referencing Axis...
info:31-05-2025 23:19:52 Info: All Axes Homed...
info:31-05-2025 23:20:39 Info: Ready To Start A Cutting Cycle ...
info:31-05-2025 23:20:41 Info: Estop Deactivate...
info:31-05-2025 23:20:41 Info: Power On...
warning:31-05-2025 23:20:42 Referencing Axis...
info:31-05-2025 23:21:04 Info: All Axes Homed...
info:31-05-2025 23:21:38 Info: Ready To Start A Cutting Cycle ...
info:31-05-2025 23:21:39 Info: Estop Deactivate...
info:31-05-2025 23:21:40 Info: Power On...
warning:31-05-2025 23:21:41 Referencing Axis...
info:31-05-2025 23:22:06 Info: All Axes Homed...
info:31-05-2025 23:22:51 Info: Ready To Start A Cutting Cycle ...
info:31-05-2025 23:22:52 Info: Estop Deactivate...
info:31-05-2025 23:22:53 Info: Power On...
warning:31-05-2025 23:22:53 Referencing Axis...
info:31-05-2025 23:23:19 Info: All Axes Homed...
info:31-05-2025 23:23:41 Info: Ready To Start A Cutting Cycle ...
info:31-05-2025 23:23:43 Info: Estop Deactivate...
info:31-05-2025 23:23:43 Info: Power On...
warning:31-05-2025 23:23:44 Referencing Axis...
info:31-05-2025 23:24:07 Info: All Axes Homed...
info:31-05-2025 23:24:37 Info: Ready To Start A Cutting Cycle ...
info:31-05-2025 23:24:38 Info: Estop Deactivate...
info:31-05-2025 23:24:39 Info: Power On...
warning:31-05-2025 23:24:39 Referencing Axis...
info:31-05-2025 23:25:03 Info: All Axes Homed...
info:31-05-2025 23:25:58 Info: Ready To Start A Cutting Cycle ...
info:31-05-2025 23:26:00 Info: Estop Deactivate...
info:31-05-2025 23:26:00 Info: Power On...
warning:31-05-2025 23:26:00 Referencing Axis...
info:31-05-2025 23:26:19 Info: All Axes Homed...
info:31-05-2025 23:29:11 Info: Ready To Start A Cutting Cycle ...
info:31-05-2025 23:29:12 Info: Estop Deactivate...
info:31-05-2025 23:29:12 Info: Power On...
warning:31-05-2025 23:29:13 Referencing Axis...
info:31-05-2025 23:29:32 Info: All Axes Homed...
warning:31-05-2025 23:29:41 Warning: Number of Cuts is Zero...
info:31-05-2025 23:29:47 Info: Press Busy Hands Buttons For Move...
info:31-05-2025 23:29:47 Info: Normal Cut...
info:31-05-2025 23:30:07 Info: Close Clamps ...
info:31-05-2025 23:30:31 Info: Ready To Start A Cutting Cycle ...
info:31-05-2025 23:31:11 Info: Ready To Start A Cutting Cycle ...
info:31-05-2025 23:31:15 Info: Estop Deactivate...
info:31-05-2025 23:31:16 Info: Power On...
warning:31-05-2025 23:31:16 Referencing Axis...
info:31-05-2025 23:33:50 Info: All Axes Homed...
info:31-05-2025 23:35:17 Info: Ready To Start A Cutting Cycle ...
info:31-05-2025 23:35:18 Info: Estop Deactivate...
info:31-05-2025 23:35:19 Info: Power On...
warning:31-05-2025 23:35:20 Referencing Axis...
info:31-05-2025 23:35:45 Info: Ready To Start A Cutting Cycle ...
info:31-05-2025 23:35:56 Info: Ready To Start A Cutting Cycle ...
info:31-05-2025 23:35:57 Info: Estop Deactivate...
info:31-05-2025 23:35:57 Info: Power On...
warning:31-05-2025 23:35:58 Referencing Axis...
info:31-05-2025 23:36:06 Info: All Axes Homed...
info:31-05-2025 23:37:36 Info: Ready To Start A Cutting Cycle ...
info:31-05-2025 23:37:37 Info: Estop Deactivate...
info:31-05-2025 23:37:37 Info: Power On...
warning:31-05-2025 23:37:39 Referencing Axis...
info:31-05-2025 23:43:00 Info: Ready To Start A Cutting Cycle ...
info:31-05-2025 23:43:02 Info: Estop Deactivate...
info:31-05-2025 23:43:02 Info: Power On...
warning:31-05-2025 23:43:03 Referencing Axis...
info:31-05-2025 23:43:22 Info: Ready To Start A Cutting Cycle ...
info:31-05-2025 23:43:23 Info: Estop Deactivate...
info:31-05-2025 23:43:24 Info: Power On...
warning:31-05-2025 23:43:24 Referencing Axis...
info:31-05-2025 23:43:40 Info: Ready To Start A Cutting Cycle ...
info:31-05-2025 23:43:41 Info: Estop Deactivate...
info:31-05-2025 23:43:42 Info: Power On...
warning:31-05-2025 23:43:49 Referencing Axis...
info:31-05-2025 23:44:15 Info: All Axes Homed...
info:31-05-2025 23:44:59 Info: Ready To Start A Cutting Cycle ...
info:31-05-2025 23:45:00 Info: Estop Deactivate...
info:31-05-2025 23:45:01 Info: Power On...
warning:31-05-2025 23:45:01 Referencing Axis...
info:31-05-2025 23:45:19 Info: All Axes Homed...
info:31-05-2025 23:45:39 Info: Ready To Start A Cutting Cycle ...
info:31-05-2025 23:45:41 Info: Estop Deactivate...
info:31-05-2025 23:45:42 Info: Power On...
warning:31-05-2025 23:45:42 Referencing Axis...
info:31-05-2025 23:45:59 Info: All Axes Homed...
info:31-05-2025 23:46:49 Info: Ready To Start A Cutting Cycle ...
info:31-05-2025 23:46:50 Info: Estop Deactivate...
info:31-05-2025 23:46:50 Info: Power On...
warning:31-05-2025 23:46:51 Referencing Axis...
info:31-05-2025 23:46:56 Info: All Axes Homed...
info:31-05-2025 23:50:23 Info: Ready To Start A Cutting Cycle ...
info:31-05-2025 23:50:25 Info: Estop Deactivate...
info:31-05-2025 23:50:26 Info: Power On...
warning:31-05-2025 23:50:26 Referencing Axis...
info:31-05-2025 23:57:21 Info: Ready To Start A Cutting Cycle ...
info:31-05-2025 23:58:07 Info: Ready To Start A Cutting Cycle ...
info:31-05-2025 23:58:09 Info: Estop Deactivate...
info:31-05-2025 23:58:09 Info: Power On...
warning:31-05-2025 23:58:22 Referencing Axis...
info:31-05-2025 23:58:28 Info: All Axes Homed...
