info:20-05-2025 00:00:31 Info: Ready To Start A Cutting Cycle ...
info:20-05-2025 00:00:32 Info: Estop Deactivate...
info:20-05-2025 00:00:33 Info: Power On...
warning:20-05-2025 00:00:33 Referencing Axis...
info:20-05-2025 00:00:51 Info: All Axes Homed...
info:20-05-2025 00:01:41 Info: Ready To Start A Cutting Cycle ...
info:20-05-2025 00:01:42 Info: Estop Deactivate...
info:20-05-2025 00:01:42 Info: Power On...
warning:20-05-2025 00:01:43 Referencing Axis...
info:20-05-2025 00:02:00 Info: All Axes Homed...
info:20-05-2025 00:04:05 Info: Ready To Start A Cutting Cycle ...
info:20-05-2025 00:04:06 Info: Estop Deactivate...
info:20-05-2025 00:04:06 Info: Power On...
warning:20-05-2025 00:04:07 Referencing Axis...
info:20-05-2025 00:04:24 Info: Power Off...
info:20-05-2025 00:04:39 Info: Ready To Start A Cutting Cycle ...
info:20-05-2025 00:04:40 Info: Estop Deactivate...
info:20-05-2025 00:04:40 Info: Power On...
warning:20-05-2025 00:04:40 Referencing Axis...
info:20-05-2025 00:04:58 Info: All Axes Homed...
info:20-05-2025 00:05:09 Info: Ready To Start A Cutting Cycle ...
info:20-05-2025 00:05:10 Info: Estop Deactivate...
info:20-05-2025 00:05:11 Info: Power On...
warning:20-05-2025 00:05:11 Referencing Axis...
info:20-05-2025 00:05:29 Info: Power Off...
info:20-05-2025 00:05:40 Info: Ready To Start A Cutting Cycle ...
info:20-05-2025 00:05:42 Info: Estop Deactivate...
info:20-05-2025 00:05:42 Info: Power On...
warning:20-05-2025 00:05:42 Referencing Axis...
info:20-05-2025 00:06:00 Info: Power Off...
info:20-05-2025 00:06:12 Info: Ready To Start A Cutting Cycle ...
info:20-05-2025 00:06:13 Info: Estop Deactivate...
info:20-05-2025 00:06:13 Info: Power On...
warning:20-05-2025 00:06:14 Referencing Axis...
info:20-05-2025 00:07:02 Info: Ready To Start A Cutting Cycle ...
info:20-05-2025 00:07:03 Info: Estop Deactivate...
info:20-05-2025 00:07:03 Info: Power On...
warning:20-05-2025 00:07:04 Referencing Axis...
info:20-05-2025 00:07:07 Info: All Axes Homed...
info:20-05-2025 00:07:09 Info: Power Off...
warning:20-05-2025 00:07:09 Warning: 0 Axis Not Homed...
warning:20-05-2025 00:07:09 Warning: Estop Activate...
info:20-05-2025 00:07:25 Info: Ready To Start A Cutting Cycle ...
info:20-05-2025 00:07:37 Info: Ready To Start A Cutting Cycle ...
info:20-05-2025 00:07:38 Info: Estop Deactivate...
info:20-05-2025 00:07:38 Info: Power On...
warning:20-05-2025 00:07:39 Referencing Axis...
info:20-05-2025 00:07:56 Info: All Axes Homed...
info:20-05-2025 00:08:17 Info: Ready To Start A Cutting Cycle ...
info:20-05-2025 00:08:19 Info: Estop Deactivate...
info:20-05-2025 00:08:19 Info: Power On...
warning:20-05-2025 00:08:20 Referencing Axis...
info:20-05-2025 00:08:37 Info: All Axes Homed...
info:20-05-2025 00:08:51 Info: Ready To Start A Cutting Cycle ...
info:20-05-2025 00:08:53 Info: Estop Deactivate...
info:20-05-2025 00:08:53 Info: Power On...
warning:20-05-2025 00:08:54 Referencing Axis...
info:20-05-2025 00:09:11 Info: All Axes Homed...
info:20-05-2025 00:10:33 Info: Ready To Start A Cutting Cycle ...
info:20-05-2025 00:10:34 Info: Estop Deactivate...
info:20-05-2025 00:10:34 Info: Power On...
warning:20-05-2025 00:10:35 Referencing Axis...
info:20-05-2025 00:10:52 Info: All Axes Homed...
info:20-05-2025 00:11:21 Info: Ready To Start A Cutting Cycle ...
info:20-05-2025 00:11:22 Info: Estop Deactivate...
info:20-05-2025 00:11:23 Info: Power On...
warning:20-05-2025 00:11:23 Referencing Axis...
info:20-05-2025 00:11:40 Info: Power Off...
info:20-05-2025 00:11:48 Info: Ready To Start A Cutting Cycle ...
info:20-05-2025 00:11:49 Info: Estop Deactivate...
info:20-05-2025 00:11:49 Info: Power On...
warning:20-05-2025 00:11:50 Referencing Axis...
info:20-05-2025 00:12:07 Info: Power Off...
info:20-05-2025 00:12:55 Info: Ready To Start A Cutting Cycle ...
info:20-05-2025 00:12:56 Info: Estop Deactivate...
info:20-05-2025 00:12:56 Info: Power On...
warning:20-05-2025 00:12:57 Referencing Axis...
info:20-05-2025 00:13:40 Info: Ready To Start A Cutting Cycle ...
info:20-05-2025 00:13:42 Info: Estop Deactivate...
info:20-05-2025 00:13:42 Info: Power On...
warning:20-05-2025 00:13:42 Referencing Axis...
info:20-05-2025 00:13:45 Info: Power Off...
info:20-05-2025 00:14:37 Info: Ready To Start A Cutting Cycle ...
info:20-05-2025 00:14:38 Info: Estop Deactivate...
info:20-05-2025 00:14:39 Info: Power On...
warning:20-05-2025 00:14:39 Referencing Axis...
info:20-05-2025 00:14:57 Info: Power Off...
info:20-05-2025 00:15:11 Info: Ready To Start A Cutting Cycle ...
info:20-05-2025 00:15:12 Info: Estop Deactivate...
info:20-05-2025 00:15:13 Info: Power On...
warning:20-05-2025 00:15:13 Referencing Axis...
info:20-05-2025 00:15:31 Info: Power Off...
info:20-05-2025 00:15:58 Info: Ready To Start A Cutting Cycle ...
info:20-05-2025 00:15:59 Info: Estop Deactivate...
info:20-05-2025 00:16:00 Info: Power On...
warning:20-05-2025 00:16:00 Referencing Axis...
info:20-05-2025 00:16:18 Info: Power Off...
info:20-05-2025 00:16:43 Info: Ready To Start A Cutting Cycle ...
info:20-05-2025 00:16:44 Info: Estop Deactivate...
info:20-05-2025 00:16:44 Info: Power On...
warning:20-05-2025 00:16:45 Referencing Axis...
info:20-05-2025 00:17:02 Info: All Axes Homed...
info:20-05-2025 00:17:25 Info: Ready To Start A Cutting Cycle ...
info:20-05-2025 00:17:27 Info: Estop Deactivate...
info:20-05-2025 00:17:28 Info: Power On...
warning:20-05-2025 00:17:28 Referencing Axis...
info:20-05-2025 00:17:45 Info: Power Off...
info:20-05-2025 00:18:03 Info: Ready To Start A Cutting Cycle ...
info:20-05-2025 00:18:04 Info: Estop Deactivate...
info:20-05-2025 00:18:05 Info: Power On...
warning:20-05-2025 00:18:05 Referencing Axis...
info:20-05-2025 00:18:23 Info: Power Off...
info:20-05-2025 00:18:39 Info: Ready To Start A Cutting Cycle ...
info:20-05-2025 00:18:41 Info: Estop Deactivate...
info:20-05-2025 00:18:42 Info: Power On...
warning:20-05-2025 00:18:42 Referencing Axis...
info:20-05-2025 00:19:00 Info: Power Off...
info:20-05-2025 00:19:26 Info: Ready To Start A Cutting Cycle ...
info:20-05-2025 00:19:27 Info: Estop Deactivate...
info:20-05-2025 00:19:27 Info: Power On...
warning:20-05-2025 00:19:28 Referencing Axis...
info:20-05-2025 00:19:46 Info: Power Off...
info:20-05-2025 00:19:59 Info: Ready To Start A Cutting Cycle ...
info:20-05-2025 00:20:00 Info: Estop Deactivate...
info:20-05-2025 00:20:00 Info: Power On...
warning:20-05-2025 00:20:01 Referencing Axis...
info:20-05-2025 00:20:18 Info: All Axes Homed...
info:20-05-2025 00:20:31 Info: Ready To Start A Cutting Cycle ...
info:20-05-2025 00:20:33 Info: Estop Deactivate...
info:20-05-2025 00:20:33 Info: Power On...
warning:20-05-2025 00:20:33 Referencing Axis...
info:20-05-2025 00:20:51 Info: Power Off...
info:20-05-2025 00:21:24 Info: Ready To Start A Cutting Cycle ...
info:20-05-2025 00:21:25 Info: Estop Deactivate...
info:20-05-2025 00:21:25 Info: Power On...
warning:20-05-2025 00:21:25 Referencing Axis...
info:20-05-2025 00:21:43 Info: Power Off...
info:20-05-2025 00:21:56 Info: Ready To Start A Cutting Cycle ...
info:20-05-2025 00:21:57 Info: Estop Deactivate...
info:20-05-2025 00:21:58 Info: Power On...
warning:20-05-2025 00:21:58 Referencing Axis...
info:20-05-2025 00:22:15 Info: All Axes Homed...
info:20-05-2025 00:22:37 Info: Ready To Start A Cutting Cycle ...
info:20-05-2025 00:22:38 Info: Estop Deactivate...
info:20-05-2025 00:22:39 Info: Power On...
warning:20-05-2025 00:22:39 Referencing Axis...
info:20-05-2025 00:22:57 Info: Power Off...
info:20-05-2025 00:23:10 Info: Ready To Start A Cutting Cycle ...
info:20-05-2025 00:23:11 Info: Estop Deactivate...
info:20-05-2025 00:23:12 Info: Power On...
warning:20-05-2025 00:23:12 Referencing Axis...
info:20-05-2025 00:23:30 Info: Power Off...
info:20-05-2025 00:23:42 Info: Ready To Start A Cutting Cycle ...
info:20-05-2025 00:23:44 Info: Estop Deactivate...
info:20-05-2025 00:23:44 Info: Power On...
warning:20-05-2025 00:23:44 Referencing Axis...
info:20-05-2025 00:24:02 Info: Power Off...
info:20-05-2025 00:24:14 Info: Ready To Start A Cutting Cycle ...
info:20-05-2025 00:24:15 Info: Estop Deactivate...
info:20-05-2025 00:24:16 Info: Power On...
warning:20-05-2025 00:24:16 Referencing Axis...
info:20-05-2025 00:24:33 Info: Power Off...
info:20-05-2025 00:25:04 Info: Ready To Start A Cutting Cycle ...
info:20-05-2025 00:25:05 Info: Estop Deactivate...
info:20-05-2025 00:25:06 Info: Power On...
warning:20-05-2025 00:25:06 Referencing Axis...
info:20-05-2025 00:25:23 Info: Power Off...
info:20-05-2025 00:25:41 Info: Ready To Start A Cutting Cycle ...
info:20-05-2025 00:25:42 Info: Estop Deactivate...
info:20-05-2025 00:25:43 Info: Power On...
warning:20-05-2025 00:25:43 Referencing Axis...
info:20-05-2025 00:26:01 Info: Power Off...
info:20-05-2025 00:28:05 Info: Ready To Start A Cutting Cycle ...
info:20-05-2025 00:28:06 Info: Estop Deactivate...
info:20-05-2025 00:28:07 Info: Power On...
warning:20-05-2025 00:28:07 Referencing Axis...
info:20-05-2025 00:28:24 Info: Power Off...
info:20-05-2025 00:28:43 Info: Ready To Start A Cutting Cycle ...
info:20-05-2025 00:28:44 Info: Estop Deactivate...
info:20-05-2025 00:28:45 Info: Power On...
warning:20-05-2025 00:28:45 Referencing Axis...
info:20-05-2025 00:29:02 Info: All Axes Homed...
info:20-05-2025 00:29:21 Info: Ready To Start A Cutting Cycle ...
info:20-05-2025 00:29:23 Info: Estop Deactivate...
info:20-05-2025 00:29:23 Info: Power On...
warning:20-05-2025 00:29:24 Referencing Axis...
info:20-05-2025 00:29:41 Info: Power Off...
info:20-05-2025 00:30:03 Info: Ready To Start A Cutting Cycle ...
info:20-05-2025 00:30:06 Info: Estop Deactivate...
info:20-05-2025 00:30:06 Info: Power On...
warning:20-05-2025 00:30:06 Referencing Axis...
info:20-05-2025 00:30:24 Info: Power Off...
info:20-05-2025 00:30:38 Info: Ready To Start A Cutting Cycle ...
info:20-05-2025 00:30:39 Info: Estop Deactivate...
info:20-05-2025 00:30:40 Info: Power On...
warning:20-05-2025 00:30:40 Referencing Axis...
info:20-05-2025 00:30:58 Info: Power Off...
info:20-05-2025 00:32:10 Info: Ready To Start A Cutting Cycle ...
info:20-05-2025 00:32:12 Info: Estop Deactivate...
info:20-05-2025 00:32:12 Info: Power On...
warning:20-05-2025 00:32:13 Referencing Axis...
info:20-05-2025 00:32:30 Info: Power Off...
info:20-05-2025 00:32:52 Info: Ready To Start A Cutting Cycle ...
info:20-05-2025 00:32:54 Info: Estop Deactivate...
info:20-05-2025 00:32:54 Info: Power On...
warning:20-05-2025 00:32:54 Referencing Axis...
info:20-05-2025 00:33:12 Info: Power Off...
info:20-05-2025 00:33:27 Info: Ready To Start A Cutting Cycle ...
info:20-05-2025 00:33:29 Info: Estop Deactivate...
info:20-05-2025 00:33:29 Info: Power On...
warning:20-05-2025 00:33:29 Referencing Axis...
info:20-05-2025 00:33:47 Info: All Axes Homed...
info:20-05-2025 00:34:01 Info: Ready To Start A Cutting Cycle ...
info:20-05-2025 00:34:02 Info: Estop Deactivate...
info:20-05-2025 00:34:02 Info: Power On...
warning:20-05-2025 00:34:03 Referencing Axis...
info:20-05-2025 00:34:21 Info: Power Off...
info:20-05-2025 00:34:37 Info: Ready To Start A Cutting Cycle ...
info:20-05-2025 00:34:38 Info: Estop Deactivate...
info:20-05-2025 00:34:38 Info: Power On...
warning:20-05-2025 00:34:39 Referencing Axis...
info:20-05-2025 00:34:56 Info: Power Off...
info:20-05-2025 00:35:10 Info: Ready To Start A Cutting Cycle ...
info:20-05-2025 00:35:11 Info: Estop Deactivate...
info:20-05-2025 00:35:12 Info: Power On...
warning:20-05-2025 00:35:12 Referencing Axis...
info:20-05-2025 00:35:30 Info: Power Off...
info:20-05-2025 00:35:44 Info: Ready To Start A Cutting Cycle ...
info:20-05-2025 00:35:45 Info: Estop Deactivate...
info:20-05-2025 00:35:45 Info: Power On...
warning:20-05-2025 00:35:45 Referencing Axis...
info:20-05-2025 00:36:24 Info: Ready To Start A Cutting Cycle ...
info:20-05-2025 00:36:26 Info: Estop Deactivate...
info:20-05-2025 00:36:26 Info: Power On...
warning:20-05-2025 00:36:26 Referencing Axis...
info:20-05-2025 00:36:29 Info: Power Off...
info:20-05-2025 00:36:57 Info: Ready To Start A Cutting Cycle ...
info:20-05-2025 00:36:58 Info: Estop Deactivate...
info:20-05-2025 00:36:59 Info: Power On...
warning:20-05-2025 00:36:59 Referencing Axis...
info:20-05-2025 00:37:45 Info: Ready To Start A Cutting Cycle ...
info:20-05-2025 00:37:46 Info: Estop Deactivate...
info:20-05-2025 00:37:46 Info: Power On...
warning:20-05-2025 00:37:47 Referencing Axis...
info:20-05-2025 00:37:49 Info: Power Off...
info:20-05-2025 00:38:07 Info: Ready To Start A Cutting Cycle ...
info:20-05-2025 00:38:08 Info: Estop Deactivate...
info:20-05-2025 00:38:09 Info: Power On...
warning:20-05-2025 00:38:09 Referencing Axis...
info:20-05-2025 00:38:27 Info: Power Off...
info:20-05-2025 00:39:31 Info: Ready To Start A Cutting Cycle ...
info:20-05-2025 00:39:33 Info: Estop Deactivate...
info:20-05-2025 00:39:34 Info: Power On...
warning:20-05-2025 00:39:34 Referencing Axis...
info:20-05-2025 00:39:52 Info: Power Off...
info:20-05-2025 00:40:09 Info: Ready To Start A Cutting Cycle ...
info:20-05-2025 00:40:10 Info: Estop Deactivate...
info:20-05-2025 00:40:10 Info: Power On...
warning:20-05-2025 00:40:11 Referencing Axis...
info:20-05-2025 00:40:29 Info: Power Off...
info:20-05-2025 00:40:47 Info: Ready To Start A Cutting Cycle ...
info:20-05-2025 00:40:48 Info: Estop Deactivate...
info:20-05-2025 00:40:49 Info: Power On...
warning:20-05-2025 00:40:49 Referencing Axis...
info:20-05-2025 00:41:07 Info: All Axes Homed...
info:20-05-2025 00:41:28 Info: Ready To Start A Cutting Cycle ...
info:20-05-2025 00:41:29 Info: Estop Deactivate...
info:20-05-2025 00:41:30 Info: Power On...
warning:20-05-2025 00:41:30 Referencing Axis...
info:20-05-2025 00:41:48 Info: All Axes Homed...
info:20-05-2025 00:42:10 Info: Ready To Start A Cutting Cycle ...
info:20-05-2025 00:42:11 Info: Estop Deactivate...
info:20-05-2025 00:42:12 Info: Power On...
warning:20-05-2025 00:42:12 Referencing Axis...
info:20-05-2025 00:42:30 Info: All Axes Homed...
info:20-05-2025 00:42:43 Info: Ready To Start A Cutting Cycle ...
info:20-05-2025 00:42:44 Info: Estop Deactivate...
info:20-05-2025 00:42:45 Info: Power On...
warning:20-05-2025 00:42:45 Referencing Axis...
info:20-05-2025 00:43:03 Info: All Axes Homed...
info:20-05-2025 00:43:27 Info: Ready To Start A Cutting Cycle ...
info:20-05-2025 00:43:29 Info: Estop Deactivate...
info:20-05-2025 00:43:29 Info: Power On...
warning:20-05-2025 00:43:30 Referencing Axis...
info:20-05-2025 00:43:47 Info: All Axes Homed...
info:20-05-2025 00:44:10 Info: Ready To Start A Cutting Cycle ...
info:20-05-2025 00:44:11 Info: Estop Deactivate...
info:20-05-2025 00:44:12 Info: Power On...
warning:20-05-2025 00:44:12 Referencing Axis...
info:20-05-2025 00:44:30 Info: All Axes Homed...
info:20-05-2025 00:45:02 Info: Ready To Start A Cutting Cycle ...
info:20-05-2025 00:45:04 Info: Estop Deactivate...
info:20-05-2025 00:45:05 Info: Power On...
warning:20-05-2025 00:45:05 Referencing Axis...
info:20-05-2025 00:45:23 Info: All Axes Homed...
info:20-05-2025 00:46:36 Info: Ready To Start A Cutting Cycle ...
info:20-05-2025 00:46:37 Info: Estop Deactivate...
info:20-05-2025 00:46:38 Info: Power On...
warning:20-05-2025 00:46:38 Referencing Axis...
info:20-05-2025 00:46:56 Info: All Axes Homed...
info:20-05-2025 00:47:13 Info: Ready To Start A Cutting Cycle ...
info:20-05-2025 00:47:16 Info: Estop Deactivate...
info:20-05-2025 00:47:17 Info: Power On...
warning:20-05-2025 00:47:17 Referencing Axis...
info:20-05-2025 00:47:35 Info: All Axes Homed...
info:20-05-2025 00:47:46 Info: Ready To Start A Cutting Cycle ...
info:20-05-2025 00:47:48 Info: Estop Deactivate...
info:20-05-2025 00:47:48 Info: Power On...
warning:20-05-2025 00:47:48 Referencing Axis...
info:20-05-2025 00:48:06 Info: Power Off...
info:20-05-2025 00:49:58 Info: Ready To Start A Cutting Cycle ...
info:20-05-2025 00:49:59 Info: Estop Deactivate...
info:20-05-2025 00:50:00 Info: Power On...
warning:20-05-2025 00:50:00 Referencing Axis...
info:20-05-2025 00:50:18 Info: All Axes Homed...
info:20-05-2025 00:50:57 Info: Ready To Start A Cutting Cycle ...
info:20-05-2025 00:50:59 Info: Estop Deactivate...
info:20-05-2025 00:50:59 Info: Power On...
warning:20-05-2025 00:51:00 Referencing Axis...
info:20-05-2025 00:51:18 Info: All Axes Homed...
info:20-05-2025 00:53:18 Info: Ready To Start A Cutting Cycle ...
info:20-05-2025 00:53:19 Info: Estop Deactivate...
info:20-05-2025 00:53:19 Info: Power On...
warning:20-05-2025 00:53:20 Referencing Axis...
info:20-05-2025 00:53:38 Info: All Axes Homed...
info:20-05-2025 00:54:00 Info: Ready To Start A Cutting Cycle ...
info:20-05-2025 00:54:02 Info: Estop Deactivate...
info:20-05-2025 00:54:02 Info: Power On...
warning:20-05-2025 00:54:02 Referencing Axis...
info:20-05-2025 00:54:20 Info: Power Off...
info:20-05-2025 20:43:41 Info: Ready To Start A Cutting Cycle ...
info:20-05-2025 20:43:51 Info: Estop Deactivate...
info:20-05-2025 20:43:53 Info: Power On...
warning:20-05-2025 20:43:59 Referencing Axis...
info:20-05-2025 20:44:02 Info: All Axes Homed...
info:20-05-2025 20:45:19 Info: Ready To Start A Cutting Cycle ...
info:20-05-2025 20:45:20 Info: Estop Deactivate...
info:20-05-2025 20:45:21 Info: Power On...
warning:20-05-2025 20:45:22 Referencing Axis...
info:20-05-2025 20:45:40 Info: All Axes Homed...
info:20-05-2025 20:46:09 Info: Press Busy Hands Buttons For Move...
info:20-05-2025 20:46:10 Info: Normal Cut...
info:20-05-2025 20:46:15 Info: Close Clamps ...
info:20-05-2025 20:46:26 Info: Press Busy Hands Buttons For Cut...
info:20-05-2025 20:46:29 Info: Turn On Some Saw Blade and Press Busy Hands Buttons For Cut...
info:20-05-2025 20:46:49 Info: Cut Both Saw Blades...
info:20-05-2025 20:46:49 Info: Saw Blade Output Time Controlled By Time...
info:20-05-2025 20:46:55 Info: Cut Complete...
info:20-05-2025 20:46:55 Info: Ready To Start A Cutting Cycle ...
info:20-05-2025 20:48:08 Info: Press Busy Hands Buttons For Move...
info:20-05-2025 20:48:10 Info: Close Clamps ...
info:20-05-2025 20:48:14 Info: Press Busy Hands Buttons For Cut...
info:20-05-2025 20:48:29 Info: Cut Both Saw Blades...
info:20-05-2025 20:48:29 Info: Saw Blade Output Time Controlled By Time...
info:20-05-2025 20:48:35 Info: Cut Complete...
info:20-05-2025 20:48:35 Info: Ready To Start A Cutting Cycle ...
info:20-05-2025 20:48:50 Info: "The file: /home/rbobey1989/linuxcnc/configs/DoubleMitreSawMachine/cuttingListData/testList.csvhas the correct CSV format.
info:20-05-2025 20:50:49 Info: Press Busy Hands Buttons For Move...
info:20-05-2025 20:50:56 Info: Normal Cut...
info:20-05-2025 20:51:01 Info: Close Clamps ...
info:20-05-2025 20:51:27 Info: Press Busy Hands Buttons For Cut...
info:20-05-2025 20:51:28 Info: Cut Both Saw Blades...
info:20-05-2025 20:51:28 Info: Saw Blade Output Time Controlled By Time...
info:20-05-2025 20:51:33 Info: Cut Complete...
info:20-05-2025 20:51:34 Info: Press Busy Hands Buttons For Move...
info:20-05-2025 20:51:40 Info: Normal Cut...
info:20-05-2025 20:51:42 Info: Close Clamps ...
info:20-05-2025 20:51:46 Info: Press Busy Hands Buttons For Cut...
info:20-05-2025 20:51:51 Info: Cut Both Saw Blades...
info:20-05-2025 20:51:51 Info: Saw Blade Output Time Controlled By Time...
info:20-05-2025 20:51:57 Info: Cut Complete...
info:20-05-2025 20:51:57 Info: Press Busy Hands Buttons For Move...
info:20-05-2025 20:52:01 Info: Normal Cut...
info:20-05-2025 20:52:05 Info: Close Clamps ...
info:20-05-2025 20:52:25 Info: Press Busy Hands Buttons For Cut...
info:20-05-2025 20:52:26 Info: Cut Both Saw Blades...
info:20-05-2025 20:52:27 Info: Saw Blade Output Time Controlled By Time...
info:20-05-2025 20:52:32 Info: Cut Complete...
info:20-05-2025 20:52:32 Info: Cut List Cmpleted...
info:20-05-2025 20:52:32 Info: Ready To Start A Cutting Cycle ...
info:20-05-2025 20:53:37 Info: Press Busy Hands Buttons For Move...
info:20-05-2025 20:53:42 Info: Step Slide Cut...
info:20-05-2025 20:53:48 Info: Close Clamps ...
info:20-05-2025 20:54:15 Info: Press Busy Hands Buttons For Cut...
info:20-05-2025 20:54:17 Info: Cut Only Left Saw Blade...
info:20-05-2025 20:54:17 Info: Saw Blade Output Time Controlled By User...
info:20-05-2025 20:54:19 Info: Press Busy Hands Buttons For Move To Recover Length Step Slide Cut...
info:20-05-2025 20:54:33 Info: Press Busy Hands Buttons For Cut...
info:20-05-2025 20:54:33 Info: Cut Only Left Saw Blade...
info:20-05-2025 20:54:33 Info: Saw Blade Output Time Controlled By User...
info:20-05-2025 20:54:40 Info: Step Slide Cut...
info:20-05-2025 20:54:40 Info: Press Busy Hands Buttons For Move To Recover Length Step Slide Cut...
info:20-05-2025 20:54:45 Info: Cut Only Left Saw Blade...
info:20-05-2025 20:54:45 Info: Saw Blade Output Time Controlled By User...
info:20-05-2025 20:54:48 Info: Step Slide Cut...
info:20-05-2025 20:54:49 Info: Press Busy Hands Buttons For Move To Recover Length Step Slide Cut...
info:20-05-2025 20:54:53 Info: Cut Only Left Saw Blade...
info:20-05-2025 20:54:53 Info: Saw Blade Output Time Controlled By User...
info:20-05-2025 20:54:55 Info: Cut List Cmpleted...
info:20-05-2025 20:54:55 Info: Ready To Start A Cutting Cycle ...
info:20-05-2025 21:07:40 Info: Ready To Start A Cutting Cycle ...
info:20-05-2025 21:07:41 Info: Estop Deactivate...
info:20-05-2025 21:08:25 Info: Ready To Start A Cutting Cycle ...
info:20-05-2025 21:08:26 Info: Estop Deactivate...
info:20-05-2025 21:08:27 Info: Power On...
warning:20-05-2025 21:08:29 Referencing Axis...
info:20-05-2025 21:09:21 Info: Power Off...
warning:20-05-2025 21:09:21 Warning: Estop Activate...
info:20-05-2025 21:09:46 Info: Estop Deactivate...
warning:20-05-2025 21:09:48 Warning: Estop Activate...
info:20-05-2025 21:09:49 Info: Estop Deactivate...
info:20-05-2025 21:09:49 Info: Power On...
warning:20-05-2025 21:09:50 Referencing Axis...
info:20-05-2025 21:09:54 Info: All Axes Homed...
info:20-05-2025 21:10:18 Info: Power Off...
warning:20-05-2025 21:10:18 Warning: 0 Axis Not Homed...
warning:20-05-2025 21:10:18 Warning: Estop Activate...
