info:21-05-2025 18:58:01 Info: Ready To Start A Cutting Cycle ...
info:21-05-2025 18:58:02 Info: Estop Deactivate...
info:21-05-2025 18:58:02 Info: Power On...
warning:21-05-2025 18:58:03 Referencing Axis...
info:21-05-2025 18:58:07 Info: Power Off...
info:21-05-2025 18:58:28 Info: Ready To Start A Cutting Cycle ...
info:21-05-2025 18:58:29 Info: Estop Deactivate...
info:21-05-2025 18:58:29 Info: Power On...
warning:21-05-2025 18:58:30 Referencing Axis...
info:21-05-2025 18:58:48 Info: All Axes Homed...
info:21-05-2025 18:59:04 Info: Ready To Start A Cutting Cycle ...
info:21-05-2025 18:59:05 Info: Estop Deactivate...
info:21-05-2025 18:59:06 Info: Power On...
warning:21-05-2025 18:59:06 Referencing Axis...
info:21-05-2025 18:59:24 Info: All Axes Homed...
info:21-05-2025 18:59:37 Info: Ready To Start A Cutting Cycle ...
info:21-05-2025 18:59:38 Info: Estop Deactivate...
info:21-05-2025 18:59:39 Info: Power On...
warning:21-05-2025 18:59:39 Referencing Axis...
info:21-05-2025 18:59:57 Info: All Axes Homed...
info:21-05-2025 19:00:13 Info: Ready To Start A Cutting Cycle ...
info:21-05-2025 19:00:14 Info: Estop Deactivate...
info:21-05-2025 19:00:14 Info: Power On...
warning:21-05-2025 19:00:15 Referencing Axis...
info:21-05-2025 19:00:32 Info: All Axes Homed...
info:21-05-2025 19:00:45 Info: Ready To Start A Cutting Cycle ...
info:21-05-2025 19:00:47 Info: Estop Deactivate...
info:21-05-2025 19:00:47 Info: Power On...
warning:21-05-2025 19:00:47 Referencing Axis...
info:21-05-2025 19:01:05 Info: All Axes Homed...
info:21-05-2025 19:01:15 Info: Ready To Start A Cutting Cycle ...
info:21-05-2025 19:01:17 Info: Estop Deactivate...
info:21-05-2025 19:01:17 Info: Power On...
warning:21-05-2025 19:01:17 Referencing Axis...
info:21-05-2025 19:01:57 Info: Ready To Start A Cutting Cycle ...
info:21-05-2025 19:01:58 Info: Estop Deactivate...
info:21-05-2025 19:01:59 Info: Power On...
warning:21-05-2025 19:01:59 Referencing Axis...
info:21-05-2025 19:02:03 Info: Power Off...
info:21-05-2025 19:02:36 Info: Ready To Start A Cutting Cycle ...
info:21-05-2025 19:02:37 Info: Estop Deactivate...
info:21-05-2025 19:02:38 Info: Power On...
warning:21-05-2025 19:02:38 Referencing Axis...
info:21-05-2025 19:03:07 Info: Ready To Start A Cutting Cycle ...
info:21-05-2025 19:03:08 Info: Estop Deactivate...
info:21-05-2025 19:03:08 Info: Power On...
warning:21-05-2025 19:03:09 Referencing Axis...
info:21-05-2025 19:03:28 Info: Power Off...
warning:21-05-2025 19:03:28 Warning: Estop Activate...
info:21-05-2025 19:03:33 Info: Estop Deactivate...
info:21-05-2025 19:03:34 Info: Power On...
warning:21-05-2025 19:03:34 Referencing Axis...
info:21-05-2025 19:03:38 Info: All Axes Homed...
info:21-05-2025 19:04:02 Info: Ready To Start A Cutting Cycle ...
info:21-05-2025 19:04:03 Info: Estop Deactivate...
info:21-05-2025 19:04:03 Info: Power On...
warning:21-05-2025 19:04:04 Referencing Axis...
info:21-05-2025 19:04:22 Info: All Axes Homed...
info:21-05-2025 19:04:32 Info: Ready To Start A Cutting Cycle ...
info:21-05-2025 19:04:39 Info: Estop Deactivate...
info:21-05-2025 19:04:40 Info: Power On...
warning:21-05-2025 19:04:40 Referencing Axis...
info:21-05-2025 19:04:58 Info: All Axes Homed...
info:21-05-2025 19:05:08 Info: Ready To Start A Cutting Cycle ...
info:21-05-2025 19:05:09 Info: Estop Deactivate...
info:21-05-2025 19:05:10 Info: Power On...
warning:21-05-2025 19:05:10 Referencing Axis...
info:21-05-2025 19:05:28 Info: All Axes Homed...
info:21-05-2025 19:05:47 Info: Ready To Start A Cutting Cycle ...
info:21-05-2025 19:05:48 Info: Estop Deactivate...
info:21-05-2025 19:05:48 Info: Power On...
warning:21-05-2025 19:05:49 Referencing Axis...
info:21-05-2025 19:06:07 Info: All Axes Homed...
info:21-05-2025 19:06:17 Info: Ready To Start A Cutting Cycle ...
info:21-05-2025 19:06:18 Info: Estop Deactivate...
info:21-05-2025 19:06:19 Info: Power On...
warning:21-05-2025 19:06:19 Referencing Axis...
info:21-05-2025 19:06:37 Info: All Axes Homed...
info:21-05-2025 19:06:56 Info: Ready To Start A Cutting Cycle ...
info:21-05-2025 19:06:57 Info: Estop Deactivate...
info:21-05-2025 19:06:58 Info: Power On...
warning:21-05-2025 19:06:58 Referencing Axis...
info:21-05-2025 19:07:16 Info: All Axes Homed...
info:21-05-2025 19:07:31 Info: Ready To Start A Cutting Cycle ...
info:21-05-2025 19:07:33 Info: Estop Deactivate...
info:21-05-2025 19:07:33 Info: Power On...
warning:21-05-2025 19:07:34 Referencing Axis...
info:21-05-2025 19:07:52 Info: All Axes Homed...
info:21-05-2025 19:08:10 Info: Ready To Start A Cutting Cycle ...
info:21-05-2025 19:08:24 Info: Estop Deactivate...
info:21-05-2025 19:08:24 Info: Power On...
warning:21-05-2025 19:08:25 Referencing Axis...
info:21-05-2025 19:08:42 Info: All Axes Homed...
info:21-05-2025 19:09:01 Info: Ready To Start A Cutting Cycle ...
info:21-05-2025 19:09:02 Info: Estop Deactivate...
info:21-05-2025 19:09:02 Info: Power On...
warning:21-05-2025 19:09:03 Referencing Axis...
info:21-05-2025 19:09:21 Info: All Axes Homed...
info:21-05-2025 19:10:02 Info: Ready To Start A Cutting Cycle ...
info:21-05-2025 19:10:03 Info: Estop Deactivate...
info:21-05-2025 19:10:04 Info: Power On...
warning:21-05-2025 19:10:04 Referencing Axis...
info:21-05-2025 19:10:23 Info: Ready To Start A Cutting Cycle ...
info:21-05-2025 19:10:24 Info: Estop Deactivate...
info:21-05-2025 19:10:25 Info: Power On...
warning:21-05-2025 19:10:25 Referencing Axis...
info:21-05-2025 19:10:37 Info: Power Off...
info:21-05-2025 19:11:05 Info: Ready To Start A Cutting Cycle ...
info:21-05-2025 19:11:10 Info: Estop Deactivate...
info:21-05-2025 19:11:10 Info: Power On...
warning:21-05-2025 19:11:11 Referencing Axis...
info:21-05-2025 19:11:28 Info: Power Off...
info:21-05-2025 19:11:58 Info: Ready To Start A Cutting Cycle ...
info:21-05-2025 19:12:03 Info: Estop Deactivate...
info:21-05-2025 19:12:04 Info: Power On...
warning:21-05-2025 19:12:04 Referencing Axis...
info:21-05-2025 19:12:22 Info: Power Off...
info:21-05-2025 19:12:45 Info: Ready To Start A Cutting Cycle ...
info:21-05-2025 19:12:46 Info: Estop Deactivate...
info:21-05-2025 19:12:46 Info: Power On...
warning:21-05-2025 19:12:47 Referencing Axis...
info:21-05-2025 19:13:04 Info: All Axes Homed...
info:21-05-2025 19:13:54 Info: Ready To Start A Cutting Cycle ...
info:21-05-2025 19:13:57 Info: Estop Deactivate...
info:21-05-2025 19:13:57 Info: Power On...
warning:21-05-2025 19:13:58 Referencing Axis...
info:21-05-2025 19:14:16 Info: Power Off...
info:21-05-2025 19:14:29 Info: Ready To Start A Cutting Cycle ...
info:21-05-2025 19:14:31 Info: Estop Deactivate...
info:21-05-2025 19:14:31 Info: Power On...
warning:21-05-2025 19:14:32 Referencing Axis...
info:21-05-2025 19:14:50 Info: Power Off...
info:21-05-2025 19:15:23 Info: Ready To Start A Cutting Cycle ...
info:21-05-2025 19:15:31 Info: Estop Deactivate...
info:21-05-2025 19:15:31 Info: Power On...
warning:21-05-2025 19:15:32 Referencing Axis...
info:21-05-2025 19:15:50 Info: Power Off...
info:21-05-2025 19:16:02 Info: Ready To Start A Cutting Cycle ...
info:21-05-2025 19:16:03 Info: Estop Deactivate...
info:21-05-2025 19:16:03 Info: Power On...
warning:21-05-2025 19:16:03 Referencing Axis...
info:21-05-2025 19:16:21 Info: All Axes Homed...
info:21-05-2025 19:16:34 Info: Ready To Start A Cutting Cycle ...
info:21-05-2025 19:16:35 Info: Estop Deactivate...
info:21-05-2025 19:16:36 Info: Power On...
warning:21-05-2025 19:16:36 Referencing Axis...
info:21-05-2025 19:16:54 Info: All Axes Homed...
info:21-05-2025 19:17:11 Info: Ready To Start A Cutting Cycle ...
info:21-05-2025 19:17:12 Info: Estop Deactivate...
info:21-05-2025 19:17:13 Info: Power On...
warning:21-05-2025 19:17:13 Referencing Axis...
info:21-05-2025 19:17:31 Info: All Axes Homed...
info:21-05-2025 19:17:42 Info: Ready To Start A Cutting Cycle ...
info:21-05-2025 19:17:43 Info: Estop Deactivate...
info:21-05-2025 19:17:44 Info: Power On...
warning:21-05-2025 19:17:44 Referencing Axis...
info:21-05-2025 19:18:02 Info: All Axes Homed...
info:21-05-2025 19:22:36 Info: Ready To Start A Cutting Cycle ...
info:21-05-2025 19:22:38 Info: Estop Deactivate...
info:21-05-2025 19:22:38 Info: Power On...
warning:21-05-2025 19:22:38 Referencing Axis...
info:21-05-2025 19:22:56 Info: All Axes Homed...
info:21-05-2025 19:24:46 Info: Ready To Start A Cutting Cycle ...
info:21-05-2025 19:24:47 Info: Estop Deactivate...
info:21-05-2025 19:24:48 Info: Power On...
warning:21-05-2025 19:24:48 Referencing Axis...
info:21-05-2025 19:25:06 Info: All Axes Homed...
info:21-05-2025 19:25:24 Info: Ready To Start A Cutting Cycle ...
info:21-05-2025 19:25:25 Info: Estop Deactivate...
info:21-05-2025 19:25:26 Info: Power On...
warning:21-05-2025 19:25:26 Referencing Axis...
info:21-05-2025 19:25:44 Info: All Axes Homed...
info:21-05-2025 19:25:55 Info: Ready To Start A Cutting Cycle ...
info:21-05-2025 19:25:56 Info: Estop Deactivate...
info:21-05-2025 19:25:57 Info: Power On...
warning:21-05-2025 19:25:57 Referencing Axis...
info:21-05-2025 19:26:15 Info: All Axes Homed...
info:21-05-2025 19:26:27 Info: Ready To Start A Cutting Cycle ...
info:21-05-2025 19:26:29 Info: Estop Deactivate...
info:21-05-2025 19:26:29 Info: Power On...
warning:21-05-2025 19:26:29 Referencing Axis...
info:21-05-2025 19:26:47 Info: All Axes Homed...
info:21-05-2025 19:26:58 Info: Ready To Start A Cutting Cycle ...
info:21-05-2025 19:26:59 Info: Estop Deactivate...
info:21-05-2025 19:27:00 Info: Power On...
warning:21-05-2025 19:27:00 Referencing Axis...
info:21-05-2025 19:27:18 Info: All Axes Homed...
info:21-05-2025 19:27:38 Info: Ready To Start A Cutting Cycle ...
info:21-05-2025 19:27:39 Info: Estop Deactivate...
info:21-05-2025 19:27:39 Info: Power On...
warning:21-05-2025 19:27:40 Referencing Axis...
info:21-05-2025 19:27:58 Info: All Axes Homed...
info:21-05-2025 19:28:17 Info: Ready To Start A Cutting Cycle ...
info:21-05-2025 19:28:18 Info: Estop Deactivate...
info:21-05-2025 19:28:19 Info: Power On...
warning:21-05-2025 19:28:19 Referencing Axis...
info:21-05-2025 19:28:37 Info: All Axes Homed...
info:21-05-2025 19:28:55 Info: Ready To Start A Cutting Cycle ...
info:21-05-2025 19:28:56 Info: Estop Deactivate...
info:21-05-2025 19:28:57 Info: Power On...
warning:21-05-2025 19:28:57 Referencing Axis...
info:21-05-2025 19:29:13 Info: Ready To Start A Cutting Cycle ...
info:21-05-2025 19:29:14 Info: Estop Deactivate...
info:21-05-2025 19:29:15 Info: Power On...
warning:21-05-2025 19:29:15 Referencing Axis...
info:21-05-2025 19:29:37 Info: Ready To Start A Cutting Cycle ...
info:21-05-2025 19:29:38 Info: Estop Deactivate...
info:21-05-2025 19:29:40 Info: Power On...
warning:21-05-2025 19:29:40 Referencing Axis...
info:21-05-2025 19:29:48 Info: All Axes Homed...
info:21-05-2025 19:30:08 Info: Ready To Start A Cutting Cycle ...
info:21-05-2025 19:30:09 Info: Estop Deactivate...
info:21-05-2025 19:30:09 Info: Power On...
warning:21-05-2025 19:30:10 Referencing Axis...
info:21-05-2025 19:30:28 Info: All Axes Homed...
info:21-05-2025 19:30:39 Info: Ready To Start A Cutting Cycle ...
info:21-05-2025 19:30:40 Info: Estop Deactivate...
info:21-05-2025 19:30:40 Info: Power On...
warning:21-05-2025 19:30:40 Referencing Axis...
info:21-05-2025 19:31:18 Info: Ready To Start A Cutting Cycle ...
info:21-05-2025 19:31:19 Info: Estop Deactivate...
info:21-05-2025 19:31:19 Info: Power On...
warning:21-05-2025 19:31:20 Referencing Axis...
info:21-05-2025 19:31:23 Info: All Axes Homed...
info:21-05-2025 19:31:42 Info: Ready To Start A Cutting Cycle ...
info:21-05-2025 19:31:44 Info: Estop Deactivate...
info:21-05-2025 19:31:44 Info: Power On...
warning:21-05-2025 19:31:44 Referencing Axis...
info:21-05-2025 19:31:52 Info: Power Off...
info:21-05-2025 19:32:11 Info: Ready To Start A Cutting Cycle ...
info:21-05-2025 19:32:12 Info: Estop Deactivate...
info:21-05-2025 19:32:13 Info: Power On...
warning:21-05-2025 19:32:13 Referencing Axis...
info:21-05-2025 19:32:31 Info: Ready To Start A Cutting Cycle ...
info:21-05-2025 19:32:32 Info: Estop Deactivate...
info:21-05-2025 19:32:33 Info: Power On...
warning:21-05-2025 19:32:34 Referencing Axis...
info:21-05-2025 19:32:42 Info: All Axes Homed...
info:21-05-2025 19:33:01 Info: Ready To Start A Cutting Cycle ...
info:21-05-2025 19:33:03 Info: Estop Deactivate...
info:21-05-2025 19:33:03 Info: Power On...
warning:21-05-2025 19:33:04 Referencing Axis...
info:21-05-2025 19:33:22 Info: Power Off...
info:21-05-2025 19:33:34 Info: Ready To Start A Cutting Cycle ...
info:21-05-2025 19:33:35 Info: Estop Deactivate...
info:21-05-2025 19:33:35 Info: Power On...
warning:21-05-2025 19:33:36 Referencing Axis...
info:21-05-2025 19:33:54 Info: All Axes Homed...
info:21-05-2025 19:34:04 Info: Ready To Start A Cutting Cycle ...
info:21-05-2025 19:34:06 Info: Estop Deactivate...
info:21-05-2025 19:34:06 Info: Power On...
warning:21-05-2025 19:34:07 Referencing Axis...
info:21-05-2025 19:34:24 Info: All Axes Homed...
info:21-05-2025 19:34:33 Info: Ready To Start A Cutting Cycle ...
info:21-05-2025 19:34:35 Info: Estop Deactivate...
info:21-05-2025 19:34:35 Info: Power On...
warning:21-05-2025 19:34:35 Referencing Axis...
info:21-05-2025 19:34:53 Info: Power Off...
info:21-05-2025 19:35:06 Info: Ready To Start A Cutting Cycle ...
info:21-05-2025 19:35:07 Info: Estop Deactivate...
info:21-05-2025 19:35:08 Info: Power On...
warning:21-05-2025 19:35:09 Referencing Axis...
info:21-05-2025 19:35:36 Info: Ready To Start A Cutting Cycle ...
info:21-05-2025 19:35:37 Info: Estop Deactivate...
info:21-05-2025 19:35:37 Info: Power On...
warning:21-05-2025 19:35:38 Referencing Axis...
info:21-05-2025 19:35:42 Info: All Axes Homed...
info:21-05-2025 19:35:58 Info: Ready To Start A Cutting Cycle ...
info:21-05-2025 19:35:59 Info: Estop Deactivate...
info:21-05-2025 19:36:00 Info: Power On...
warning:21-05-2025 19:45:41 Referencing Axis...
info:21-05-2025 19:45:58 Info: Power Off...
info:21-05-2025 20:05:59 Info: Ready To Start A Cutting Cycle ...
info:21-05-2025 20:06:00 Info: Estop Deactivate...
info:21-05-2025 20:06:01 Info: Power On...
warning:21-05-2025 20:06:01 Referencing Axis...
info:21-05-2025 20:06:22 Info: Ready To Start A Cutting Cycle ...
info:21-05-2025 20:06:23 Info: Estop Deactivate...
info:21-05-2025 20:06:23 Info: Power On...
warning:21-05-2025 20:06:24 Referencing Axis...
info:21-05-2025 20:06:35 Info: All Axes Homed...
info:21-05-2025 20:06:47 Info: Ready To Start A Cutting Cycle ...
info:21-05-2025 20:06:48 Info: Estop Deactivate...
info:21-05-2025 20:06:49 Info: Power On...
warning:21-05-2025 20:06:49 Referencing Axis...
info:21-05-2025 20:07:07 Info: All Axes Homed...
info:21-05-2025 20:07:18 Info: Ready To Start A Cutting Cycle ...
info:21-05-2025 20:07:19 Info: Estop Deactivate...
info:21-05-2025 20:07:20 Info: Power On...
warning:21-05-2025 20:07:20 Referencing Axis...
info:21-05-2025 20:07:38 Info: Power Off...
info:21-05-2025 20:07:53 Info: Ready To Start A Cutting Cycle ...
info:21-05-2025 20:07:54 Info: Estop Deactivate...
info:21-05-2025 20:07:54 Info: Power On...
warning:21-05-2025 20:07:54 Referencing Axis...
info:21-05-2025 20:08:12 Info: Power Off...
info:21-05-2025 20:08:26 Info: Ready To Start A Cutting Cycle ...
info:21-05-2025 20:08:27 Info: Estop Deactivate...
info:21-05-2025 20:08:27 Info: Power On...
warning:21-05-2025 20:08:28 Referencing Axis...
info:21-05-2025 20:08:46 Info: Power Off...
info:21-05-2025 20:09:05 Info: Ready To Start A Cutting Cycle ...
info:21-05-2025 20:09:07 Info: Estop Deactivate...
info:21-05-2025 20:09:07 Info: Power On...
warning:21-05-2025 20:09:08 Referencing Axis...
info:21-05-2025 20:09:26 Info: Power Off...
info:21-05-2025 20:09:38 Info: Ready To Start A Cutting Cycle ...
info:21-05-2025 20:09:39 Info: Estop Deactivate...
info:21-05-2025 20:09:39 Info: Power On...
warning:21-05-2025 20:09:39 Referencing Axis...
info:21-05-2025 20:09:56 Info: Power Off...
info:21-05-2025 20:10:17 Info: Ready To Start A Cutting Cycle ...
info:21-05-2025 20:10:18 Info: Estop Deactivate...
info:21-05-2025 20:10:19 Info: Power On...
warning:21-05-2025 20:10:19 Referencing Axis...
info:21-05-2025 20:10:21 Info: Power Off...
info:21-05-2025 20:10:38 Info: Ready To Start A Cutting Cycle ...
info:21-05-2025 20:10:39 Info: Estop Deactivate...
info:21-05-2025 20:10:39 Info: Power On...
warning:21-05-2025 20:10:40 Referencing Axis...
info:21-05-2025 20:10:44 Info: Power Off...
info:21-05-2025 20:11:14 Info: Ready To Start A Cutting Cycle ...
info:21-05-2025 20:11:15 Info: Estop Deactivate...
info:21-05-2025 20:11:15 Info: Power On...
warning:21-05-2025 20:11:15 Referencing Axis...
info:21-05-2025 20:11:36 Info: Ready To Start A Cutting Cycle ...
info:21-05-2025 20:11:38 Info: Estop Deactivate...
info:21-05-2025 20:11:39 Info: Power On...
warning:21-05-2025 20:11:39 Referencing Axis...
info:21-05-2025 20:11:54 Info: Ready To Start A Cutting Cycle ...
info:21-05-2025 20:11:55 Info: Estop Deactivate...
info:21-05-2025 20:11:55 Info: Power On...
warning:21-05-2025 20:11:55 Referencing Axis...
info:21-05-2025 20:12:08 Info: Ready To Start A Cutting Cycle ...
info:21-05-2025 20:12:09 Info: Estop Deactivate...
info:21-05-2025 20:12:10 Info: Power On...
warning:21-05-2025 20:12:10 Referencing Axis...
info:21-05-2025 20:12:27 Info: Ready To Start A Cutting Cycle ...
info:21-05-2025 20:12:28 Info: Estop Deactivate...
info:21-05-2025 20:12:28 Info: Power On...
warning:21-05-2025 20:12:28 Referencing Axis...
info:21-05-2025 20:12:46 Info: All Axes Homed...
info:21-05-2025 20:12:57 Info: Ready To Start A Cutting Cycle ...
info:21-05-2025 20:12:58 Info: Estop Deactivate...
info:21-05-2025 20:12:58 Info: Power On...
warning:21-05-2025 20:12:59 Referencing Axis...
info:21-05-2025 20:13:17 Info: All Axes Homed...
info:21-05-2025 20:13:26 Info: Ready To Start A Cutting Cycle ...
info:21-05-2025 20:13:27 Info: Estop Deactivate...
info:21-05-2025 20:13:27 Info: Power On...
warning:21-05-2025 20:13:27 Referencing Axis...
info:21-05-2025 20:13:45 Info: All Axes Homed...
info:21-05-2025 20:13:54 Info: Ready To Start A Cutting Cycle ...
info:21-05-2025 20:13:55 Info: Estop Deactivate...
info:21-05-2025 20:13:55 Info: Power On...
warning:21-05-2025 20:13:56 Referencing Axis...
info:21-05-2025 20:14:14 Info: Power Off...
info:21-05-2025 20:14:34 Info: Ready To Start A Cutting Cycle ...
info:21-05-2025 20:14:35 Info: Estop Deactivate...
info:21-05-2025 20:14:35 Info: Power On...
warning:21-05-2025 20:14:36 Referencing Axis...
info:21-05-2025 20:14:51 Info: Ready To Start A Cutting Cycle ...
info:21-05-2025 20:14:52 Info: Estop Deactivate...
info:21-05-2025 20:14:53 Info: Power On...
warning:21-05-2025 20:14:53 Referencing Axis...
info:21-05-2025 20:15:09 Info: Ready To Start A Cutting Cycle ...
info:21-05-2025 20:15:11 Info: Estop Deactivate...
info:21-05-2025 20:15:11 Info: Power On...
warning:21-05-2025 20:15:11 Referencing Axis...
info:21-05-2025 20:15:27 Info: Ready To Start A Cutting Cycle ...
info:21-05-2025 20:15:28 Info: Estop Deactivate...
info:21-05-2025 20:15:29 Info: Power On...
warning:21-05-2025 20:15:29 Referencing Axis...
info:21-05-2025 20:15:36 Info: All Axes Homed...
info:21-05-2025 20:15:45 Info: Ready To Start A Cutting Cycle ...
info:21-05-2025 20:15:46 Info: Estop Deactivate...
info:21-05-2025 20:15:46 Info: Power On...
warning:21-05-2025 20:15:47 Referencing Axis...
info:21-05-2025 20:16:04 Info: All Axes Homed...
info:21-05-2025 20:16:16 Info: Ready To Start A Cutting Cycle ...
info:21-05-2025 20:16:17 Info: Estop Deactivate...
info:21-05-2025 20:16:18 Info: Power On...
warning:21-05-2025 20:16:18 Referencing Axis...
info:21-05-2025 20:16:36 Info: All Axes Homed...
info:21-05-2025 20:16:45 Info: Ready To Start A Cutting Cycle ...
info:21-05-2025 20:16:47 Info: Estop Deactivate...
info:21-05-2025 20:16:47 Info: Power On...
warning:21-05-2025 20:16:47 Referencing Axis...
info:21-05-2025 20:17:05 Info: Power Off...
info:21-05-2025 20:17:22 Info: Ready To Start A Cutting Cycle ...
info:21-05-2025 20:17:24 Info: Estop Deactivate...
info:21-05-2025 20:17:24 Info: Power On...
warning:21-05-2025 20:17:25 Referencing Axis...
info:21-05-2025 20:17:43 Info: All Axes Homed...
info:21-05-2025 20:18:01 Info: Ready To Start A Cutting Cycle ...
info:21-05-2025 20:18:02 Info: Estop Deactivate...
info:21-05-2025 20:18:02 Info: Power On...
warning:21-05-2025 20:18:02 Referencing Axis...
info:21-05-2025 20:18:20 Info: All Axes Homed...
info:21-05-2025 20:18:35 Info: Ready To Start A Cutting Cycle ...
info:21-05-2025 20:18:36 Info: Estop Deactivate...
info:21-05-2025 20:18:37 Info: Power On...
warning:21-05-2025 20:18:37 Referencing Axis...
info:21-05-2025 20:18:55 Info: All Axes Homed...
info:21-05-2025 20:19:16 Info: Ready To Start A Cutting Cycle ...
info:21-05-2025 20:19:17 Info: Estop Deactivate...
info:21-05-2025 20:19:17 Info: Power On...
warning:21-05-2025 20:19:17 Referencing Axis...
info:21-05-2025 20:19:35 Info: All Axes Homed...
info:21-05-2025 20:19:46 Info: Ready To Start A Cutting Cycle ...
info:21-05-2025 20:19:47 Info: Estop Deactivate...
info:21-05-2025 20:19:48 Info: Power On...
warning:21-05-2025 20:19:48 Referencing Axis...
info:21-05-2025 20:20:06 Info: All Axes Homed...
info:21-05-2025 20:20:17 Info: Ready To Start A Cutting Cycle ...
info:21-05-2025 20:20:18 Info: Estop Deactivate...
info:21-05-2025 20:20:19 Info: Power On...
warning:21-05-2025 20:20:19 Referencing Axis...
info:21-05-2025 20:20:37 Info: All Axes Homed...
info:21-05-2025 20:20:48 Info: Ready To Start A Cutting Cycle ...
info:21-05-2025 20:20:49 Info: Estop Deactivate...
info:21-05-2025 20:20:50 Info: Power On...
warning:21-05-2025 20:20:50 Referencing Axis...
info:21-05-2025 20:21:08 Info: Power Off...
info:21-05-2025 20:21:30 Info: Ready To Start A Cutting Cycle ...
info:21-05-2025 20:21:31 Info: Estop Deactivate...
info:21-05-2025 20:21:31 Info: Power On...
warning:21-05-2025 20:21:32 Referencing Axis...
info:21-05-2025 20:21:50 Info: Power Off...
info:21-05-2025 20:22:17 Info: Ready To Start A Cutting Cycle ...
info:21-05-2025 20:22:18 Info: Estop Deactivate...
info:21-05-2025 20:22:19 Info: Power On...
warning:21-05-2025 20:22:19 Referencing Axis...
info:21-05-2025 20:22:37 Info: All Axes Homed...
info:21-05-2025 20:22:55 Info: Ready To Start A Cutting Cycle ...
info:21-05-2025 20:22:56 Info: Estop Deactivate...
info:21-05-2025 20:22:57 Info: Power On...
warning:21-05-2025 20:22:57 Referencing Axis...
info:21-05-2025 20:23:15 Info: All Axes Homed...
info:21-05-2025 20:23:38 Info: Ready To Start A Cutting Cycle ...
info:21-05-2025 20:23:40 Info: Estop Deactivate...
info:21-05-2025 20:23:41 Info: Power On...
warning:21-05-2025 20:23:41 Referencing Axis...
info:21-05-2025 20:23:59 Info: All Axes Homed...
info:21-05-2025 20:24:11 Info: Ready To Start A Cutting Cycle ...
info:21-05-2025 20:24:12 Info: Estop Deactivate...
info:21-05-2025 20:24:12 Info: Power On...
warning:21-05-2025 20:24:13 Referencing Axis...
info:21-05-2025 20:24:30 Info: All Axes Homed...
info:21-05-2025 20:25:46 Info: Ready To Start A Cutting Cycle ...
info:21-05-2025 20:25:48 Info: Estop Deactivate...
info:21-05-2025 20:25:48 Info: Power On...
warning:21-05-2025 20:25:48 Referencing Axis...
info:21-05-2025 20:25:52 Info: All Axes Homed...
info:21-05-2025 20:26:06 Info: Ready To Start A Cutting Cycle ...
info:21-05-2025 20:26:07 Info: Estop Deactivate...
info:21-05-2025 20:26:08 Info: Power On...
warning:21-05-2025 20:26:08 Referencing Axis...
info:21-05-2025 20:26:26 Info: All Axes Homed...
