info:17-05-2025 00:13:42 Info: Ready To Start A Cutting Cycle ...
info:17-05-2025 00:14:05 Info: Ready To Start A Cutting Cycle ...
info:17-05-2025 00:14:07 Info: Estop Deactivate...
info:17-05-2025 00:14:07 Info: Power On...
warning:17-05-2025 00:14:08 Referencing Axis...
info:17-05-2025 00:14:09 Info: Power Off...
warning:17-05-2025 00:15:13 Warning: Estop Activate...
info:17-05-2025 00:15:14 Info: Estop Deactivate...
info:17-05-2025 00:15:15 Info: Power On...
warning:17-05-2025 00:15:20 Referencing Axis...
info:17-05-2025 00:15:21 Info: Power Off...
info:17-05-2025 00:15:32 Info: Ready To Start A Cutting Cycle ...
info:17-05-2025 00:15:33 Info: Estop Deactivate...
info:17-05-2025 00:15:35 Info: Power On...
warning:17-05-2025 00:15:38 Referencing Axis...
info:17-05-2025 00:15:39 Info: Power Off...
info:17-05-2025 00:17:09 Info: Ready To Start A Cutting Cycle ...
info:17-05-2025 00:17:11 Info: Estop Deactivate...
info:17-05-2025 00:17:12 Info: Power On...
warning:17-05-2025 00:17:18 Referencing Axis...
info:17-05-2025 00:17:19 Info: Power Off...
info:17-05-2025 00:20:30 Info: Ready To Start A Cutting Cycle ...
info:17-05-2025 00:20:32 Info: Estop Deactivate...
info:17-05-2025 00:20:32 Info: Power On...
warning:17-05-2025 00:20:35 Referencing Axis...
info:17-05-2025 00:20:36 Info: Power Off...
warning:17-05-2025 00:20:45 Warning: Estop Activate...
info:17-05-2025 00:20:49 Info: Estop Deactivate...
warning:17-05-2025 00:20:49 Warning: Estop Activate...
info:17-05-2025 00:20:51 Info: Estop Deactivate...
info:17-05-2025 00:20:52 Info: Power On...
warning:17-05-2025 00:20:52 Referencing Axis...
info:17-05-2025 00:20:54 Info: Power Off...
info:17-05-2025 00:22:04 Info: Ready To Start A Cutting Cycle ...
info:17-05-2025 00:22:10 Info: Estop Deactivate...
info:17-05-2025 00:22:10 Info: Power On...
warning:17-05-2025 00:22:11 Referencing Axis...
info:17-05-2025 00:22:12 Info: Power Off...
info:17-05-2025 00:23:58 Info: Ready To Start A Cutting Cycle ...
info:17-05-2025 00:24:10 Info: Estop Deactivate...
info:17-05-2025 00:24:10 Info: Power On...
info:17-05-2025 00:24:17 Info: Power Off...
warning:17-05-2025 00:24:29 Warning: Estop Activate...
info:17-05-2025 00:24:30 Info: Estop Deactivate...
info:17-05-2025 00:24:31 Info: Power On...
warning:17-05-2025 00:24:32 Referencing Axis...
info:17-05-2025 00:24:33 Info: Power Off...
info:17-05-2025 00:25:13 Info: Ready To Start A Cutting Cycle ...
info:17-05-2025 00:25:14 Info: Estop Deactivate...
info:17-05-2025 00:25:14 Info: Power On...
warning:17-05-2025 00:25:15 Referencing Axis...
info:17-05-2025 00:25:16 Info: Power Off...
info:17-05-2025 00:25:31 Info: Ready To Start A Cutting Cycle ...
info:17-05-2025 00:25:32 Info: Estop Deactivate...
info:17-05-2025 00:25:33 Info: Power On...
warning:17-05-2025 00:25:33 Referencing Axis...
info:17-05-2025 00:25:35 Info: Power Off...
info:17-05-2025 00:25:49 Info: Ready To Start A Cutting Cycle ...
info:17-05-2025 00:25:50 Info: Estop Deactivate...
info:17-05-2025 00:25:51 Info: Power On...
warning:17-05-2025 00:25:51 Referencing Axis...
info:17-05-2025 00:25:53 Info: Power Off...
info:17-05-2025 00:26:06 Info: Ready To Start A Cutting Cycle ...
info:17-05-2025 00:26:07 Info: Estop Deactivate...
info:17-05-2025 00:26:07 Info: Power On...
warning:17-05-2025 00:26:08 Referencing Axis...
info:17-05-2025 00:26:10 Info: Power Off...
info:17-05-2025 00:26:21 Info: Ready To Start A Cutting Cycle ...
info:17-05-2025 00:26:23 Info: Estop Deactivate...
info:17-05-2025 00:26:23 Info: Power On...
warning:17-05-2025 00:26:24 Referencing Axis...
info:17-05-2025 00:26:25 Info: Power Off...
info:17-05-2025 00:26:36 Info: Ready To Start A Cutting Cycle ...
info:17-05-2025 00:26:37 Info: Estop Deactivate...
info:17-05-2025 00:26:38 Info: Power On...
warning:17-05-2025 00:26:39 Referencing Axis...
info:17-05-2025 00:26:40 Info: Power Off...
info:17-05-2025 00:26:57 Info: Ready To Start A Cutting Cycle ...
info:17-05-2025 00:26:58 Info: Estop Deactivate...
info:17-05-2025 00:26:59 Info: Power On...
warning:17-05-2025 00:26:59 Referencing Axis...
info:17-05-2025 00:27:01 Info: Power Off...
info:17-05-2025 00:27:16 Info: Ready To Start A Cutting Cycle ...
info:17-05-2025 00:27:17 Info: Estop Deactivate...
info:17-05-2025 00:27:17 Info: Power On...
warning:17-05-2025 00:27:18 Referencing Axis...
info:17-05-2025 00:27:19 Info: Power Off...
info:17-05-2025 00:27:34 Info: Ready To Start A Cutting Cycle ...
info:17-05-2025 00:27:35 Info: Estop Deactivate...
info:17-05-2025 00:27:36 Info: Power On...
warning:17-05-2025 00:27:36 Referencing Axis...
info:17-05-2025 00:27:38 Info: Power Off...
info:17-05-2025 00:27:50 Info: Ready To Start A Cutting Cycle ...
info:17-05-2025 00:27:51 Info: Estop Deactivate...
info:17-05-2025 00:27:51 Info: Power On...
warning:17-05-2025 00:27:52 Referencing Axis...
info:17-05-2025 00:27:53 Info: Power Off...
info:17-05-2025 00:28:09 Info: Ready To Start A Cutting Cycle ...
info:17-05-2025 00:28:11 Info: Estop Deactivate...
info:17-05-2025 00:28:11 Info: Power On...
warning:17-05-2025 00:28:12 Referencing Axis...
info:17-05-2025 00:28:13 Info: Power Off...
info:17-05-2025 00:28:33 Info: Ready To Start A Cutting Cycle ...
info:17-05-2025 00:28:34 Info: Estop Deactivate...
info:17-05-2025 00:28:35 Info: Power On...
warning:17-05-2025 00:28:35 Referencing Axis...
info:17-05-2025 00:28:37 Info: Power Off...
info:17-05-2025 00:29:23 Info: Ready To Start A Cutting Cycle ...
info:17-05-2025 00:29:24 Info: Estop Deactivate...
info:17-05-2025 00:29:25 Info: Power On...
warning:17-05-2025 00:29:25 Referencing Axis...
info:17-05-2025 00:29:27 Info: Power Off...
info:17-05-2025 00:29:37 Info: Ready To Start A Cutting Cycle ...
info:17-05-2025 00:29:38 Info: Estop Deactivate...
info:17-05-2025 00:29:39 Info: Power On...
warning:17-05-2025 00:29:40 Referencing Axis...
info:17-05-2025 00:29:41 Info: Power Off...
info:17-05-2025 00:29:55 Info: Ready To Start A Cutting Cycle ...
info:17-05-2025 00:29:57 Info: Estop Deactivate...
info:17-05-2025 00:29:57 Info: Power On...
warning:17-05-2025 00:29:57 Referencing Axis...
info:17-05-2025 00:29:59 Info: Power Off...
info:17-05-2025 00:30:14 Info: Ready To Start A Cutting Cycle ...
info:17-05-2025 00:30:16 Info: Estop Deactivate...
info:17-05-2025 00:30:16 Info: Power On...
warning:17-05-2025 00:30:16 Referencing Axis...
info:17-05-2025 00:30:18 Info: Power Off...
info:17-05-2025 00:31:19 Info: Ready To Start A Cutting Cycle ...
info:17-05-2025 00:31:20 Info: Estop Deactivate...
info:17-05-2025 00:31:21 Info: Power On...
info:17-05-2025 00:31:24 Info: Power Off...
warning:17-05-2025 00:31:24 Warning: Estop Activate...
info:17-05-2025 00:31:55 Info: Ready To Start A Cutting Cycle ...
info:17-05-2025 00:31:57 Info: Estop Deactivate...
info:17-05-2025 00:31:57 Info: Power On...
warning:17-05-2025 00:31:58 Referencing Axis...
warning:17-05-2025 00:32:10 Referencing Axis...
info:17-05-2025 00:32:26 Info: Ready To Start A Cutting Cycle ...
info:17-05-2025 00:32:28 Info: Estop Deactivate...
info:17-05-2025 00:32:28 Info: Power On...
warning:17-05-2025 00:32:31 Referencing Axis...
info:17-05-2025 00:33:47 Info: Ready To Start A Cutting Cycle ...
info:17-05-2025 00:33:49 Info: Estop Deactivate...
info:17-05-2025 00:33:49 Info: Power On...
warning:17-05-2025 00:33:53 Referencing Axis...
warning:17-05-2025 00:34:00 Warning: Estop Activate...
info:17-05-2025 00:34:00 Info: Power Off...
info:17-05-2025 00:34:02 Info: Estop Deactivate...
info:17-05-2025 00:34:02 Info: Power On...
warning:17-05-2025 00:34:05 Referencing Axis...
info:17-05-2025 00:34:25 Info: Power Off...
warning:17-05-2025 00:34:25 Warning: Estop Activate...
info:17-05-2025 00:34:42 Info: Ready To Start A Cutting Cycle ...
info:17-05-2025 00:34:43 Info: Estop Deactivate...
info:17-05-2025 00:34:44 Info: Power On...
warning:17-05-2025 00:34:46 Referencing Axis...
info:17-05-2025 00:35:23 Info: Ready To Start A Cutting Cycle ...
info:17-05-2025 00:35:24 Info: Estop Deactivate...
info:17-05-2025 00:35:25 Info: Power On...
warning:17-05-2025 00:35:35 Referencing Axis...
info:17-05-2025 00:36:16 Info: Ready To Start A Cutting Cycle ...
info:17-05-2025 00:36:18 Info: Estop Deactivate...
info:17-05-2025 00:36:18 Info: Power On...
warning:17-05-2025 00:36:19 Referencing Axis...
warning:17-05-2025 00:36:25 Referencing Axis...
info:17-05-2025 00:36:42 Info: Ready To Start A Cutting Cycle ...
info:17-05-2025 00:36:43 Info: Estop Deactivate...
info:17-05-2025 00:36:44 Info: Power On...
warning:17-05-2025 00:36:46 Referencing Axis...
info:17-05-2025 00:37:17 Info: Ready To Start A Cutting Cycle ...
info:17-05-2025 00:37:18 Info: Estop Deactivate...
info:17-05-2025 00:37:19 Info: Power On...
warning:17-05-2025 00:37:21 Referencing Axis...
info:17-05-2025 00:38:24 Info: Ready To Start A Cutting Cycle ...
info:17-05-2025 00:38:25 Info: Estop Deactivate...
info:17-05-2025 00:38:25 Info: Power On...
warning:17-05-2025 00:38:33 Referencing Axis...
info:17-05-2025 00:39:40 Info: Ready To Start A Cutting Cycle ...
info:17-05-2025 00:39:41 Info: Estop Deactivate...
info:17-05-2025 00:39:41 Info: Power On...
warning:17-05-2025 00:39:45 Referencing Axis...
info:17-05-2025 00:40:14 Info: Ready To Start A Cutting Cycle ...
info:17-05-2025 00:40:16 Info: Estop Deactivate...
info:17-05-2025 00:40:16 Info: Power On...
warning:17-05-2025 00:40:26 Referencing Axis...
info:17-05-2025 00:40:48 Info: Ready To Start A Cutting Cycle ...
info:17-05-2025 00:40:49 Info: Estop Deactivate...
info:17-05-2025 00:40:50 Info: Power On...
warning:17-05-2025 00:40:55 Referencing Axis...
info:17-05-2025 00:41:22 Info: Ready To Start A Cutting Cycle ...
info:17-05-2025 00:41:23 Info: Estop Deactivate...
info:17-05-2025 00:41:24 Info: Power On...
warning:17-05-2025 00:41:31 Referencing Axis...
info:17-05-2025 00:41:37 Info: Power Off...
warning:17-05-2025 00:41:37 Warning: Estop Activate...
info:17-05-2025 00:45:16 Info: Ready To Start A Cutting Cycle ...
info:17-05-2025 00:45:17 Info: Estop Deactivate...
info:17-05-2025 00:45:17 Info: Power On...
warning:17-05-2025 00:45:22 Referencing Axis...
info:17-05-2025 00:45:48 Info: Ready To Start A Cutting Cycle ...
info:17-05-2025 00:45:49 Info: Estop Deactivate...
info:17-05-2025 00:45:50 Info: Power On...
warning:17-05-2025 00:45:52 Referencing Axis...
info:17-05-2025 00:46:32 Info: Ready To Start A Cutting Cycle ...
info:17-05-2025 00:46:33 Info: Estop Deactivate...
info:17-05-2025 00:46:34 Info: Power On...
warning:17-05-2025 00:46:36 Referencing Axis...
info:17-05-2025 00:46:43 Info: All Axes Homed...
info:17-05-2025 00:47:05 Info: Press Busy Hands Buttons For Move...
info:17-05-2025 00:47:06 Info: Normal Cut...
info:17-05-2025 00:47:17 Info: Ready To Start A Cutting Cycle ...
info:17-05-2025 00:47:43 Info: Ready To Start A Cutting Cycle ...
info:17-05-2025 00:47:44 Info: Estop Deactivate...
info:17-05-2025 00:47:45 Info: Power On...
info:17-05-2025 00:48:05 Info: Ready To Start A Cutting Cycle ...
info:17-05-2025 00:48:06 Info: Estop Deactivate...
info:17-05-2025 00:48:07 Info: Power On...
warning:17-05-2025 00:48:09 Referencing Axis...
info:17-05-2025 00:48:33 Info: Ready To Start A Cutting Cycle ...
info:17-05-2025 00:48:34 Info: Estop Deactivate...
info:17-05-2025 00:48:35 Info: Power On...
warning:17-05-2025 00:48:35 Referencing Axis...
info:17-05-2025 00:48:50 Info: Ready To Start A Cutting Cycle ...
info:17-05-2025 00:48:51 Info: Estop Deactivate...
info:17-05-2025 00:48:52 Info: Power On...
warning:17-05-2025 00:48:57 Referencing Axis...
info:17-05-2025 00:49:21 Info: Ready To Start A Cutting Cycle ...
info:17-05-2025 00:49:22 Info: Estop Deactivate...
info:17-05-2025 00:49:23 Info: Power On...
warning:17-05-2025 00:49:24 Referencing Axis...
info:17-05-2025 00:51:14 Info: Ready To Start A Cutting Cycle ...
info:17-05-2025 00:51:15 Info: Estop Deactivate...
info:17-05-2025 00:51:16 Info: Power On...
warning:17-05-2025 00:51:20 Referencing Axis...
warning:17-05-2025 00:51:25 Referencing Axis...
info:17-05-2025 00:52:06 Info: Ready To Start A Cutting Cycle ...
info:17-05-2025 00:52:07 Info: Estop Deactivate...
info:17-05-2025 00:52:08 Info: Power On...
warning:17-05-2025 00:52:10 Referencing Axis...
info:17-05-2025 00:52:24 Info: Ready To Start A Cutting Cycle ...
info:17-05-2025 00:52:25 Info: Estop Deactivate...
info:17-05-2025 00:52:25 Info: Power On...
warning:17-05-2025 00:52:27 Referencing Axis...
info:17-05-2025 00:53:02 Info: Ready To Start A Cutting Cycle ...
info:17-05-2025 00:53:03 Info: Estop Deactivate...
info:17-05-2025 00:53:04 Info: Power On...
warning:17-05-2025 00:53:07 Referencing Axis...
info:17-05-2025 00:53:32 Info: Ready To Start A Cutting Cycle ...
info:17-05-2025 00:53:33 Info: Estop Deactivate...
info:17-05-2025 00:53:34 Info: Power On...
warning:17-05-2025 00:53:35 Referencing Axis...
info:17-05-2025 00:53:43 Info: All Axes Homed...
info:17-05-2025 00:54:10 Info: Ready To Start A Cutting Cycle ...
info:17-05-2025 00:54:11 Info: Estop Deactivate...
info:17-05-2025 00:54:11 Info: Power On...
warning:17-05-2025 00:54:14 Referencing Axis...
info:17-05-2025 00:54:29 Info: Ready To Start A Cutting Cycle ...
info:17-05-2025 00:54:31 Info: Estop Deactivate...
info:17-05-2025 00:54:31 Info: Power On...
warning:17-05-2025 00:54:33 Referencing Axis...
info:17-05-2025 00:55:04 Info: Ready To Start A Cutting Cycle ...
info:17-05-2025 00:55:05 Info: Estop Deactivate...
info:17-05-2025 00:55:06 Info: Power On...
warning:17-05-2025 00:55:08 Referencing Axis...
info:17-05-2025 00:55:39 Info: Ready To Start A Cutting Cycle ...
info:17-05-2025 00:55:41 Info: Estop Deactivate...
info:17-05-2025 00:55:42 Info: Power On...
warning:17-05-2025 00:55:42 Referencing Axis...
info:17-05-2025 00:56:02 Info: Ready To Start A Cutting Cycle ...
info:17-05-2025 00:56:03 Info: Estop Deactivate...
info:17-05-2025 00:56:04 Info: Power On...
warning:17-05-2025 00:56:06 Referencing Axis...
info:17-05-2025 00:59:00 Info: Ready To Start A Cutting Cycle ...
info:17-05-2025 00:59:04 Info: Estop Deactivate...
info:17-05-2025 00:59:05 Info: Power On...
info:17-05-2025 01:03:09 Info: Ready To Start A Cutting Cycle ...
info:17-05-2025 01:03:15 Info: Estop Deactivate...
info:17-05-2025 01:03:16 Info: Power On...
warning:17-05-2025 01:03:19 Referencing Axis...
warning:17-05-2025 01:08:12 Warning: Estop Activate...
info:17-05-2025 01:08:12 Info: Power Off...
info:17-05-2025 01:12:30 Info: Ready To Start A Cutting Cycle ...
info:17-05-2025 01:13:05 Info: Ready To Start A Cutting Cycle ...
info:17-05-2025 01:13:06 Info: Estop Deactivate...
info:17-05-2025 01:13:07 Info: Power On...
warning:17-05-2025 01:13:10 Referencing Axis...
info:17-05-2025 01:13:35 Info: Ready To Start A Cutting Cycle ...
info:17-05-2025 01:13:36 Info: Estop Deactivate...
info:17-05-2025 01:13:37 Info: Power On...
warning:17-05-2025 01:13:37 Referencing Axis...
info:17-05-2025 01:13:50 Info: All Axes Homed...
warning:17-05-2025 01:13:57 Warning: Number of Cuts is Zero...
info:17-05-2025 01:14:01 Info: Press Busy Hands Buttons For Move...
info:17-05-2025 01:14:02 Info: Normal Cut...
info:17-05-2025 01:14:19 Info: Ready To Start A Cutting Cycle ...
info:17-05-2025 01:14:44 Info: Ready To Start A Cutting Cycle ...
info:17-05-2025 01:14:46 Info: Estop Deactivate...
info:17-05-2025 01:14:46 Info: Power On...
info:17-05-2025 01:15:02 Info: Power Off...
warning:17-05-2025 01:15:02 Warning: Estop Activate...
info:17-05-2025 01:15:03 Info: Estop Deactivate...
info:17-05-2025 01:15:04 Info: Power On...
warning:17-05-2025 01:15:13 Referencing Axis...
info:17-05-2025 01:15:34 Info: Ready To Start A Cutting Cycle ...
info:17-05-2025 01:15:36 Info: Estop Deactivate...
info:17-05-2025 01:15:36 Info: Power On...
warning:17-05-2025 01:15:38 Referencing Axis...
info:17-05-2025 01:15:54 Info: Power Off...
warning:17-05-2025 01:15:54 Warning: Estop Activate...
info:17-05-2025 01:15:55 Info: Estop Deactivate...
info:17-05-2025 01:15:56 Info: Power On...
warning:17-05-2025 01:15:57 Referencing Axis...
info:17-05-2025 01:16:19 Info: All Axes Homed...
info:17-05-2025 01:16:40 Info: Ready To Start A Cutting Cycle ...
info:17-05-2025 01:16:41 Info: Estop Deactivate...
info:17-05-2025 01:16:41 Info: Power On...
warning:17-05-2025 01:16:52 Referencing Axis...
info:17-05-2025 01:17:20 Info: All Axes Homed...
info:17-05-2025 01:17:54 Info: Ready To Start A Cutting Cycle ...
info:17-05-2025 01:17:56 Info: Estop Deactivate...
info:17-05-2025 01:17:57 Info: Power On...
warning:17-05-2025 01:18:03 Referencing Axis...
info:17-05-2025 01:19:01 Info: Ready To Start A Cutting Cycle ...
info:17-05-2025 01:19:03 Info: Estop Deactivate...
info:17-05-2025 01:19:04 Info: Power On...
warning:17-05-2025 01:19:10 Referencing Axis...
info:17-05-2025 01:19:36 Info: Ready To Start A Cutting Cycle ...
info:17-05-2025 01:19:37 Info: Estop Deactivate...
info:17-05-2025 01:19:38 Info: Power On...
warning:17-05-2025 01:19:39 Referencing Axis...
info:17-05-2025 01:19:54 Info: All Axes Homed...
info:17-05-2025 01:20:06 Info: Ready To Start A Cutting Cycle ...
info:17-05-2025 01:20:16 Info: Estop Deactivate...
info:17-05-2025 01:20:17 Info: Power On...
warning:17-05-2025 01:20:43 Referencing Axis...
info:17-05-2025 01:21:11 Info: All Axes Homed...
warning:17-05-2025 01:21:44 Referencing Axis...
warning:17-05-2025 01:21:46 Warning: 0 Axis Not Homed...
info:17-05-2025 01:22:15 Info: Power Off...
warning:17-05-2025 01:22:16 Warning: Estop Activate...
info:17-05-2025 01:46:37 Info: Ready To Start A Cutting Cycle ...
info:17-05-2025 01:46:39 Info: Estop Deactivate...
info:17-05-2025 01:46:40 Info: Power On...
warning:17-05-2025 01:46:41 Referencing Axis...
info:17-05-2025 01:46:42 Info: Power Off...
info:17-05-2025 01:47:05 Info: Ready To Start A Cutting Cycle ...
info:17-05-2025 01:47:07 Info: Estop Deactivate...
info:17-05-2025 01:47:07 Info: Power On...
warning:17-05-2025 01:47:08 Referencing Axis...
info:17-05-2025 01:47:09 Info: Power Off...
info:17-05-2025 01:49:43 Info: Ready To Start A Cutting Cycle ...
info:17-05-2025 01:49:44 Info: Estop Deactivate...
info:17-05-2025 01:49:45 Info: Power On...
warning:17-05-2025 01:49:46 Referencing Axis...
info:17-05-2025 01:49:48 Info: Power Off...
info:17-05-2025 01:50:04 Info: Ready To Start A Cutting Cycle ...
info:17-05-2025 01:50:05 Info: Estop Deactivate...
info:17-05-2025 01:50:06 Info: Power On...
warning:17-05-2025 01:50:06 Referencing Axis...
info:17-05-2025 01:50:08 Info: Power Off...
info:17-05-2025 01:50:31 Info: Ready To Start A Cutting Cycle ...
info:17-05-2025 01:50:32 Info: Estop Deactivate...
info:17-05-2025 01:50:32 Info: Power On...
warning:17-05-2025 01:50:33 Referencing Axis...
info:17-05-2025 01:50:35 Info: Power Off...
info:17-05-2025 01:53:38 Info: Ready To Start A Cutting Cycle ...
info:17-05-2025 01:53:39 Info: Estop Deactivate...
info:17-05-2025 01:53:40 Info: Power On...
warning:17-05-2025 01:53:41 Referencing Axis...
info:17-05-2025 01:53:42 Info: Power Off...
info:17-05-2025 01:54:26 Info: Ready To Start A Cutting Cycle ...
info:17-05-2025 01:54:27 Info: Estop Deactivate...
info:17-05-2025 01:54:27 Info: Power On...
warning:17-05-2025 01:54:28 Referencing Axis...
info:17-05-2025 01:54:30 Info: Power Off...
info:17-05-2025 01:54:42 Info: Ready To Start A Cutting Cycle ...
info:17-05-2025 01:54:43 Info: Estop Deactivate...
info:17-05-2025 01:54:44 Info: Power On...
warning:17-05-2025 01:54:44 Referencing Axis...
info:17-05-2025 01:54:46 Info: Power Off...
info:17-05-2025 01:54:55 Info: Ready To Start A Cutting Cycle ...
info:17-05-2025 01:54:57 Info: Estop Deactivate...
info:17-05-2025 01:54:57 Info: Power On...
warning:17-05-2025 01:54:58 Referencing Axis...
info:17-05-2025 01:55:00 Info: Power Off...
info:17-05-2025 01:55:11 Info: Ready To Start A Cutting Cycle ...
info:17-05-2025 01:55:12 Info: Estop Deactivate...
info:17-05-2025 01:55:13 Info: Power On...
warning:17-05-2025 01:55:13 Referencing Axis...
info:17-05-2025 01:55:15 Info: Power Off...
info:17-05-2025 02:02:51 Info: Ready To Start A Cutting Cycle ...
info:17-05-2025 02:02:58 Info: Estop Deactivate...
info:17-05-2025 02:02:59 Info: Power On...
warning:17-05-2025 02:03:06 Referencing Axis...
info:17-05-2025 02:03:08 Info: Power Off...
info:17-05-2025 02:05:13 Info: Ready To Start A Cutting Cycle ...
info:17-05-2025 02:05:14 Info: Estop Deactivate...
info:17-05-2025 02:05:15 Info: Power On...
warning:17-05-2025 02:05:17 Referencing Axis...
info:17-05-2025 02:05:18 Info: Power Off...
info:17-05-2025 02:06:08 Info: Ready To Start A Cutting Cycle ...
info:17-05-2025 02:06:09 Info: Estop Deactivate...
info:17-05-2025 02:06:09 Info: Power On...
warning:17-05-2025 02:06:10 Referencing Axis...
info:17-05-2025 02:06:12 Info: Power Off...
info:17-05-2025 02:06:23 Info: Ready To Start A Cutting Cycle ...
info:17-05-2025 02:06:24 Info: Estop Deactivate...
info:17-05-2025 02:06:24 Info: Power On...
warning:17-05-2025 02:06:25 Referencing Axis...
info:17-05-2025 02:06:26 Info: Power Off...
info:17-05-2025 02:06:37 Info: Ready To Start A Cutting Cycle ...
info:17-05-2025 02:06:40 Info: Estop Deactivate...
info:17-05-2025 02:06:40 Info: Power On...
warning:17-05-2025 02:06:41 Referencing Axis...
info:17-05-2025 02:06:43 Info: Power Off...
info:17-05-2025 02:07:00 Info: Ready To Start A Cutting Cycle ...
info:17-05-2025 02:07:02 Info: Estop Deactivate...
info:17-05-2025 02:07:02 Info: Power On...
warning:17-05-2025 02:07:03 Referencing Axis...
info:17-05-2025 02:07:05 Info: Power Off...
info:17-05-2025 02:07:20 Info: Ready To Start A Cutting Cycle ...
info:17-05-2025 02:07:21 Info: Estop Deactivate...
info:17-05-2025 02:07:21 Info: Power On...
warning:17-05-2025 02:07:22 Referencing Axis...
info:17-05-2025 02:07:24 Info: Power Off...
info:17-05-2025 02:07:35 Info: Ready To Start A Cutting Cycle ...
info:17-05-2025 02:07:36 Info: Estop Deactivate...
info:17-05-2025 02:07:37 Info: Power On...
warning:17-05-2025 02:07:42 Referencing Axis...
info:17-05-2025 02:07:44 Info: Power Off...
info:17-05-2025 13:29:36 Info: Ready To Start A Cutting Cycle ...
info:17-05-2025 13:52:17 Info: Ready To Start A Cutting Cycle ...
info:17-05-2025 13:52:19 Info: Estop Deactivate...
info:17-05-2025 13:52:20 Info: Power On...
warning:17-05-2025 13:52:21 Referencing Axis...
info:17-05-2025 13:52:22 Info: Power Off...
info:17-05-2025 13:53:00 Info: Ready To Start A Cutting Cycle ...
info:17-05-2025 13:53:02 Info: Estop Deactivate...
info:17-05-2025 13:53:03 Info: Power On...
info:17-05-2025 13:53:29 Info: Power Off...
info:17-05-2025 13:54:08 Info: Ready To Start A Cutting Cycle ...
info:17-05-2025 13:54:10 Info: Estop Deactivate...
info:17-05-2025 13:54:11 Info: Power On...
warning:17-05-2025 13:54:11 Referencing Axis...
info:17-05-2025 13:55:14 Info: All Axes Homed...
info:17-05-2025 13:56:14 Info: Ready To Start A Cutting Cycle ...
info:17-05-2025 13:56:26 Info: Estop Deactivate...
info:17-05-2025 13:56:27 Info: Power On...
info:17-05-2025 13:58:10 Info: Ready To Start A Cutting Cycle ...
info:17-05-2025 13:58:13 Info: Estop Deactivate...
info:17-05-2025 13:58:13 Info: Power On...
warning:17-05-2025 13:58:14 Referencing Axis...
info:17-05-2025 13:59:16 Info: All Axes Homed...
info:17-05-2025 14:05:11 Info: Ready To Start A Cutting Cycle ...
info:17-05-2025 14:05:12 Info: Estop Deactivate...
info:17-05-2025 14:05:13 Info: Power On...
warning:17-05-2025 14:05:14 Referencing Axis...
info:17-05-2025 14:05:16 Info: Power Off...
info:17-05-2025 14:05:33 Info: Ready To Start A Cutting Cycle ...
info:17-05-2025 14:05:35 Info: Estop Deactivate...
info:17-05-2025 14:05:35 Info: Power On...
warning:17-05-2025 14:05:36 Referencing Axis...
info:17-05-2025 14:05:37 Info: Power Off...
warning:17-05-2025 14:05:41 Warning: Estop Activate...
info:17-05-2025 14:05:42 Info: Estop Deactivate...
info:17-05-2025 14:05:43 Info: Power On...
warning:17-05-2025 14:05:43 Referencing Axis...
info:17-05-2025 14:05:45 Info: Power Off...
info:17-05-2025 14:06:22 Info: Ready To Start A Cutting Cycle ...
info:17-05-2025 14:06:23 Info: Estop Deactivate...
info:17-05-2025 14:06:23 Info: Power On...
warning:17-05-2025 14:06:24 Referencing Axis...
info:17-05-2025 14:06:25 Info: Power Off...
warning:17-05-2025 14:06:27 Warning: Estop Activate...
info:17-05-2025 14:06:48 Info: Ready To Start A Cutting Cycle ...
info:17-05-2025 14:06:49 Info: Estop Deactivate...
info:17-05-2025 14:06:49 Info: Power On...
warning:17-05-2025 14:06:50 Referencing Axis...
info:17-05-2025 14:06:51 Info: Power Off...
info:17-05-2025 14:07:47 Info: Ready To Start A Cutting Cycle ...
info:17-05-2025 14:07:49 Info: Estop Deactivate...
info:17-05-2025 14:07:49 Info: Power On...
warning:17-05-2025 14:07:55 Referencing Axis...
info:17-05-2025 14:07:57 Info: Power Off...
info:17-05-2025 14:08:13 Info: Ready To Start A Cutting Cycle ...
info:17-05-2025 14:08:14 Info: Estop Deactivate...
info:17-05-2025 14:08:15 Info: Power On...
warning:17-05-2025 14:08:20 Referencing Axis...
info:17-05-2025 14:08:21 Info: Power Off...
info:17-05-2025 14:09:45 Info: Ready To Start A Cutting Cycle ...
info:17-05-2025 14:09:47 Info: Estop Deactivate...
info:17-05-2025 14:09:47 Info: Power On...
warning:17-05-2025 14:09:47 Referencing Axis...
info:17-05-2025 14:09:49 Info: Power Off...
info:17-05-2025 14:11:12 Info: Ready To Start A Cutting Cycle ...
info:17-05-2025 14:11:14 Info: Estop Deactivate...
info:17-05-2025 14:11:14 Info: Power On...
warning:17-05-2025 14:11:16 Referencing Axis...
info:17-05-2025 14:11:17 Info: Power Off...
info:17-05-2025 14:11:53 Info: Ready To Start A Cutting Cycle ...
info:17-05-2025 14:11:55 Info: Estop Deactivate...
info:17-05-2025 14:11:55 Info: Power On...
warning:17-05-2025 14:11:56 Referencing Axis...
info:17-05-2025 14:11:58 Info: Power Off...
info:17-05-2025 14:14:44 Info: Ready To Start A Cutting Cycle ...
info:17-05-2025 14:14:45 Info: Estop Deactivate...
info:17-05-2025 14:14:45 Info: Power On...
warning:17-05-2025 14:14:46 Referencing Axis...
info:17-05-2025 14:16:40 Info: Ready To Start A Cutting Cycle ...
info:17-05-2025 14:16:42 Info: Estop Deactivate...
info:17-05-2025 14:16:42 Info: Power On...
warning:17-05-2025 14:16:42 Referencing Axis...
info:17-05-2025 14:17:45 Info: All Axes Homed...
info:17-05-2025 14:20:26 Info: Ready To Start A Cutting Cycle ...
info:17-05-2025 14:20:28 Info: Estop Deactivate...
info:17-05-2025 14:20:28 Info: Power On...
warning:17-05-2025 14:20:29 Referencing Axis...
info:17-05-2025 14:22:00 Info: Ready To Start A Cutting Cycle ...
info:17-05-2025 14:22:01 Info: Estop Deactivate...
info:17-05-2025 14:22:02 Info: Power On...
warning:17-05-2025 14:22:02 Referencing Axis...
info:17-05-2025 14:23:05 Info: All Axes Homed...
info:17-05-2025 14:23:43 Info: Ready To Start A Cutting Cycle ...
info:17-05-2025 14:23:45 Info: Estop Deactivate...
info:17-05-2025 14:23:45 Info: Power On...
warning:17-05-2025 14:24:17 Referencing Axis...
info:17-05-2025 14:25:19 Info: All Axes Homed...
info:17-05-2025 14:26:09 Info: Ready To Start A Cutting Cycle ...
info:17-05-2025 14:26:17 Info: Estop Deactivate...
info:17-05-2025 14:26:17 Info: Power On...
info:17-05-2025 14:27:13 Info: Ready To Start A Cutting Cycle ...
info:17-05-2025 14:27:14 Info: Estop Deactivate...
info:17-05-2025 14:27:15 Info: Power On...
warning:17-05-2025 14:27:19 Referencing Axis...
info:17-05-2025 14:28:20 Info: Ready To Start A Cutting Cycle ...
info:17-05-2025 14:28:21 Info: Estop Deactivate...
info:17-05-2025 14:28:22 Info: Power On...
warning:17-05-2025 14:28:24 Referencing Axis...
info:17-05-2025 14:28:25 Info: Power Off...
info:17-05-2025 14:29:19 Info: Ready To Start A Cutting Cycle ...
info:17-05-2025 14:29:20 Info: Estop Deactivate...
info:17-05-2025 14:29:21 Info: Power On...
info:17-05-2025 14:30:04 Info: Ready To Start A Cutting Cycle ...
info:17-05-2025 14:30:05 Info: Estop Deactivate...
info:17-05-2025 14:30:05 Info: Power On...
warning:17-05-2025 14:30:48 Referencing Axis...
info:17-05-2025 14:31:46 Info: Ready To Start A Cutting Cycle ...
info:17-05-2025 14:31:47 Info: Estop Deactivate...
info:17-05-2025 14:31:48 Info: Power On...
info:17-05-2025 14:38:38 Info: Ready To Start A Cutting Cycle ...
info:17-05-2025 14:38:39 Info: Estop Deactivate...
info:17-05-2025 14:38:40 Info: Power On...
warning:17-05-2025 14:39:06 Referencing Axis...
info:17-05-2025 14:40:09 Info: All Axes Homed...
info:17-05-2025 14:40:43 Info: Ready To Start A Cutting Cycle ...
info:17-05-2025 14:40:44 Info: Estop Deactivate...
info:17-05-2025 14:40:44 Info: Power On...
info:17-05-2025 14:43:34 Info: Ready To Start A Cutting Cycle ...
info:17-05-2025 14:43:35 Info: Estop Deactivate...
info:17-05-2025 14:43:36 Info: Power On...
warning:17-05-2025 14:43:40 Referencing Axis...
info:17-05-2025 14:44:42 Info: All Axes Homed...
info:17-05-2025 14:45:24 Info: Ready To Start A Cutting Cycle ...
info:17-05-2025 14:45:25 Info: Estop Deactivate...
info:17-05-2025 14:45:25 Info: Power On...
info:17-05-2025 14:45:53 Info: Ready To Start A Cutting Cycle ...
info:17-05-2025 14:45:54 Info: Estop Deactivate...
info:17-05-2025 14:45:55 Info: Power On...
info:17-05-2025 14:46:10 Info: Ready To Start A Cutting Cycle ...
info:17-05-2025 14:46:12 Info: Estop Deactivate...
info:17-05-2025 14:46:12 Info: Power On...
info:17-05-2025 14:46:28 Info: Ready To Start A Cutting Cycle ...
info:17-05-2025 14:46:29 Info: Estop Deactivate...
info:17-05-2025 14:46:30 Info: Power On...
info:17-05-2025 14:46:51 Info: Ready To Start A Cutting Cycle ...
info:17-05-2025 14:46:53 Info: Estop Deactivate...
info:17-05-2025 14:46:53 Info: Power On...
warning:17-05-2025 14:47:18 Referencing Axis...
info:17-05-2025 14:47:59 Info: Ready To Start A Cutting Cycle ...
info:17-05-2025 14:48:00 Info: Estop Deactivate...
info:17-05-2025 14:48:01 Info: Power On...
warning:17-05-2025 14:48:02 Referencing Axis...
info:17-05-2025 14:48:03 Info: Power Off...
info:17-05-2025 14:48:31 Info: Ready To Start A Cutting Cycle ...
info:17-05-2025 14:48:32 Info: Estop Deactivate...
info:17-05-2025 14:48:33 Info: Power On...
warning:17-05-2025 14:48:33 Referencing Axis...
info:17-05-2025 14:48:35 Info: Power Off...
info:17-05-2025 14:49:25 Info: Ready To Start A Cutting Cycle ...
info:17-05-2025 14:49:27 Info: Estop Deactivate...
info:17-05-2025 14:51:40 Info: Power On...
info:17-05-2025 14:52:41 Info: Ready To Start A Cutting Cycle ...
info:17-05-2025 14:52:42 Info: Estop Deactivate...
info:17-05-2025 14:52:43 Info: Power On...
info:17-05-2025 14:54:24 Info: Ready To Start A Cutting Cycle ...
info:17-05-2025 14:54:25 Info: Estop Deactivate...
info:17-05-2025 14:54:25 Info: Power On...
warning:17-05-2025 14:55:14 Referencing Axis...
info:17-05-2025 14:56:16 Info: All Axes Homed...
info:17-05-2025 14:57:06 Info: Ready To Start A Cutting Cycle ...
info:17-05-2025 14:57:07 Info: Estop Deactivate...
info:17-05-2025 14:57:08 Info: Power On...
info:17-05-2025 14:57:29 Info: Ready To Start A Cutting Cycle ...
info:17-05-2025 14:57:30 Info: Estop Deactivate...
info:17-05-2025 14:57:31 Info: Power On...
info:17-05-2025 14:57:44 Info: Ready To Start A Cutting Cycle ...
info:17-05-2025 14:57:45 Info: Estop Deactivate...
info:17-05-2025 14:57:45 Info: Power On...
info:17-05-2025 14:58:06 Info: Ready To Start A Cutting Cycle ...
info:17-05-2025 14:58:07 Info: Estop Deactivate...
info:17-05-2025 14:58:08 Info: Power On...
warning:17-05-2025 14:58:19 Referencing Axis...
info:17-05-2025 14:59:22 Info: All Axes Homed...
info:17-05-2025 15:02:50 Info: Ready To Start A Cutting Cycle ...
info:17-05-2025 15:02:52 Info: Estop Deactivate...
info:17-05-2025 15:02:53 Info: Power On...
warning:17-05-2025 15:03:01 Referencing Axis...
info:17-05-2025 15:04:04 Info: All Axes Homed...
info:17-05-2025 15:05:25 Info: Ready To Start A Cutting Cycle ...
info:17-05-2025 15:05:27 Info: Estop Deactivate...
info:17-05-2025 15:05:28 Info: Power On...
warning:17-05-2025 15:06:45 Referencing Axis...
info:17-05-2025 15:07:47 Info: All Axes Homed...
info:17-05-2025 15:08:46 Info: Ready To Start A Cutting Cycle ...
info:17-05-2025 15:08:48 Info: Estop Deactivate...
info:17-05-2025 15:08:48 Info: Power On...
warning:17-05-2025 15:08:56 Referencing Axis...
info:17-05-2025 15:09:51 Info: Ready To Start A Cutting Cycle ...
info:17-05-2025 15:09:52 Info: Estop Deactivate...
info:17-05-2025 15:09:52 Info: Power On...
warning:17-05-2025 15:10:00 Referencing Axis...
info:17-05-2025 15:10:54 Info: Ready To Start A Cutting Cycle ...
info:17-05-2025 15:10:56 Info: Estop Deactivate...
info:17-05-2025 15:10:57 Info: Power On...
info:17-05-2025 15:25:58 Info: Ready To Start A Cutting Cycle ...
info:17-05-2025 15:25:59 Info: Estop Deactivate...
info:17-05-2025 15:26:00 Info: Power On...
warning:17-05-2025 15:26:03 Referencing Axis...
info:17-05-2025 15:30:55 Info: Ready To Start A Cutting Cycle ...
info:17-05-2025 15:30:57 Info: Estop Deactivate...
info:17-05-2025 15:30:57 Info: Power On...
warning:17-05-2025 15:31:11 Referencing Axis...
info:17-05-2025 15:32:13 Info: Ready To Start A Cutting Cycle ...
info:17-05-2025 15:32:15 Info: Estop Deactivate...
info:17-05-2025 15:32:15 Info: Power On...
warning:17-05-2025 15:32:17 Referencing Axis...
info:17-05-2025 15:33:19 Info: All Axes Homed...
info:17-05-2025 15:35:39 Info: Ready To Start A Cutting Cycle ...
info:17-05-2025 15:35:41 Info: Estop Deactivate...
info:17-05-2025 15:35:41 Info: Power On...
warning:17-05-2025 15:36:02 Referencing Axis...
info:17-05-2025 15:36:23 Info: Power Off...
info:17-05-2025 15:36:25 Info: Power On...
info:17-05-2025 15:36:44 Info: Power Off...
warning:17-05-2025 15:36:44 Warning: Estop Activate...
info:17-05-2025 15:37:18 Info: Ready To Start A Cutting Cycle ...
info:17-05-2025 15:37:19 Info: Estop Deactivate...
info:17-05-2025 15:37:19 Info: Power On...
warning:17-05-2025 15:37:21 Referencing Axis...
info:17-05-2025 15:38:11 Info: Power Off...
info:17-05-2025 15:38:14 Info: Power On...
warning:17-05-2025 15:40:14 Referencing Axis...
info:17-05-2025 15:42:12 Info: Ready To Start A Cutting Cycle ...
info:17-05-2025 15:42:13 Info: Estop Deactivate...
info:17-05-2025 15:42:14 Info: Power On...
warning:17-05-2025 15:42:16 Referencing Axis...
info:17-05-2025 15:42:48 Info: All Axes Homed...
info:17-05-2025 15:43:40 Info: Press Busy Hands Buttons For Move...
info:17-05-2025 15:43:42 Info: Normal Cut...
info:17-05-2025 15:44:09 Info: Ready To Start A Cutting Cycle ...
info:17-05-2025 15:44:56 Info: Ready To Start A Cutting Cycle ...
info:17-05-2025 15:44:58 Info: Estop Deactivate...
info:17-05-2025 15:44:58 Info: Power On...
warning:17-05-2025 15:45:02 Referencing Axis...
info:17-05-2025 15:45:10 Info: All Axes Homed...
warning:17-05-2025 15:46:05 Referencing Axis...
warning:17-05-2025 15:46:06 Warning: 0 Axis Not Homed...
info:17-05-2025 15:46:42 Info: All Axes Homed...
info:17-05-2025 15:47:29 Info: Ready To Start A Cutting Cycle ...
info:17-05-2025 15:47:30 Info: Estop Deactivate...
info:17-05-2025 15:47:31 Info: Power On...
warning:17-05-2025 15:48:45 Referencing Axis...
info:17-05-2025 15:48:53 Info: All Axes Homed...
info:17-05-2025 15:49:33 Info: Press Busy Hands Buttons For Move...
info:17-05-2025 15:49:34 Info: Normal Cut...
info:17-05-2025 15:50:31 Info: Close Clamps ...
info:17-05-2025 15:51:26 Info: Ready To Start A Cutting Cycle ...
info:17-05-2025 15:51:59 Info: Ready To Start A Cutting Cycle ...
info:17-05-2025 15:52:04 Info: Estop Deactivate...
info:17-05-2025 15:52:29 Info: Ready To Start A Cutting Cycle ...
info:17-05-2025 15:52:32 Info: Estop Deactivate...
info:17-05-2025 15:52:33 Info: Power On...
warning:17-05-2025 15:52:38 Referencing Axis...
info:17-05-2025 15:52:45 Info: All Axes Homed...
info:17-05-2025 15:53:39 Info: Ready To Start A Cutting Cycle ...
info:17-05-2025 15:53:41 Info: Estop Deactivate...
info:17-05-2025 15:53:41 Info: Power On...
info:17-05-2025 15:54:22 Info: Ready To Start A Cutting Cycle ...
info:17-05-2025 15:54:23 Info: Estop Deactivate...
info:17-05-2025 15:54:23 Info: Power On...
warning:17-05-2025 15:54:51 Referencing Axis...
info:17-05-2025 15:54:57 Info: All Axes Homed...
info:17-05-2025 15:55:34 Info: Ready To Start A Cutting Cycle ...
info:17-05-2025 15:55:36 Info: Estop Deactivate...
info:17-05-2025 15:55:36 Info: Power On...
warning:17-05-2025 15:56:01 Referencing Axis...
info:17-05-2025 15:56:08 Info: All Axes Homed...
info:17-05-2025 15:56:29 Info: Ready To Start A Cutting Cycle ...
info:17-05-2025 15:56:31 Info: Estop Deactivate...
info:17-05-2025 15:56:31 Info: Power On...
warning:17-05-2025 15:56:49 Referencing Axis...
info:17-05-2025 15:56:56 Info: All Axes Homed...
info:17-05-2025 15:57:36 Info: Ready To Start A Cutting Cycle ...
info:17-05-2025 15:57:37 Info: Estop Deactivate...
info:17-05-2025 15:57:38 Info: Power On...
warning:17-05-2025 15:57:39 Referencing Axis...
info:17-05-2025 15:57:41 Info: Power Off...
info:17-05-2025 15:57:47 Info: Power On...
warning:17-05-2025 15:57:49 Referencing Axis...
info:17-05-2025 15:57:50 Info: Power Off...
info:17-05-2025 16:04:34 Info: Ready To Start A Cutting Cycle ...
info:17-05-2025 16:04:36 Info: Estop Deactivate...
info:17-05-2025 16:04:36 Info: Power On...
warning:17-05-2025 16:04:38 Referencing Axis...
info:17-05-2025 16:04:39 Info: Power Off...
warning:17-05-2025 16:04:52 Warning: Estop Activate...
info:17-05-2025 16:05:51 Info: Ready To Start A Cutting Cycle ...
info:17-05-2025 16:05:53 Info: Estop Deactivate...
info:17-05-2025 16:05:55 Info: Power On...
warning:17-05-2025 16:06:02 Referencing Axis...
info:17-05-2025 16:06:09 Info: All Axes Homed...
warning:17-05-2025 16:06:15 Referencing Axis...
warning:17-05-2025 16:06:16 Warning: 0 Axis Not Homed...
info:17-05-2025 16:07:29 Info: Ready To Start A Cutting Cycle ...
info:17-05-2025 16:07:35 Info: Estop Deactivate...
info:17-05-2025 16:07:36 Info: Power On...
warning:17-05-2025 16:07:57 Referencing Axis...
info:17-05-2025 16:08:04 Info: All Axes Homed...
info:17-05-2025 16:18:23 Info: Ready To Start A Cutting Cycle ...
info:17-05-2025 16:18:24 Info: Estop Deactivate...
info:17-05-2025 16:18:25 Info: Power On...
warning:17-05-2025 16:18:27 Referencing Axis...
info:17-05-2025 16:18:34 Info: All Axes Homed...
warning:17-05-2025 16:18:41 Referencing Axis...
warning:17-05-2025 16:18:42 Warning: 0 Axis Not Homed...
info:17-05-2025 16:19:17 Info: All Axes Homed...
info:17-05-2025 16:19:50 Info: Ready To Start A Cutting Cycle ...
info:17-05-2025 16:19:51 Info: Estop Deactivate...
info:17-05-2025 16:19:52 Info: Power On...
warning:17-05-2025 16:19:53 Referencing Axis...
info:17-05-2025 16:19:55 Info: Power Off...
info:17-05-2025 16:20:15 Info: Ready To Start A Cutting Cycle ...
info:17-05-2025 16:20:17 Info: Estop Deactivate...
info:17-05-2025 16:20:18 Info: Power On...
warning:17-05-2025 16:20:23 Referencing Axis...
info:17-05-2025 16:20:25 Info: Power Off...
info:17-05-2025 16:22:35 Info: Ready To Start A Cutting Cycle ...
info:17-05-2025 16:22:36 Info: Estop Deactivate...
info:17-05-2025 16:22:37 Info: Power On...
warning:17-05-2025 16:22:41 Referencing Axis...
info:17-05-2025 16:22:48 Info: All Axes Homed...
warning:17-05-2025 16:22:57 Referencing Axis...
warning:17-05-2025 16:22:58 Warning: 0 Axis Not Homed...
info:17-05-2025 16:23:40 Info: Ready To Start A Cutting Cycle ...
info:17-05-2025 16:23:41 Info: Estop Deactivate...
info:17-05-2025 16:23:41 Info: Power On...
info:17-05-2025 16:23:55 Info: Ready To Start A Cutting Cycle ...
info:17-05-2025 16:23:56 Info: Estop Deactivate...
info:17-05-2025 16:23:57 Info: Power On...
warning:17-05-2025 16:24:03 Referencing Axis...
info:17-05-2025 16:24:10 Info: All Axes Homed...
info:17-05-2025 17:09:27 Info: Ready To Start A Cutting Cycle ...
info:17-05-2025 17:09:29 Info: Estop Deactivate...
info:17-05-2025 17:09:30 Info: Power On...
warning:17-05-2025 17:09:32 Referencing Axis...
info:17-05-2025 17:09:39 Info: All Axes Homed...
warning:17-05-2025 17:09:49 Referencing Axis...
warning:17-05-2025 17:09:50 Warning: 0 Axis Not Homed...
warning:17-05-2025 17:10:17 Warning: Estop Activate...
info:17-05-2025 17:10:17 Info: Power Off...
info:17-05-2025 17:10:27 Info: Ready To Start A Cutting Cycle ...
info:17-05-2025 17:10:29 Info: Estop Deactivate...
info:17-05-2025 17:10:30 Info: Power On...
warning:17-05-2025 17:10:32 Referencing Axis...
info:17-05-2025 17:10:39 Info: All Axes Homed...
info:17-05-2025 17:11:22 Info: Ready To Start A Cutting Cycle ...
info:17-05-2025 17:11:23 Info: Estop Deactivate...
info:17-05-2025 17:11:24 Info: Power On...
warning:17-05-2025 17:11:25 Referencing Axis...
info:17-05-2025 17:11:27 Info: Power Off...
warning:17-05-2025 17:12:00 Warning: Estop Activate...
info:17-05-2025 17:12:18 Info: Estop Deactivate...
info:17-05-2025 17:12:19 Info: Power On...
warning:17-05-2025 17:12:20 Referencing Axis...
info:17-05-2025 17:12:22 Info: Power Off...
info:17-05-2025 17:12:30 Info: Power On...
warning:17-05-2025 17:12:32 Referencing Axis...
info:17-05-2025 17:12:34 Info: Power Off...
info:17-05-2025 17:12:36 Info: Power On...
info:17-05-2025 17:13:40 Info: Ready To Start A Cutting Cycle ...
info:17-05-2025 17:13:42 Info: Estop Deactivate...
info:17-05-2025 17:13:43 Info: Power On...
warning:17-05-2025 17:13:44 Referencing Axis...
info:17-05-2025 17:13:45 Info: Power Off...
info:17-05-2025 17:14:02 Info: Ready To Start A Cutting Cycle ...
info:17-05-2025 17:14:03 Info: Estop Deactivate...
info:17-05-2025 17:14:04 Info: Power On...
warning:17-05-2025 17:14:05 Referencing Axis...
info:17-05-2025 17:14:06 Info: Power Off...
info:17-05-2025 17:14:32 Info: Ready To Start A Cutting Cycle ...
info:17-05-2025 17:14:33 Info: Estop Deactivate...
info:17-05-2025 17:14:33 Info: Power On...
warning:17-05-2025 17:14:34 Referencing Axis...
info:17-05-2025 17:14:41 Info: All Axes Homed...
info:17-05-2025 17:16:47 Info: Ready To Start A Cutting Cycle ...
info:17-05-2025 17:16:48 Info: Estop Deactivate...
info:17-05-2025 17:16:49 Info: Power On...
warning:17-05-2025 17:17:00 Referencing Axis...
info:17-05-2025 17:17:07 Info: All Axes Homed...
info:17-05-2025 17:18:02 Info: Press Busy Hands Buttons For Move...
info:17-05-2025 17:18:04 Info: Normal Cut...
info:17-05-2025 17:18:44 Info: Close Clamps ...
info:17-05-2025 17:20:31 Info: Ready To Start A Cutting Cycle ...
info:17-05-2025 17:20:32 Info: Estop Deactivate...
info:17-05-2025 17:20:33 Info: Power On...
warning:17-05-2025 17:21:36 Referencing Axis...
info:17-05-2025 17:21:43 Info: All Axes Homed...
info:17-05-2025 18:03:19 Info: Ready To Start A Cutting Cycle ...
info:17-05-2025 18:03:25 Info: Estop Deactivate...
info:17-05-2025 18:03:25 Info: Power On...
warning:17-05-2025 18:03:26 Referencing Axis...
info:17-05-2025 18:03:33 Info: All Axes Homed...
info:17-05-2025 18:04:22 Info: Press Busy Hands Buttons For Move...
info:17-05-2025 18:04:23 Info: Normal Cut...
info:17-05-2025 18:05:53 Info: Ready To Start A Cutting Cycle ...
info:17-05-2025 18:06:06 Info: Ready To Start A Cutting Cycle ...
info:17-05-2025 18:06:28 Info: Estop Deactivate...
info:17-05-2025 18:06:29 Info: Power On...
warning:17-05-2025 18:09:14 Referencing Axis...
info:17-05-2025 18:09:21 Info: All Axes Homed...
info:17-05-2025 18:09:52 Info: Press Busy Hands Buttons For Move...
info:17-05-2025 18:10:05 Info: Normal Cut...
info:17-05-2025 18:11:36 Info: Ready To Start A Cutting Cycle ...
info:17-05-2025 18:12:01 Info: Ready To Start A Cutting Cycle ...
info:17-05-2025 18:12:02 Info: Estop Deactivate...
info:17-05-2025 18:12:03 Info: Power On...
warning:17-05-2025 18:12:39 Referencing Axis...
info:17-05-2025 18:12:46 Info: All Axes Homed...
info:17-05-2025 18:13:03 Info: Ready To Start A Cutting Cycle ...
info:17-05-2025 18:13:05 Info: Estop Deactivate...
info:17-05-2025 18:13:05 Info: Power On...
warning:17-05-2025 18:13:25 Referencing Axis...
info:17-05-2025 18:13:32 Info: All Axes Homed...
info:17-05-2025 18:16:28 Info: Ready To Start A Cutting Cycle ...
info:17-05-2025 18:16:29 Info: Estop Deactivate...
info:17-05-2025 18:16:30 Info: Power On...
warning:17-05-2025 18:16:48 Referencing Axis...
info:17-05-2025 18:16:54 Info: All Axes Homed...
warning:17-05-2025 18:17:16 Referencing Axis...
warning:17-05-2025 18:17:17 Warning: 0 Axis Not Homed...
info:17-05-2025 18:17:50 Info: All Axes Homed...
info:17-05-2025 18:20:08 Info: Ready To Start A Cutting Cycle ...
info:17-05-2025 18:20:10 Info: Estop Deactivate...
info:17-05-2025 18:20:11 Info: Power On...
info:17-05-2025 18:20:42 Info: Ready To Start A Cutting Cycle ...
info:17-05-2025 18:20:44 Info: Estop Deactivate...
info:17-05-2025 18:20:44 Info: Power On...
warning:17-05-2025 18:20:47 Referencing Axis...
info:17-05-2025 18:20:53 Info: All Axes Homed...
info:17-05-2025 18:21:32 Info: Ready To Start A Cutting Cycle ...
info:17-05-2025 18:21:34 Info: Estop Deactivate...
info:17-05-2025 18:21:34 Info: Power On...
warning:17-05-2025 18:21:44 Referencing Axis...
info:17-05-2025 18:21:50 Info: All Axes Homed...
info:17-05-2025 18:23:09 Info: Ready To Start A Cutting Cycle ...
info:17-05-2025 18:23:11 Info: Estop Deactivate...
info:17-05-2025 18:23:11 Info: Power On...
warning:17-05-2025 18:23:26 Referencing Axis...
info:17-05-2025 18:23:32 Info: All Axes Homed...
info:17-05-2025 18:24:24 Info: Ready To Start A Cutting Cycle ...
info:17-05-2025 18:24:25 Info: Estop Deactivate...
info:17-05-2025 18:24:26 Info: Power On...
info:17-05-2025 18:26:24 Info: Ready To Start A Cutting Cycle ...
info:17-05-2025 18:26:25 Info: Estop Deactivate...
info:17-05-2025 18:26:26 Info: Power On...
warning:17-05-2025 18:26:31 Referencing Axis...
info:17-05-2025 18:26:48 Info: All Axes Homed...
info:17-05-2025 18:27:12 Info: Press Busy Hands Buttons For Move...
info:17-05-2025 18:27:18 Info: Normal Cut...
info:17-05-2025 18:27:43 Info: Ready To Start A Cutting Cycle ...
info:17-05-2025 18:28:07 Info: Ready To Start A Cutting Cycle ...
info:17-05-2025 18:28:08 Info: Estop Deactivate...
info:17-05-2025 18:28:09 Info: Power On...
info:17-05-2025 18:28:50 Info: Ready To Start A Cutting Cycle ...
info:17-05-2025 18:28:51 Info: Estop Deactivate...
info:17-05-2025 18:28:52 Info: Power On...
warning:17-05-2025 18:28:54 Referencing Axis...
info:17-05-2025 18:29:10 Info: All Axes Homed...
info:17-05-2025 18:29:38 Info: Ready To Start A Cutting Cycle ...
info:17-05-2025 18:29:39 Info: Estop Deactivate...
info:17-05-2025 18:29:39 Info: Power On...
warning:17-05-2025 18:29:58 Referencing Axis...
info:17-05-2025 18:30:23 Info: Ready To Start A Cutting Cycle ...
info:17-05-2025 18:30:24 Info: Estop Deactivate...
info:17-05-2025 18:30:26 Info: Power On...
info:17-05-2025 18:30:50 Info: Ready To Start A Cutting Cycle ...
info:17-05-2025 18:30:52 Info: Estop Deactivate...
info:17-05-2025 18:30:53 Info: Power On...
warning:17-05-2025 18:30:55 Referencing Axis...
info:17-05-2025 18:31:12 Info: All Axes Homed...
warning:17-05-2025 18:35:40 Referencing Axis...
warning:17-05-2025 18:35:41 Warning: 0 Axis Not Homed...
info:17-05-2025 18:36:25 Info: All Axes Homed...
info:17-05-2025 18:36:53 Info: Press Busy Hands Buttons For Move...
info:17-05-2025 18:36:55 Info: Normal Cut...
info:17-05-2025 18:37:28 Info: Ready To Start A Cutting Cycle ...
info:17-05-2025 18:37:46 Info: Ready To Start A Cutting Cycle ...
info:17-05-2025 18:37:47 Info: Estop Deactivate...
info:17-05-2025 18:37:48 Info: Power On...
warning:17-05-2025 18:37:49 Referencing Axis...
info:17-05-2025 18:37:51 Info: Power Off...
info:17-05-2025 18:38:14 Info: Ready To Start A Cutting Cycle ...
info:17-05-2025 18:38:15 Info: Estop Deactivate...
info:17-05-2025 18:38:16 Info: Power On...
warning:17-05-2025 18:38:18 Referencing Axis...
info:17-05-2025 18:38:19 Info: Power Off...
warning:17-05-2025 18:39:58 Warning: Estop Activate...
info:17-05-2025 18:40:00 Info: Estop Deactivate...
info:17-05-2025 18:40:00 Info: Power On...
warning:17-05-2025 18:40:03 Referencing Axis...
info:17-05-2025 18:40:04 Info: Power Off...
warning:17-05-2025 18:45:12 Warning: Estop Activate...
info:17-05-2025 18:45:13 Info: Estop Deactivate...
info:17-05-2025 18:45:13 Info: Power On...
warning:17-05-2025 18:45:22 Referencing Axis...
info:17-05-2025 18:45:23 Info: Power Off...
warning:17-05-2025 18:45:35 Warning: Estop Activate...
info:17-05-2025 18:45:36 Info: Estop Deactivate...
info:17-05-2025 18:45:36 Info: Power On...
warning:17-05-2025 18:47:03 Referencing Axis...
info:17-05-2025 18:47:04 Info: Power Off...
info:17-05-2025 18:47:13 Info: Power On...
warning:17-05-2025 18:47:14 Referencing Axis...
info:17-05-2025 18:47:16 Info: Power Off...
info:17-05-2025 18:47:28 Info: Power On...
warning:17-05-2025 18:47:29 Referencing Axis...
info:17-05-2025 18:47:30 Info: Power Off...
info:17-05-2025 18:49:18 Info: Ready To Start A Cutting Cycle ...
info:17-05-2025 18:49:20 Info: Estop Deactivate...
info:17-05-2025 18:49:20 Info: Power On...
warning:17-05-2025 18:49:23 Referencing Axis...
info:17-05-2025 18:49:25 Info: Power Off...
info:17-05-2025 18:50:18 Info: Power On...
info:17-05-2025 18:50:36 Info: Power Off...
info:17-05-2025 18:50:37 Info: Power On...
warning:17-05-2025 18:52:44 Referencing Axis...
info:17-05-2025 18:52:45 Info: Power Off...
info:17-05-2025 18:53:48 Info: Ready To Start A Cutting Cycle ...
info:17-05-2025 18:53:49 Info: Estop Deactivate...
info:17-05-2025 18:53:50 Info: Power On...
warning:17-05-2025 18:53:50 Referencing Axis...
info:17-05-2025 18:53:52 Info: Power Off...
info:17-05-2025 19:03:43 Info: Ready To Start A Cutting Cycle ...
info:17-05-2025 19:03:45 Info: Estop Deactivate...
info:17-05-2025 19:03:45 Info: Power On...
warning:17-05-2025 19:03:46 Referencing Axis...
info:17-05-2025 19:03:48 Info: Power Off...
info:17-05-2025 19:05:56 Info: Ready To Start A Cutting Cycle ...
info:17-05-2025 19:05:57 Info: Estop Deactivate...
info:17-05-2025 19:05:58 Info: Power On...
warning:17-05-2025 19:05:59 Referencing Axis...
info:17-05-2025 19:06:00 Info: Power Off...
info:17-05-2025 19:07:26 Info: Ready To Start A Cutting Cycle ...
info:17-05-2025 19:07:28 Info: Estop Deactivate...
info:17-05-2025 19:07:28 Info: Power On...
warning:17-05-2025 19:07:29 Referencing Axis...
info:17-05-2025 19:09:02 Info: Ready To Start A Cutting Cycle ...
info:17-05-2025 19:09:03 Info: Estop Deactivate...
info:17-05-2025 19:09:05 Info: Power On...
warning:17-05-2025 19:09:12 Referencing Axis...
info:17-05-2025 19:09:28 Info: All Axes Homed...
info:17-05-2025 19:09:54 Info: Press Busy Hands Buttons For Move...
info:17-05-2025 19:09:58 Info: Normal Cut...
info:17-05-2025 19:10:46 Info: Ready To Start A Cutting Cycle ...
info:17-05-2025 19:11:46 Info: Ready To Start A Cutting Cycle ...
info:17-05-2025 19:11:47 Info: Estop Deactivate...
info:17-05-2025 19:11:47 Info: Power On...
info:17-05-2025 19:12:33 Info: Ready To Start A Cutting Cycle ...
info:17-05-2025 19:12:34 Info: Estop Deactivate...
info:17-05-2025 19:12:35 Info: Power On...
warning:17-05-2025 19:12:37 Referencing Axis...
info:17-05-2025 19:12:45 Info: All Axes Homed...
info:17-05-2025 19:13:09 Info: Ready To Start A Cutting Cycle ...
info:17-05-2025 19:13:10 Info: Estop Deactivate...
info:17-05-2025 19:13:11 Info: Power On...
warning:17-05-2025 19:13:23 Referencing Axis...
info:17-05-2025 19:13:30 Info: All Axes Homed...
info:17-05-2025 19:15:12 Info: Ready To Start A Cutting Cycle ...
info:17-05-2025 19:15:13 Info: Estop Deactivate...
info:17-05-2025 19:15:14 Info: Power On...
warning:17-05-2025 19:15:15 Referencing Axis...
info:17-05-2025 19:15:16 Info: Power Off...
info:17-05-2025 19:15:21 Info: Power On...
warning:17-05-2025 19:15:49 Referencing Axis...
info:17-05-2025 19:15:51 Info: Power Off...
info:17-05-2025 19:16:34 Info: Ready To Start A Cutting Cycle ...
info:17-05-2025 19:16:35 Info: Estop Deactivate...
info:17-05-2025 19:16:35 Info: Power On...
warning:17-05-2025 19:16:43 Referencing Axis...
info:17-05-2025 19:16:44 Info: Power Off...
info:17-05-2025 19:17:42 Info: Ready To Start A Cutting Cycle ...
info:17-05-2025 19:17:43 Info: Estop Deactivate...
info:17-05-2025 19:17:44 Info: Power On...
warning:17-05-2025 19:17:46 Referencing Axis...
info:17-05-2025 19:17:47 Info: Power Off...
info:17-05-2025 19:19:25 Info: Ready To Start A Cutting Cycle ...
info:17-05-2025 19:19:26 Info: Estop Deactivate...
info:17-05-2025 19:19:27 Info: Power On...
warning:17-05-2025 19:19:29 Referencing Axis...
info:17-05-2025 19:19:40 Info: All Axes Homed...
info:17-05-2025 19:20:37 Info: Ready To Start A Cutting Cycle ...
info:17-05-2025 19:20:38 Info: Estop Deactivate...
info:17-05-2025 19:20:39 Info: Power On...
warning:17-05-2025 19:21:00 Referencing Axis...
info:17-05-2025 19:21:11 Info: All Axes Homed...
info:17-05-2025 19:21:53 Info: Ready To Start A Cutting Cycle ...
info:17-05-2025 19:21:55 Info: Estop Deactivate...
info:17-05-2025 19:21:55 Info: Power On...
warning:17-05-2025 19:22:06 Referencing Axis...
info:17-05-2025 19:22:18 Info: All Axes Homed...
info:17-05-2025 19:22:55 Info: Ready To Start A Cutting Cycle ...
info:17-05-2025 19:22:56 Info: Estop Deactivate...
info:17-05-2025 19:22:57 Info: Power On...
warning:17-05-2025 19:23:13 Referencing Axis...
info:17-05-2025 19:23:25 Info: All Axes Homed...
info:17-05-2025 19:24:54 Info: Ready To Start A Cutting Cycle ...
info:17-05-2025 19:24:55 Info: Estop Deactivate...
info:17-05-2025 19:24:56 Info: Power On...
info:17-05-2025 19:25:31 Info: Ready To Start A Cutting Cycle ...
info:17-05-2025 19:25:33 Info: Estop Deactivate...
info:17-05-2025 19:25:33 Info: Power On...
warning:17-05-2025 19:25:34 Referencing Axis...
info:17-05-2025 19:25:39 Info: All Axes Homed...
info:17-05-2025 19:26:22 Info: Ready To Start A Cutting Cycle ...
info:17-05-2025 19:26:24 Info: Estop Deactivate...
info:17-05-2025 19:26:24 Info: Power On...
warning:17-05-2025 19:26:38 Referencing Axis...
info:17-05-2025 19:26:43 Info: All Axes Homed...
info:17-05-2025 19:27:09 Info: Press Busy Hands Buttons For Move...
info:17-05-2025 19:27:11 Info: Normal Cut...
info:17-05-2025 19:27:27 Info: Close Clamps ...
info:17-05-2025 19:27:36 Info: Ready To Start A Cutting Cycle ...
info:17-05-2025 19:28:02 Info: Ready To Start A Cutting Cycle ...
info:17-05-2025 19:28:03 Info: Estop Deactivate...
info:17-05-2025 19:28:03 Info: Power On...
warning:17-05-2025 19:28:04 Referencing Axis...
info:17-05-2025 19:28:05 Info: Power Off...
info:17-05-2025 19:28:15 Info: Ready To Start A Cutting Cycle ...
info:17-05-2025 19:28:18 Info: Estop Deactivate...
info:17-05-2025 19:28:19 Info: Power On...
warning:17-05-2025 19:29:34 Referencing Axis...
info:17-05-2025 19:29:35 Info: Power Off...
warning:17-05-2025 19:31:21 Warning: Estop Activate...
info:17-05-2025 20:48:38 Info: Ready To Start A Cutting Cycle ...
info:17-05-2025 20:48:40 Info: Estop Deactivate...
info:17-05-2025 20:48:40 Info: Power On...
warning:17-05-2025 20:48:41 Referencing Axis...
info:17-05-2025 20:48:42 Info: Power Off...
info:17-05-2025 20:49:06 Info: Ready To Start A Cutting Cycle ...
info:17-05-2025 20:49:07 Info: Estop Deactivate...
info:17-05-2025 20:49:07 Info: Power On...
warning:17-05-2025 20:49:09 Referencing Axis...
info:17-05-2025 20:49:14 Info: All Axes Homed...
info:17-05-2025 20:49:42 Info: Press Busy Hands Buttons For Move...
info:17-05-2025 20:49:47 Info: Normal Cut...
info:17-05-2025 20:50:03 Info: Ready To Start A Cutting Cycle ...
info:17-05-2025 20:51:34 Info: Ready To Start A Cutting Cycle ...
info:17-05-2025 20:51:35 Info: Estop Deactivate...
info:17-05-2025 20:51:36 Info: Power On...
warning:17-05-2025 20:51:59 Referencing Axis...
info:17-05-2025 20:52:08 Info: All Axes Homed...
info:17-05-2025 20:54:38 Info: Ready To Start A Cutting Cycle ...
info:17-05-2025 20:54:49 Info: Estop Deactivate...
info:17-05-2025 20:54:49 Info: Power On...
warning:17-05-2025 20:54:50 Referencing Axis...
info:17-05-2025 20:54:52 Info: Power Off...
info:17-05-2025 21:11:16 Info: Ready To Start A Cutting Cycle ...
info:17-05-2025 21:11:28 Info: Estop Deactivate...
warning:17-05-2025 21:11:29 Warning: Estop Activate...
info:17-05-2025 21:11:29 Info: Estop Deactivate...
info:17-05-2025 21:11:30 Info: Power On...
warning:17-05-2025 21:12:15 Referencing Axis...
info:17-05-2025 21:12:17 Info: Power Off...
info:17-05-2025 21:12:32 Info: Ready To Start A Cutting Cycle ...
info:17-05-2025 21:12:36 Info: Estop Deactivate...
info:17-05-2025 21:12:37 Info: Power On...
warning:17-05-2025 21:12:44 Referencing Axis...
info:17-05-2025 21:12:53 Info: All Axes Homed...
info:17-05-2025 21:20:04 Info: Ready To Start A Cutting Cycle ...
info:17-05-2025 21:20:05 Info: Estop Deactivate...
info:17-05-2025 21:20:06 Info: Power On...
warning:17-05-2025 21:20:06 Referencing Axis...
info:17-05-2025 21:20:08 Info: Power Off...
info:17-05-2025 21:23:55 Info: Ready To Start A Cutting Cycle ...
info:17-05-2025 21:23:56 Info: Estop Deactivate...
info:17-05-2025 21:23:57 Info: Power On...
warning:17-05-2025 21:23:57 Referencing Axis...
info:17-05-2025 21:23:59 Info: Power Off...
info:17-05-2025 21:24:16 Info: Power On...
warning:17-05-2025 21:24:25 Referencing Axis...
info:17-05-2025 21:24:27 Info: Power Off...
info:17-05-2025 21:25:00 Info: Ready To Start A Cutting Cycle ...
info:17-05-2025 21:25:02 Info: Estop Deactivate...
info:17-05-2025 21:25:03 Info: Power On...
warning:17-05-2025 21:25:04 Referencing Axis...
info:17-05-2025 21:25:35 Info: Power Off...
info:17-05-2025 21:25:43 Info: Power On...
warning:17-05-2025 21:25:45 Referencing Axis...
info:17-05-2025 21:25:46 Info: Power Off...
info:17-05-2025 21:26:51 Info: Ready To Start A Cutting Cycle ...
info:17-05-2025 21:26:52 Info: Estop Deactivate...
info:17-05-2025 21:26:53 Info: Power On...
warning:17-05-2025 21:26:54 Referencing Axis...
info:17-05-2025 21:26:55 Info: Power Off...
info:17-05-2025 21:27:55 Info: Ready To Start A Cutting Cycle ...
info:17-05-2025 21:27:57 Info: Estop Deactivate...
info:17-05-2025 21:27:58 Info: Power On...
warning:17-05-2025 21:27:59 Referencing Axis...
info:17-05-2025 21:28:00 Info: Power Off...
info:17-05-2025 21:29:13 Info: Ready To Start A Cutting Cycle ...
info:17-05-2025 21:29:14 Info: Estop Deactivate...
info:17-05-2025 21:29:15 Info: Power On...
warning:17-05-2025 21:29:16 Referencing Axis...
info:17-05-2025 21:29:18 Info: Power Off...
info:17-05-2025 21:30:57 Info: Ready To Start A Cutting Cycle ...
info:17-05-2025 21:30:58 Info: Estop Deactivate...
info:17-05-2025 21:30:59 Info: Power On...
warning:17-05-2025 21:31:00 Referencing Axis...
info:17-05-2025 21:35:10 Info: Ready To Start A Cutting Cycle ...
info:17-05-2025 21:35:11 Info: Estop Deactivate...
info:17-05-2025 21:35:12 Info: Power On...
warning:17-05-2025 21:35:13 Referencing Axis...
info:17-05-2025 21:36:14 Info: Ready To Start A Cutting Cycle ...
info:17-05-2025 21:36:15 Info: Estop Deactivate...
info:17-05-2025 21:36:16 Info: Power On...
warning:17-05-2025 21:36:16 Referencing Axis...
info:17-05-2025 21:36:57 Info: Ready To Start A Cutting Cycle ...
info:17-05-2025 21:36:59 Info: Estop Deactivate...
info:17-05-2025 21:37:00 Info: Power On...
warning:17-05-2025 21:37:02 Referencing Axis...
info:17-05-2025 21:37:04 Info: Power Off...
info:17-05-2025 21:59:12 Info: Ready To Start A Cutting Cycle ...
info:17-05-2025 21:59:18 Info: Estop Deactivate...
info:17-05-2025 21:59:19 Info: Power On...
warning:17-05-2025 21:59:21 Referencing Axis...
info:17-05-2025 21:59:23 Info: Power Off...
info:17-05-2025 22:03:21 Info: Ready To Start A Cutting Cycle ...
info:17-05-2025 22:03:23 Info: Estop Deactivate...
info:17-05-2025 22:03:23 Info: Power On...
warning:17-05-2025 22:03:28 Referencing Axis...
info:17-05-2025 22:03:38 Info: All Axes Homed...
info:17-05-2025 22:04:38 Info: Ready To Start A Cutting Cycle ...
info:17-05-2025 22:04:40 Info: Estop Deactivate...
info:17-05-2025 22:04:40 Info: Power On...
info:17-05-2025 22:05:39 Info: Ready To Start A Cutting Cycle ...
info:17-05-2025 22:05:40 Info: Estop Deactivate...
info:17-05-2025 22:05:40 Info: Power On...
info:17-05-2025 22:13:51 Info: Ready To Start A Cutting Cycle ...
info:17-05-2025 22:13:52 Info: Estop Deactivate...
info:17-05-2025 22:13:52 Info: Power On...
warning:17-05-2025 22:13:55 Referencing Axis...
info:17-05-2025 22:14:04 Info: All Axes Homed...
info:17-05-2025 22:16:31 Info: Ready To Start A Cutting Cycle ...
info:17-05-2025 22:16:32 Info: Estop Deactivate...
info:17-05-2025 22:16:32 Info: Power On...
warning:17-05-2025 22:16:33 Referencing Axis...
info:17-05-2025 22:16:35 Info: Power Off...
info:17-05-2025 22:16:56 Info: Ready To Start A Cutting Cycle ...
info:17-05-2025 22:16:57 Info: Estop Deactivate...
info:17-05-2025 22:16:58 Info: Power On...
warning:17-05-2025 22:16:59 Referencing Axis...
info:17-05-2025 22:17:01 Info: Power Off...
info:17-05-2025 22:17:17 Info: Ready To Start A Cutting Cycle ...
info:17-05-2025 22:17:18 Info: Estop Deactivate...
info:17-05-2025 22:17:19 Info: Power On...
warning:17-05-2025 22:17:29 Referencing Axis...
info:17-05-2025 22:17:31 Info: Power Off...
info:17-05-2025 22:17:42 Info: Ready To Start A Cutting Cycle ...
info:17-05-2025 22:17:43 Info: Estop Deactivate...
info:17-05-2025 22:17:44 Info: Power On...
warning:17-05-2025 22:17:45 Referencing Axis...
info:17-05-2025 22:17:47 Info: Power Off...
info:17-05-2025 22:18:03 Info: Ready To Start A Cutting Cycle ...
info:17-05-2025 22:18:04 Info: Estop Deactivate...
info:17-05-2025 22:18:04 Info: Power On...
warning:17-05-2025 22:18:05 Referencing Axis...
info:17-05-2025 22:18:36 Info: Power Off...
info:17-05-2025 22:19:52 Info: Ready To Start A Cutting Cycle ...
info:17-05-2025 22:19:53 Info: Estop Deactivate...
info:17-05-2025 22:19:53 Info: Power On...
warning:17-05-2025 22:19:55 Referencing Axis...
info:17-05-2025 22:19:56 Info: Power Off...
info:17-05-2025 22:20:19 Info: Ready To Start A Cutting Cycle ...
info:17-05-2025 22:20:20 Info: Estop Deactivate...
info:17-05-2025 22:20:21 Info: Power On...
warning:17-05-2025 22:20:22 Referencing Axis...
info:17-05-2025 22:20:24 Info: Power Off...
info:17-05-2025 22:21:02 Info: Ready To Start A Cutting Cycle ...
info:17-05-2025 22:21:03 Info: Estop Deactivate...
info:17-05-2025 22:21:03 Info: Power On...
warning:17-05-2025 22:21:04 Referencing Axis...
info:17-05-2025 22:21:36 Info: Ready To Start A Cutting Cycle ...
info:17-05-2025 22:21:37 Info: Estop Deactivate...
info:17-05-2025 22:21:38 Info: Power On...
warning:17-05-2025 22:21:41 Referencing Axis...
info:17-05-2025 22:21:42 Info: Power Off...
info:17-05-2025 22:22:20 Info: Ready To Start A Cutting Cycle ...
info:17-05-2025 22:22:21 Info: Estop Deactivate...
info:17-05-2025 22:22:22 Info: Power On...
warning:17-05-2025 22:22:23 Referencing Axis...
info:17-05-2025 22:22:25 Info: Power Off...
info:17-05-2025 22:22:49 Info: Ready To Start A Cutting Cycle ...
info:17-05-2025 22:22:50 Info: Estop Deactivate...
info:17-05-2025 22:22:50 Info: Power On...
warning:17-05-2025 22:22:51 Referencing Axis...
info:17-05-2025 22:22:53 Info: Power Off...
info:17-05-2025 22:23:46 Info: Ready To Start A Cutting Cycle ...
info:17-05-2025 22:23:47 Info: Estop Deactivate...
info:17-05-2025 22:23:48 Info: Power On...
warning:17-05-2025 22:23:48 Referencing Axis...
info:17-05-2025 22:23:50 Info: Power Off...
info:17-05-2025 22:24:24 Info: Ready To Start A Cutting Cycle ...
info:17-05-2025 22:24:25 Info: Estop Deactivate...
info:17-05-2025 22:24:26 Info: Power On...
warning:17-05-2025 22:24:26 Referencing Axis...
info:17-05-2025 22:24:28 Info: Power Off...
info:17-05-2025 22:24:44 Info: Ready To Start A Cutting Cycle ...
info:17-05-2025 22:24:45 Info: Estop Deactivate...
info:17-05-2025 22:24:46 Info: Power On...
warning:17-05-2025 22:24:46 Referencing Axis...
info:17-05-2025 22:24:48 Info: Power Off...
info:17-05-2025 22:25:20 Info: Ready To Start A Cutting Cycle ...
info:17-05-2025 22:25:22 Info: Estop Deactivate...
info:17-05-2025 22:25:22 Info: Power On...
warning:17-05-2025 22:25:23 Referencing Axis...
info:17-05-2025 22:25:24 Info: Power Off...
info:17-05-2025 22:26:20 Info: Ready To Start A Cutting Cycle ...
info:17-05-2025 22:26:21 Info: Estop Deactivate...
info:17-05-2025 22:26:22 Info: Power On...
warning:17-05-2025 22:26:22 Referencing Axis...
info:17-05-2025 22:26:24 Info: Power Off...
info:17-05-2025 22:26:40 Info: Ready To Start A Cutting Cycle ...
info:17-05-2025 22:26:41 Info: Estop Deactivate...
info:17-05-2025 22:26:41 Info: Power On...
warning:17-05-2025 22:26:42 Referencing Axis...
info:17-05-2025 22:27:14 Info: Ready To Start A Cutting Cycle ...
info:17-05-2025 22:27:15 Info: Estop Deactivate...
info:17-05-2025 22:27:16 Info: Power On...
warning:17-05-2025 22:27:18 Referencing Axis...
info:17-05-2025 22:27:19 Info: Power Off...
info:17-05-2025 22:27:36 Info: Ready To Start A Cutting Cycle ...
info:17-05-2025 22:27:43 Info: Estop Deactivate...
info:17-05-2025 22:27:44 Info: Power On...
info:17-05-2025 22:27:47 Info: Power Off...
info:17-05-2025 22:27:55 Info: Power On...
warning:17-05-2025 22:27:57 Referencing Axis...
info:17-05-2025 22:27:59 Info: Power Off...
info:17-05-2025 22:31:25 Info: Ready To Start A Cutting Cycle ...
info:17-05-2025 22:31:26 Info: Estop Deactivate...
info:17-05-2025 22:31:27 Info: Power On...
warning:17-05-2025 22:31:27 Referencing Axis...
info:17-05-2025 22:32:33 Info: Ready To Start A Cutting Cycle ...
info:17-05-2025 22:32:35 Info: Estop Deactivate...
info:17-05-2025 22:32:35 Info: Power On...
warning:17-05-2025 22:32:36 Referencing Axis...
info:17-05-2025 22:32:53 Info: Power Off...
info:17-05-2025 22:44:48 Info: Ready To Start A Cutting Cycle ...
info:17-05-2025 22:45:28 Info: Ready To Start A Cutting Cycle ...
info:17-05-2025 22:45:29 Info: Estop Deactivate...
info:17-05-2025 22:45:29 Info: Power On...
warning:17-05-2025 22:45:30 Referencing Axis...
info:17-05-2025 22:46:27 Info: Ready To Start A Cutting Cycle ...
info:17-05-2025 22:46:29 Info: Estop Deactivate...
info:17-05-2025 22:46:30 Info: Power On...
warning:17-05-2025 22:46:31 Referencing Axis...
info:17-05-2025 22:46:45 Info: Power Off...
info:17-05-2025 22:47:15 Info: Ready To Start A Cutting Cycle ...
info:17-05-2025 22:47:16 Info: Estop Deactivate...
info:17-05-2025 22:47:17 Info: Power On...
warning:17-05-2025 22:47:17 Referencing Axis...
info:17-05-2025 22:49:18 Info: Ready To Start A Cutting Cycle ...
info:17-05-2025 22:49:19 Info: Estop Deactivate...
info:17-05-2025 22:49:20 Info: Power On...
warning:17-05-2025 22:49:20 Referencing Axis...
info:17-05-2025 22:50:03 Info: Ready To Start A Cutting Cycle ...
info:17-05-2025 22:50:04 Info: Estop Deactivate...
info:17-05-2025 22:50:05 Info: Power On...
warning:17-05-2025 22:50:06 Referencing Axis...
info:17-05-2025 22:50:24 Info: Ready To Start A Cutting Cycle ...
info:17-05-2025 22:50:26 Info: Estop Deactivate...
info:17-05-2025 22:50:26 Info: Power On...
warning:17-05-2025 22:50:27 Referencing Axis...
info:17-05-2025 22:50:54 Info: Ready To Start A Cutting Cycle ...
info:17-05-2025 22:50:56 Info: Estop Deactivate...
info:17-05-2025 22:50:56 Info: Power On...
warning:17-05-2025 22:50:57 Referencing Axis...
info:17-05-2025 22:50:59 Info: Power Off...
info:17-05-2025 22:51:47 Info: Ready To Start A Cutting Cycle ...
info:17-05-2025 22:51:48 Info: Estop Deactivate...
info:17-05-2025 22:51:49 Info: Power On...
warning:17-05-2025 22:51:49 Referencing Axis...
info:17-05-2025 22:52:15 Info: Ready To Start A Cutting Cycle ...
info:17-05-2025 22:52:16 Info: Estop Deactivate...
info:17-05-2025 22:52:16 Info: Power On...
warning:17-05-2025 22:52:17 Referencing Axis...
info:17-05-2025 22:52:19 Info: Power Off...
info:17-05-2025 22:52:35 Info: Ready To Start A Cutting Cycle ...
info:17-05-2025 22:52:36 Info: Estop Deactivate...
info:17-05-2025 22:52:36 Info: Power On...
warning:17-05-2025 22:52:37 Referencing Axis...
info:17-05-2025 22:52:50 Info: Ready To Start A Cutting Cycle ...
info:17-05-2025 22:52:51 Info: Estop Deactivate...
info:17-05-2025 22:52:52 Info: Power On...
warning:17-05-2025 22:52:52 Referencing Axis...
info:17-05-2025 22:52:57 Info: Power Off...
info:17-05-2025 22:53:28 Info: Ready To Start A Cutting Cycle ...
info:17-05-2025 22:53:30 Info: Estop Deactivate...
info:17-05-2025 22:53:30 Info: Power On...
warning:17-05-2025 22:53:31 Referencing Axis...
info:17-05-2025 22:54:17 Info: Ready To Start A Cutting Cycle ...
info:17-05-2025 22:54:18 Info: Estop Deactivate...
info:17-05-2025 22:54:19 Info: Power On...
warning:17-05-2025 22:54:19 Referencing Axis...
info:17-05-2025 22:54:48 Info: Ready To Start A Cutting Cycle ...
info:17-05-2025 22:54:49 Info: Estop Deactivate...
info:17-05-2025 22:54:50 Info: Power On...
warning:17-05-2025 22:54:50 Referencing Axis...
info:17-05-2025 22:55:10 Info: Ready To Start A Cutting Cycle ...
info:17-05-2025 22:55:11 Info: Estop Deactivate...
info:17-05-2025 22:55:12 Info: Power On...
warning:17-05-2025 22:55:13 Referencing Axis...
info:17-05-2025 22:55:15 Info: Power Off...
info:17-05-2025 22:55:26 Info: Ready To Start A Cutting Cycle ...
info:17-05-2025 22:55:28 Info: Estop Deactivate...
info:17-05-2025 22:55:28 Info: Power On...
warning:17-05-2025 22:55:29 Referencing Axis...
info:17-05-2025 22:55:30 Info: Power Off...
info:17-05-2025 22:55:47 Info: Ready To Start A Cutting Cycle ...
info:17-05-2025 22:55:48 Info: Estop Deactivate...
info:17-05-2025 22:55:48 Info: Power On...
warning:17-05-2025 22:55:49 Referencing Axis...
info:17-05-2025 22:56:12 Info: Ready To Start A Cutting Cycle ...
info:17-05-2025 22:56:13 Info: Estop Deactivate...
info:17-05-2025 22:56:14 Info: Power On...
warning:17-05-2025 22:56:15 Referencing Axis...
info:17-05-2025 22:57:18 Info: Ready To Start A Cutting Cycle ...
info:17-05-2025 22:57:19 Info: Estop Deactivate...
info:17-05-2025 22:57:20 Info: Power On...
warning:17-05-2025 22:57:28 Referencing Axis...
info:17-05-2025 22:57:30 Info: Power Off...
info:17-05-2025 22:57:44 Info: Ready To Start A Cutting Cycle ...
info:17-05-2025 22:57:51 Info: Estop Deactivate...
info:17-05-2025 22:57:52 Info: Power On...
warning:17-05-2025 22:57:56 Referencing Axis...
info:17-05-2025 22:57:58 Info: Power Off...
info:17-05-2025 22:59:28 Info: Ready To Start A Cutting Cycle ...
info:17-05-2025 22:59:30 Info: Estop Deactivate...
info:17-05-2025 22:59:30 Info: Power On...
info:17-05-2025 22:59:34 Info: Power Off...
info:17-05-2025 22:59:37 Info: Power On...
warning:17-05-2025 22:59:38 Referencing Axis...
info:17-05-2025 22:59:40 Info: Power Off...
info:17-05-2025 23:00:03 Info: Ready To Start A Cutting Cycle ...
info:17-05-2025 23:00:05 Info: Estop Deactivate...
info:17-05-2025 23:00:05 Info: Power On...
warning:17-05-2025 23:00:05 Referencing Axis...
info:17-05-2025 23:00:07 Info: Power Off...
info:17-05-2025 23:00:52 Info: Ready To Start A Cutting Cycle ...
info:17-05-2025 23:00:53 Info: Estop Deactivate...
info:17-05-2025 23:00:54 Info: Power On...
warning:17-05-2025 23:00:54 Referencing Axis...
info:17-05-2025 23:00:56 Info: Power Off...
info:17-05-2025 23:13:10 Info: Ready To Start A Cutting Cycle ...
info:17-05-2025 23:23:20 Info: Ready To Start A Cutting Cycle ...
info:17-05-2025 23:23:28 Info: Estop Deactivate...
info:17-05-2025 23:23:29 Info: Power On...
warning:17-05-2025 23:23:31 Referencing Axis...
info:17-05-2025 23:23:40 Info: All Axes Homed...
info:17-05-2025 23:24:27 Info: Ready To Start A Cutting Cycle ...
info:17-05-2025 23:24:28 Info: Estop Deactivate...
info:17-05-2025 23:24:28 Info: Power On...
info:17-05-2025 23:26:33 Info: Ready To Start A Cutting Cycle ...
info:17-05-2025 23:26:34 Info: Estop Deactivate...
info:17-05-2025 23:26:35 Info: Power On...
warning:17-05-2025 23:26:36 Referencing Axis...
info:17-05-2025 23:26:41 Info: All Axes Homed...
info:17-05-2025 23:27:28 Info: Ready To Start A Cutting Cycle ...
info:17-05-2025 23:27:29 Info: Estop Deactivate...
info:17-05-2025 23:27:30 Info: Power On...
info:17-05-2025 23:42:22 Info: Ready To Start A Cutting Cycle ...
info:17-05-2025 23:42:23 Info: Estop Deactivate...
info:17-05-2025 23:42:26 Info: Power On...
warning:17-05-2025 23:42:26 Referencing Axis...
info:17-05-2025 23:42:32 Info: All Axes Homed...
info:17-05-2025 23:42:58 Info: Ready To Start A Cutting Cycle ...
info:17-05-2025 23:42:59 Info: Estop Deactivate...
info:17-05-2025 23:43:00 Info: Power On...
warning:17-05-2025 23:43:00 Referencing Axis...
info:17-05-2025 23:43:02 Info: Power Off...
info:17-05-2025 23:43:19 Info: Ready To Start A Cutting Cycle ...
info:17-05-2025 23:43:20 Info: Estop Deactivate...
info:17-05-2025 23:43:20 Info: Power On...
warning:17-05-2025 23:43:21 Referencing Axis...
info:17-05-2025 23:43:22 Info: Power Off...
info:17-05-2025 23:43:34 Info: Ready To Start A Cutting Cycle ...
info:17-05-2025 23:43:35 Info: Estop Deactivate...
info:17-05-2025 23:43:35 Info: Power On...
warning:17-05-2025 23:43:36 Referencing Axis...
info:17-05-2025 23:44:06 Info: Power Off...
info:17-05-2025 23:44:54 Info: Ready To Start A Cutting Cycle ...
info:17-05-2025 23:44:55 Info: Estop Deactivate...
info:17-05-2025 23:44:56 Info: Power On...
info:17-05-2025 23:44:58 Info: Power Off...
info:17-05-2025 23:45:01 Info: Power On...
warning:17-05-2025 23:45:04 Referencing Axis...
info:17-05-2025 23:45:06 Info: Power Off...
info:17-05-2025 23:49:33 Info: Ready To Start A Cutting Cycle ...
info:17-05-2025 23:49:34 Info: Estop Deactivate...
info:17-05-2025 23:49:34 Info: Power On...
warning:17-05-2025 23:49:35 Referencing Axis...
info:17-05-2025 23:49:37 Info: Power Off...
info:17-05-2025 23:49:52 Info: Power On...
warning:17-05-2025 23:49:53 Referencing Axis...
info:17-05-2025 23:49:55 Info: Power Off...
info:17-05-2025 23:50:10 Info: Ready To Start A Cutting Cycle ...
info:17-05-2025 23:50:11 Info: Estop Deactivate...
info:17-05-2025 23:50:12 Info: Power On...
warning:17-05-2025 23:50:12 Referencing Axis...
info:17-05-2025 23:50:14 Info: Power Off...
info:17-05-2025 23:51:31 Info: Ready To Start A Cutting Cycle ...
info:17-05-2025 23:51:32 Info: Estop Deactivate...
info:17-05-2025 23:51:32 Info: Power On...
warning:17-05-2025 23:51:33 Referencing Axis...
info:17-05-2025 23:51:34 Info: Power Off...
info:17-05-2025 23:51:45 Info: Ready To Start A Cutting Cycle ...
info:17-05-2025 23:51:46 Info: Estop Deactivate...
info:17-05-2025 23:51:47 Info: Power On...
info:17-05-2025 23:51:49 Info: Power Off...
info:17-05-2025 23:51:53 Info: Power On...
warning:17-05-2025 23:51:54 Referencing Axis...
info:17-05-2025 23:52:35 Info: Ready To Start A Cutting Cycle ...
info:17-05-2025 23:52:49 Info: Estop Deactivate...
info:17-05-2025 23:52:50 Info: Power On...
warning:17-05-2025 23:52:52 Referencing Axis...
info:17-05-2025 23:52:54 Info: Power Off...
info:17-05-2025 23:53:10 Info: Ready To Start A Cutting Cycle ...
info:17-05-2025 23:53:12 Info: Estop Deactivate...
info:17-05-2025 23:53:12 Info: Power On...
warning:17-05-2025 23:53:14 Referencing Axis...
info:17-05-2025 23:53:16 Info: Power Off...
info:17-05-2025 23:53:54 Info: Ready To Start A Cutting Cycle ...
info:17-05-2025 23:53:55 Info: Estop Deactivate...
info:17-05-2025 23:53:56 Info: Power On...
warning:17-05-2025 23:53:56 Referencing Axis...
info:17-05-2025 23:53:58 Info: Power Off...
info:17-05-2025 23:54:19 Info: Ready To Start A Cutting Cycle ...
info:17-05-2025 23:54:20 Info: Estop Deactivate...
info:17-05-2025 23:54:21 Info: Power On...
warning:17-05-2025 23:54:22 Referencing Axis...
info:17-05-2025 23:54:23 Info: Power Off...
info:17-05-2025 23:55:49 Info: Ready To Start A Cutting Cycle ...
info:17-05-2025 23:55:58 Info: Estop Deactivate...
info:17-05-2025 23:55:58 Info: Power On...
warning:17-05-2025 23:56:17 Referencing Axis...
info:17-05-2025 23:56:18 Info: Power Off...
info:17-05-2025 23:56:57 Info: Ready To Start A Cutting Cycle ...
info:17-05-2025 23:56:58 Info: Estop Deactivate...
info:17-05-2025 23:56:58 Info: Power On...
warning:17-05-2025 23:56:59 Referencing Axis...
info:17-05-2025 23:57:01 Info: Power Off...
info:17-05-2025 23:57:29 Info: Ready To Start A Cutting Cycle ...
info:17-05-2025 23:57:30 Info: Estop Deactivate...
info:17-05-2025 23:57:31 Info: Power On...
warning:17-05-2025 23:57:31 Referencing Axis...
info:17-05-2025 23:57:33 Info: Power Off...
info:17-05-2025 23:57:44 Info: Ready To Start A Cutting Cycle ...
info:17-05-2025 23:57:45 Info: Estop Deactivate...
info:17-05-2025 23:57:45 Info: Power On...
warning:17-05-2025 23:57:46 Referencing Axis...
info:17-05-2025 23:57:48 Info: Power Off...
info:17-05-2025 23:57:57 Info: Ready To Start A Cutting Cycle ...
info:17-05-2025 23:58:00 Info: Estop Deactivate...
info:17-05-2025 23:58:00 Info: Power On...
warning:17-05-2025 23:58:01 Referencing Axis...
info:17-05-2025 23:58:03 Info: Power Off...
info:17-05-2025 23:58:42 Info: Ready To Start A Cutting Cycle ...
info:17-05-2025 23:58:43 Info: Estop Deactivate...
info:17-05-2025 23:58:43 Info: Power On...
warning:17-05-2025 23:58:44 Referencing Axis...
info:17-05-2025 23:58:50 Info: All Axes Homed...
info:17-05-2025 23:59:06 Info: Ready To Start A Cutting Cycle ...
info:17-05-2025 23:59:09 Info: Estop Deactivate...
info:17-05-2025 23:59:10 Info: Power On...
warning:17-05-2025 23:59:11 Referencing Axis...
info:17-05-2025 23:59:42 Info: Power Off...
