info:01-06-2025 00:01:49 Info: Ready To Start A Cutting Cycle ...
info:01-06-2025 00:01:51 Info: Estop Deactivate...
info:01-06-2025 00:01:52 Info: Power On...
warning:01-06-2025 00:01:53 Referencing Axis...
info:01-06-2025 00:02:12 Info: All Axes Homed...
info:01-06-2025 00:04:27 Info: Ready To Start A Cutting Cycle ...
info:01-06-2025 00:04:29 Info: Estop Deactivate...
info:01-06-2025 00:04:29 Info: Power On...
warning:01-06-2025 00:04:30 Referencing Axis...
info:01-06-2025 00:04:49 Info: All Axes Homed...
info:01-06-2025 00:07:14 Info: Ready To Start A Cutting Cycle ...
info:01-06-2025 00:07:15 Info: Estop Deactivate...
info:01-06-2025 00:07:15 Info: Power On...
warning:01-06-2025 00:07:16 Referencing Axis...
info:01-06-2025 00:07:35 Info: All Axes Homed...
info:01-06-2025 00:08:17 Info: Ready To Start A Cutting Cycle ...
info:01-06-2025 00:08:18 Info: Estop Deactivate...
info:01-06-2025 00:08:19 Info: Power On...
warning:01-06-2025 00:08:20 Referencing Axis...
info:01-06-2025 00:08:24 Info: Power Off...
warning:01-06-2025 00:08:24 Warning: Estop Activate...
info:01-06-2025 00:08:44 Info: Ready To Start A Cutting Cycle ...
info:01-06-2025 00:08:45 Info: Estop Deactivate...
info:01-06-2025 00:08:46 Info: Power On...
warning:01-06-2025 00:08:46 Referencing Axis...
info:01-06-2025 00:09:08 Info: All Axes Homed...
info:01-06-2025 00:14:20 Info: Ready To Start A Cutting Cycle ...
info:01-06-2025 00:15:06 Info: Ready To Start A Cutting Cycle ...
info:01-06-2025 00:15:08 Info: Estop Deactivate...
info:01-06-2025 00:15:08 Info: Power On...
warning:01-06-2025 00:15:09 Referencing Axis...
info:01-06-2025 00:15:28 Info: All Axes Homed...
info:01-06-2025 00:15:49 Info: Ready To Start A Cutting Cycle ...
info:01-06-2025 00:15:50 Info: Estop Deactivate...
info:01-06-2025 00:15:51 Info: Power On...
warning:01-06-2025 00:15:52 Referencing Axis...
info:01-06-2025 00:16:26 Info: All Axes Homed...
info:01-06-2025 00:17:14 Info: Ready To Start A Cutting Cycle ...
info:01-06-2025 00:17:15 Info: Estop Deactivate...
info:01-06-2025 00:17:15 Info: Power On...
warning:01-06-2025 00:17:16 Referencing Axis...
info:01-06-2025 00:17:18 Info: All Axes Homed...
info:01-06-2025 00:17:28 Info: Ready To Start A Cutting Cycle ...
info:01-06-2025 00:17:29 Info: Estop Deactivate...
info:01-06-2025 00:17:30 Info: Power On...
warning:01-06-2025 00:17:37 Referencing Axis...
info:01-06-2025 00:17:54 Info: All Axes Homed...
info:01-06-2025 00:18:11 Info: Ready To Start A Cutting Cycle ...
info:01-06-2025 00:18:12 Info: Estop Deactivate...
info:01-06-2025 00:18:13 Info: Power On...
warning:01-06-2025 00:18:13 Referencing Axis...
info:01-06-2025 00:18:30 Info: All Axes Homed...
info:01-06-2025 00:24:29 Info: Ready To Start A Cutting Cycle ...
info:01-06-2025 00:24:30 Info: Estop Deactivate...
info:01-06-2025 00:24:31 Info: Power On...
warning:01-06-2025 00:24:32 Referencing Axis...
info:01-06-2025 00:24:36 Info: All Axes Homed...
info:01-06-2025 00:25:21 Info: Ready To Start A Cutting Cycle ...
info:01-06-2025 00:25:23 Info: Estop Deactivate...
info:01-06-2025 00:25:23 Info: Power On...
warning:01-06-2025 00:25:24 Referencing Axis...
info:01-06-2025 00:25:43 Info: All Axes Homed...
info:01-06-2025 00:27:09 Info: Ready To Start A Cutting Cycle ...
info:01-06-2025 00:27:11 Info: Estop Deactivate...
info:01-06-2025 00:27:11 Info: Power On...
warning:01-06-2025 00:27:11 Referencing Axis...
info:01-06-2025 00:27:52 Info: Ready To Start A Cutting Cycle ...
info:01-06-2025 00:27:53 Info: Estop Deactivate...
info:01-06-2025 00:27:53 Info: Power On...
info:01-06-2025 00:28:14 Info: Ready To Start A Cutting Cycle ...
info:01-06-2025 00:28:15 Info: Estop Deactivate...
info:01-06-2025 00:28:15 Info: Power On...
warning:01-06-2025 00:28:15 Referencing Axis...
info:01-06-2025 00:28:22 Info: All Axes Homed...
info:01-06-2025 00:28:50 Info: Ready To Start A Cutting Cycle ...
info:01-06-2025 00:28:52 Info: Estop Deactivate...
info:01-06-2025 00:28:52 Info: Power On...
warning:01-06-2025 00:28:53 Referencing Axis...
info:01-06-2025 00:29:26 Info: All Axes Homed...
info:01-06-2025 00:30:14 Info: Ready To Start A Cutting Cycle ...
info:01-06-2025 00:30:15 Info: Estop Deactivate...
info:01-06-2025 00:30:16 Info: Power On...
warning:01-06-2025 00:30:16 Referencing Axis...
info:01-06-2025 00:30:38 Info: Ready To Start A Cutting Cycle ...
info:01-06-2025 00:30:39 Info: Estop Deactivate...
info:01-06-2025 00:30:40 Info: Power On...
warning:01-06-2025 00:30:40 Referencing Axis...
info:01-06-2025 00:30:46 Info: All Axes Homed...
info:01-06-2025 00:31:09 Info: Ready To Start A Cutting Cycle ...
info:01-06-2025 00:31:10 Info: Estop Deactivate...
info:01-06-2025 00:31:11 Info: Power On...
warning:01-06-2025 00:31:12 Referencing Axis...
info:01-06-2025 00:31:31 Info: All Axes Homed...
info:01-06-2025 00:33:48 Info: Ready To Start A Cutting Cycle ...
info:01-06-2025 00:33:49 Info: Estop Deactivate...
info:01-06-2025 00:33:50 Info: Power On...
warning:01-06-2025 00:33:50 Referencing Axis...
info:01-06-2025 00:34:09 Info: All Axes Homed...
info:01-06-2025 00:36:56 Info: Ready To Start A Cutting Cycle ...
info:01-06-2025 00:36:58 Info: Estop Deactivate...
info:01-06-2025 00:36:58 Info: Power On...
warning:01-06-2025 00:36:59 Referencing Axis...
info:01-06-2025 00:37:18 Info: All Axes Homed...
info:01-06-2025 00:37:52 Info: Ready To Start A Cutting Cycle ...
info:01-06-2025 00:37:53 Info: Estop Deactivate...
info:01-06-2025 00:37:54 Info: Power On...
warning:01-06-2025 00:37:54 Referencing Axis...
info:01-06-2025 00:38:13 Info: All Axes Homed...
info:01-06-2025 00:39:29 Info: Ready To Start A Cutting Cycle ...
info:01-06-2025 00:39:30 Info: Estop Deactivate...
info:01-06-2025 00:39:31 Info: Power On...
warning:01-06-2025 00:39:32 Referencing Axis...
info:01-06-2025 00:39:51 Info: All Axes Homed...
info:01-06-2025 00:40:38 Info: Ready To Start A Cutting Cycle ...
info:01-06-2025 00:40:39 Info: Estop Deactivate...
info:01-06-2025 00:40:40 Info: Power On...
warning:01-06-2025 00:40:40 Referencing Axis...
info:01-06-2025 00:41:12 Info: All Axes Homed...
info:01-06-2025 00:42:53 Info: Ready To Start A Cutting Cycle ...
info:01-06-2025 00:42:54 Info: Estop Deactivate...
info:01-06-2025 00:42:55 Info: Power On...
warning:01-06-2025 00:42:55 Referencing Axis...
info:01-06-2025 00:43:29 Info: All Axes Homed...
info:01-06-2025 00:43:45 Info: Ready To Start A Cutting Cycle ...
info:01-06-2025 00:43:46 Info: Estop Deactivate...
info:01-06-2025 00:43:47 Info: Power On...
warning:01-06-2025 00:43:47 Referencing Axis...
info:01-06-2025 00:44:37 Info: All Axes Homed...
info:01-06-2025 00:47:36 Info: Ready To Start A Cutting Cycle ...
info:01-06-2025 00:47:37 Info: Estop Deactivate...
info:01-06-2025 00:47:37 Info: Power On...
warning:01-06-2025 00:47:38 Referencing Axis...
info:01-06-2025 00:47:54 Info: All Axes Homed...
info:01-06-2025 00:49:05 Info: Ready To Start A Cutting Cycle ...
info:01-06-2025 00:49:07 Info: Estop Deactivate...
info:01-06-2025 00:49:07 Info: Power On...
warning:01-06-2025 00:49:08 Referencing Axis...
info:01-06-2025 00:49:24 Info: All Axes Homed...
info:01-06-2025 00:50:18 Info: Ready To Start A Cutting Cycle ...
info:01-06-2025 00:50:19 Info: Estop Deactivate...
info:01-06-2025 00:50:20 Info: Power On...
warning:01-06-2025 00:50:20 Referencing Axis...
info:01-06-2025 00:50:38 Info: All Axes Homed...
info:01-06-2025 00:51:39 Info: Ready To Start A Cutting Cycle ...
info:01-06-2025 00:51:40 Info: Estop Deactivate...
info:01-06-2025 00:51:40 Info: Power On...
warning:01-06-2025 00:51:40 Referencing Axis...
info:01-06-2025 00:51:57 Info: All Axes Homed...
info:01-06-2025 00:54:10 Info: Ready To Start A Cutting Cycle ...
info:01-06-2025 00:54:13 Info: Estop Deactivate...
info:01-06-2025 00:54:13 Info: Power On...
warning:01-06-2025 00:54:13 Referencing Axis...
info:01-06-2025 00:54:45 Info: All Axes Homed...
info:01-06-2025 00:55:25 Info: Ready To Start A Cutting Cycle ...
info:01-06-2025 00:55:26 Info: Estop Deactivate...
info:01-06-2025 00:55:27 Info: Power On...
warning:01-06-2025 00:55:27 Referencing Axis...
info:01-06-2025 00:55:46 Info: All Axes Homed...
info:01-06-2025 00:59:06 Info: Ready To Start A Cutting Cycle ...
info:01-06-2025 00:59:08 Info: Estop Deactivate...
info:01-06-2025 00:59:08 Info: Power On...
warning:01-06-2025 00:59:09 Referencing Axis...
info:01-06-2025 00:59:27 Info: All Axes Homed...
info:01-06-2025 01:01:15 Info: Ready To Start A Cutting Cycle ...
info:01-06-2025 01:01:38 Info: Ready To Start A Cutting Cycle ...
info:01-06-2025 01:01:39 Info: Estop Deactivate...
info:01-06-2025 01:01:40 Info: Power On...
warning:01-06-2025 01:01:40 Referencing Axis...
info:01-06-2025 01:02:13 Info: All Axes Homed...
info:01-06-2025 01:03:22 Info: Ready To Start A Cutting Cycle ...
info:01-06-2025 01:03:23 Info: Estop Deactivate...
info:01-06-2025 01:03:24 Info: Power On...
warning:01-06-2025 01:03:26 Referencing Axis...
info:01-06-2025 01:03:45 Info: All Axes Homed...
info:01-06-2025 01:04:45 Info: Ready To Start A Cutting Cycle ...
info:01-06-2025 01:04:46 Info: Estop Deactivate...
info:01-06-2025 01:04:47 Info: Power On...
warning:01-06-2025 01:05:11 Referencing Axis...
info:01-06-2025 01:05:30 Info: All Axes Homed...
warning:01-06-2025 01:06:18 Referencing Axis...
warning:01-06-2025 01:06:19 Warning: 0 Axis Not Homed...
info:01-06-2025 01:06:36 Info: All Axes Homed...
info:01-06-2025 01:07:02 Info: Ready To Start A Cutting Cycle ...
info:01-06-2025 01:07:03 Info: Estop Deactivate...
info:01-06-2025 01:07:03 Info: Power On...
warning:01-06-2025 01:07:04 Referencing Axis...
info:01-06-2025 01:07:23 Info: All Axes Homed...
warning:01-06-2025 01:08:27 Referencing Axis...
warning:01-06-2025 01:08:28 Warning: 0 Axis Not Homed...
info:01-06-2025 01:08:46 Info: All Axes Homed...
info:01-06-2025 11:18:18 Info: Ready To Start A Cutting Cycle ...
info:01-06-2025 11:19:01 Info: Estop Deactivate...
info:01-06-2025 11:19:28 Info: Power On...
warning:01-06-2025 11:19:29 Referencing Axis...
info:01-06-2025 11:19:35 Info: All Axes Homed...
info:01-06-2025 11:20:05 Info: Ready To Start A Cutting Cycle ...
info:01-06-2025 11:20:08 Info: Estop Deactivate...
info:01-06-2025 11:20:09 Info: Power On...
warning:01-06-2025 11:20:14 Referencing Axis...
info:01-06-2025 11:20:33 Info: All Axes Homed...
info:01-06-2025 11:25:56 Info: Ready To Start A Cutting Cycle ...
info:01-06-2025 11:25:57 Info: Estop Deactivate...
info:01-06-2025 11:25:58 Info: Power On...
warning:01-06-2025 11:26:16 Referencing Axis...
info:01-06-2025 11:26:48 Info: All Axes Homed...
info:01-06-2025 11:26:53 Info: Power Off...
warning:01-06-2025 11:26:53 Warning: 0 Axis Not Homed...
warning:01-06-2025 11:26:53 Warning: Estop Activate...
info:01-06-2025 11:28:34 Info: Ready To Start A Cutting Cycle ...
info:01-06-2025 11:28:35 Info: Estop Deactivate...
info:01-06-2025 11:28:36 Info: Power On...
warning:01-06-2025 11:28:37 Referencing Axis...
info:01-06-2025 11:29:09 Info: All Axes Homed...
info:01-06-2025 11:29:12 Info: Power Off...
warning:01-06-2025 11:29:12 Warning: 0 Axis Not Homed...
warning:01-06-2025 11:29:12 Warning: Estop Activate...
info:01-06-2025 11:30:25 Info: Ready To Start A Cutting Cycle ...
info:01-06-2025 11:30:27 Info: Estop Deactivate...
info:01-06-2025 11:30:27 Info: Power On...
warning:01-06-2025 11:30:28 Referencing Axis...
info:01-06-2025 11:31:17 Info: All Axes Homed...
info:01-06-2025 11:31:24 Info: Power Off...
warning:01-06-2025 11:31:24 Warning: 0 Axis Not Homed...
warning:01-06-2025 11:31:24 Warning: Estop Activate...
info:01-06-2025 11:31:42 Info: Ready To Start A Cutting Cycle ...
info:01-06-2025 11:31:43 Info: Estop Deactivate...
info:01-06-2025 11:31:44 Info: Power On...
warning:01-06-2025 11:31:44 Referencing Axis...
info:01-06-2025 11:32:33 Info: All Axes Homed...
info:01-06-2025 11:32:39 Info: Power Off...
warning:01-06-2025 11:32:39 Warning: 0 Axis Not Homed...
warning:01-06-2025 11:32:39 Warning: Estop Activate...
info:01-06-2025 11:33:14 Info: Ready To Start A Cutting Cycle ...
info:01-06-2025 11:33:16 Info: Estop Deactivate...
info:01-06-2025 11:33:16 Info: Power On...
warning:01-06-2025 11:33:17 Referencing Axis...
info:01-06-2025 11:33:35 Info: All Axes Homed...
info:01-06-2025 11:33:50 Info: Ready To Start A Cutting Cycle ...
info:01-06-2025 11:33:52 Info: Estop Deactivate...
info:01-06-2025 11:33:52 Info: Power On...
warning:01-06-2025 11:33:53 Referencing Axis...
info:01-06-2025 11:34:39 Info: All Axes Homed...
info:01-06-2025 11:34:43 Info: Power Off...
warning:01-06-2025 11:34:43 Warning: 0 Axis Not Homed...
warning:01-06-2025 11:34:43 Warning: Estop Activate...
info:01-06-2025 11:35:13 Info: Ready To Start A Cutting Cycle ...
info:01-06-2025 11:35:15 Info: Estop Deactivate...
info:01-06-2025 11:35:15 Info: Power On...
warning:01-06-2025 11:35:15 Referencing Axis...
info:01-06-2025 11:35:53 Info: Power Off...
warning:01-06-2025 11:35:53 Warning: Estop Activate...
info:01-06-2025 11:36:22 Info: Ready To Start A Cutting Cycle ...
info:01-06-2025 11:36:23 Info: Estop Deactivate...
info:01-06-2025 11:36:24 Info: Power On...
warning:01-06-2025 11:36:24 Referencing Axis...
info:01-06-2025 11:36:32 Info: All Axes Homed...
info:01-06-2025 11:36:54 Info: Ready To Start A Cutting Cycle ...
info:01-06-2025 11:36:56 Info: Estop Deactivate...
info:01-06-2025 11:36:56 Info: Power On...
warning:01-06-2025 11:36:57 Referencing Axis...
info:01-06-2025 11:37:28 Info: All Axes Homed...
warning:01-06-2025 11:37:31 Warning: Estop Activate...
info:01-06-2025 11:37:31 Info: Power Off...
warning:01-06-2025 11:37:31 Warning: 0 Axis Not Homed...
info:01-06-2025 11:43:22 Info: Ready To Start A Cutting Cycle ...
info:01-06-2025 11:43:24 Info: Estop Deactivate...
info:01-06-2025 11:43:24 Info: Power On...
warning:01-06-2025 11:43:25 Referencing Axis...
info:01-06-2025 11:43:42 Info: All Axes Homed...
info:01-06-2025 11:43:46 Info: Power Off...
warning:01-06-2025 11:43:46 Warning: 0 Axis Not Homed...
warning:01-06-2025 11:43:46 Warning: Estop Activate...
info:01-06-2025 11:44:23 Info: Ready To Start A Cutting Cycle ...
info:01-06-2025 11:44:24 Info: Estop Deactivate...
info:01-06-2025 11:44:24 Info: Power On...
warning:01-06-2025 11:44:25 Referencing Axis...
info:01-06-2025 11:44:56 Info: All Axes Homed...
info:01-06-2025 11:45:40 Info: Ready To Start A Cutting Cycle ...
info:01-06-2025 11:45:41 Info: Estop Deactivate...
info:01-06-2025 11:45:42 Info: Power On...
warning:01-06-2025 11:45:42 Referencing Axis...
info:01-06-2025 11:46:14 Info: All Axes Homed...
info:01-06-2025 11:46:16 Info: Power Off...
warning:01-06-2025 11:46:16 Warning: 0 Axis Not Homed...
warning:01-06-2025 11:46:16 Warning: Estop Activate...
info:01-06-2025 11:47:33 Info: Ready To Start A Cutting Cycle ...
info:01-06-2025 11:47:34 Info: Estop Deactivate...
info:01-06-2025 11:47:35 Info: Power On...
warning:01-06-2025 11:47:35 Referencing Axis...
info:01-06-2025 11:48:22 Info: All Axes Homed...
info:01-06-2025 11:49:32 Info: Ready To Start A Cutting Cycle ...
info:01-06-2025 11:49:33 Info: Estop Deactivate...
info:01-06-2025 11:49:34 Info: Power On...
warning:01-06-2025 11:49:34 Referencing Axis...
info:01-06-2025 11:49:51 Info: All Axes Homed...
info:01-06-2025 11:57:53 Info: Ready To Start A Cutting Cycle ...
info:01-06-2025 11:57:55 Info: Estop Deactivate...
info:01-06-2025 11:57:55 Info: Power On...
warning:01-06-2025 11:57:55 Referencing Axis...
info:01-06-2025 11:58:27 Info: All Axes Homed...
info:01-06-2025 11:59:42 Info: Ready To Start A Cutting Cycle ...
info:01-06-2025 11:59:44 Info: Estop Deactivate...
info:01-06-2025 11:59:44 Info: Power On...
warning:01-06-2025 11:59:44 Referencing Axis...
info:01-06-2025 12:00:16 Info: All Axes Homed...
info:01-06-2025 12:01:24 Info: Press Busy Hands Buttons For Move...
info:01-06-2025 12:01:25 Info: Normal Cut...
info:01-06-2025 12:01:45 Info: Ready To Start A Cutting Cycle ...
info:01-06-2025 12:03:27 Info: Ready To Start A Cutting Cycle ...
info:01-06-2025 12:03:28 Info: Estop Deactivate...
info:01-06-2025 12:03:29 Info: Power On...
warning:01-06-2025 12:03:29 Referencing Axis...
info:01-06-2025 12:04:10 Info: All Axes Homed...
info:01-06-2025 12:09:05 Info: Ready To Start A Cutting Cycle ...
info:01-06-2025 12:09:06 Info: Estop Deactivate...
info:01-06-2025 12:09:07 Info: Power On...
warning:01-06-2025 12:09:07 Referencing Axis...
info:01-06-2025 12:09:39 Info: All Axes Homed...
info:01-06-2025 12:09:39 Info: Power Off...
warning:01-06-2025 12:09:39 Warning: 0 Axis Not Homed...
warning:01-06-2025 12:09:39 Warning: Estop Activate...
info:01-06-2025 12:20:24 Info: Ready To Start A Cutting Cycle ...
info:01-06-2025 12:20:25 Info: Estop Deactivate...
info:01-06-2025 12:20:26 Info: Power On...
warning:01-06-2025 12:20:26 Referencing Axis...
info:01-06-2025 12:21:23 Info: All Axes Homed...
info:01-06-2025 12:23:07 Info: Ready To Start A Cutting Cycle ...
info:01-06-2025 12:23:08 Info: Estop Deactivate...
info:01-06-2025 12:23:09 Info: Power On...
warning:01-06-2025 12:23:09 Referencing Axis...
info:01-06-2025 12:23:40 Info: Ready To Start A Cutting Cycle ...
info:01-06-2025 12:23:42 Info: Estop Deactivate...
info:01-06-2025 12:24:06 Info: Power On...
warning:01-06-2025 12:24:08 Referencing Axis...
info:01-06-2025 12:25:16 Info: All Axes Homed...
info:01-06-2025 12:25:50 Info: Ready To Start A Cutting Cycle ...
info:01-06-2025 12:25:51 Info: Estop Deactivate...
info:01-06-2025 12:25:52 Info: Power On...
warning:01-06-2025 12:25:53 Referencing Axis...
info:01-06-2025 12:27:50 Info: All Axes Homed...
info:01-06-2025 12:28:27 Info: Ready To Start A Cutting Cycle ...
info:01-06-2025 12:28:28 Info: Estop Deactivate...
info:01-06-2025 12:28:29 Info: Power On...
warning:01-06-2025 12:28:29 Referencing Axis...
info:01-06-2025 12:29:51 Info: All Axes Homed...
info:01-06-2025 12:43:02 Info: Ready To Start A Cutting Cycle ...
info:01-06-2025 12:43:03 Info: Estop Deactivate...
info:01-06-2025 12:43:03 Info: Power On...
warning:01-06-2025 12:43:08 Referencing Axis...
info:01-06-2025 12:43:23 Info: Power Off...
warning:01-06-2025 12:43:23 Warning: Estop Activate...
info:01-06-2025 12:44:49 Info: Ready To Start A Cutting Cycle ...
info:01-06-2025 12:44:51 Info: Estop Deactivate...
info:01-06-2025 12:44:51 Info: Power On...
warning:01-06-2025 12:44:52 Referencing Axis...
info:01-06-2025 12:45:35 Info: Power Off...
warning:01-06-2025 12:45:35 Warning: Estop Activate...
info:01-06-2025 12:46:12 Info: Ready To Start A Cutting Cycle ...
info:01-06-2025 12:46:13 Info: Estop Deactivate...
info:01-06-2025 12:46:37 Info: Power On...
warning:01-06-2025 12:46:38 Referencing Axis...
info:01-06-2025 12:46:45 Info: Power Off...
warning:01-06-2025 12:46:45 Warning: Estop Activate...
info:01-06-2025 12:48:40 Info: Ready To Start A Cutting Cycle ...
info:01-06-2025 12:48:41 Info: Estop Deactivate...
info:01-06-2025 12:48:55 Info: Power On...
warning:01-06-2025 12:48:55 Referencing Axis...
info:01-06-2025 12:59:23 Info: Ready To Start A Cutting Cycle ...
info:01-06-2025 13:02:53 Info: Ready To Start A Cutting Cycle ...
info:01-06-2025 13:02:58 Info: Estop Deactivate...
info:01-06-2025 13:03:04 Info: Power On...
warning:01-06-2025 13:03:05 Referencing Axis...
warning:01-06-2025 13:03:18 Warning: Estop Activate...
info:01-06-2025 13:03:18 Info: Power Off...
info:01-06-2025 13:04:39 Info: Ready To Start A Cutting Cycle ...
info:01-06-2025 13:04:40 Info: Estop Deactivate...
info:01-06-2025 13:04:53 Info: Power On...
warning:01-06-2025 13:04:54 Referencing Axis...
info:01-06-2025 13:07:40 Info: Ready To Start A Cutting Cycle ...
info:01-06-2025 13:07:41 Info: Estop Deactivate...
info:01-06-2025 13:07:53 Info: Power On...
warning:01-06-2025 13:07:53 Referencing Axis...
info:01-06-2025 13:13:19 Info: Ready To Start A Cutting Cycle ...
info:01-06-2025 13:13:47 Info: Ready To Start A Cutting Cycle ...
info:01-06-2025 13:14:28 Info: Ready To Start A Cutting Cycle ...
info:01-06-2025 13:14:34 Info: Estop Deactivate...
info:01-06-2025 13:17:55 Info: Ready To Start A Cutting Cycle ...
info:01-06-2025 13:17:56 Info: Estop Deactivate...
info:01-06-2025 13:17:57 Info: Power On...
warning:01-06-2025 13:17:58 Referencing Axis...
info:01-06-2025 13:26:46 Info: Ready To Start A Cutting Cycle ...
info:01-06-2025 13:30:06 Info: Ready To Start A Cutting Cycle ...
info:01-06-2025 13:30:11 Info: Estop Deactivate...
info:01-06-2025 13:30:53 Info: Power On...
warning:01-06-2025 13:30:54 Referencing Axis...
info:01-06-2025 13:31:34 Info: Ready To Start A Cutting Cycle ...
info:01-06-2025 13:31:36 Info: Estop Deactivate...
info:01-06-2025 13:31:36 Info: Power On...
info:01-06-2025 13:31:38 Info: Power Off...
info:01-06-2025 13:31:52 Info: Power On...
warning:01-06-2025 13:31:53 Referencing Axis...
info:01-06-2025 13:32:16 Info: Ready To Start A Cutting Cycle ...
info:01-06-2025 13:32:17 Info: Estop Deactivate...
info:01-06-2025 13:32:17 Info: Power On...
warning:01-06-2025 13:32:17 Referencing Axis...
info:01-06-2025 13:32:48 Info: All Axes Homed...
info:01-06-2025 13:34:08 Info: Ready To Start A Cutting Cycle ...
info:01-06-2025 13:34:09 Info: Estop Deactivate...
info:01-06-2025 13:34:09 Info: Power On...
warning:01-06-2025 13:34:10 Referencing Axis...
info:01-06-2025 13:34:46 Info: All Axes Homed...
info:01-06-2025 13:34:48 Info: Power Off...
warning:01-06-2025 13:34:48 Warning: 0 Axis Not Homed...
warning:01-06-2025 13:34:48 Warning: Estop Activate...
info:01-06-2025 13:36:15 Info: Ready To Start A Cutting Cycle ...
info:01-06-2025 13:36:17 Info: Estop Deactivate...
info:01-06-2025 13:36:17 Info: Power On...
warning:01-06-2025 13:36:21 Referencing Axis...
info:01-06-2025 13:36:58 Info: All Axes Homed...
info:01-06-2025 13:37:29 Info: Ready To Start A Cutting Cycle ...
info:01-06-2025 13:37:32 Info: Estop Deactivate...
info:01-06-2025 13:37:33 Info: Power On...
warning:01-06-2025 13:37:33 Referencing Axis...
info:01-06-2025 13:38:00 Info: All Axes Homed...
info:01-06-2025 13:38:18 Info: Ready To Start A Cutting Cycle ...
info:01-06-2025 13:38:20 Info: Estop Deactivate...
info:01-06-2025 13:38:20 Info: Power On...
warning:01-06-2025 13:38:21 Referencing Axis...
info:01-06-2025 13:38:32 Info: All Axes Homed...
info:01-06-2025 13:39:03 Info: Ready To Start A Cutting Cycle ...
info:01-06-2025 13:39:04 Info: Estop Deactivate...
info:01-06-2025 13:39:05 Info: Power On...
warning:01-06-2025 13:39:07 Referencing Axis...
info:01-06-2025 13:39:08 Info: All Axes Homed...
info:01-06-2025 13:39:28 Info: Ready To Start A Cutting Cycle ...
info:01-06-2025 13:39:29 Info: Estop Deactivate...
info:01-06-2025 13:39:29 Info: Power On...
info:01-06-2025 13:39:42 Info: Power Off...
info:01-06-2025 13:40:00 Info: Power On...
warning:01-06-2025 13:40:01 Referencing Axis...
info:01-06-2025 13:40:09 Info: All Axes Homed...
info:01-06-2025 13:40:55 Info: Ready To Start A Cutting Cycle ...
info:01-06-2025 13:40:56 Info: Estop Deactivate...
info:01-06-2025 13:40:56 Info: Power On...
warning:01-06-2025 13:40:57 Referencing Axis...
info:01-06-2025 13:41:05 Info: Power Off...
warning:01-06-2025 13:41:05 Warning: Estop Activate...
info:01-06-2025 13:41:06 Info: Estop Deactivate...
info:01-06-2025 13:41:31 Info: Power On...
warning:01-06-2025 13:41:31 Referencing Axis...
info:01-06-2025 13:41:34 Info: All Axes Homed...
warning:01-06-2025 13:41:47 Warning: Number of Cuts is Zero...
info:01-06-2025 13:41:51 Info: Press Busy Hands Buttons For Move...
info:01-06-2025 13:41:52 Info: Normal Cut...
info:01-06-2025 13:42:01 Info: Close Clamps ...
info:01-06-2025 13:42:18 Info: Ready To Start A Cutting Cycle ...
info:01-06-2025 13:44:44 Info: Ready To Start A Cutting Cycle ...
info:01-06-2025 13:44:55 Info: Ready To Start A Cutting Cycle ...
info:01-06-2025 13:44:56 Info: Estop Deactivate...
info:01-06-2025 13:44:56 Info: Power On...
warning:01-06-2025 13:44:57 Referencing Axis...
info:01-06-2025 13:45:58 Info: All Axes Homed...
info:01-06-2025 13:49:56 Info: Ready To Start A Cutting Cycle ...
info:01-06-2025 13:50:11 Info: Ready To Start A Cutting Cycle ...
info:01-06-2025 13:50:12 Info: Estop Deactivate...
info:01-06-2025 13:50:13 Info: Power On...
warning:01-06-2025 13:50:13 Referencing Axis...
info:01-06-2025 13:50:15 Info: All Axes Homed...
info:01-06-2025 13:50:33 Info: Press Busy Hands Buttons For Move...
info:01-06-2025 13:50:34 Info: Normal Cut...
info:01-06-2025 13:50:35 Info: Close Clamps ...
info:01-06-2025 13:50:37 Info: Ready To Start A Cutting Cycle ...
warning:01-06-2025 13:50:40 Referencing Axis...
warning:01-06-2025 13:50:41 Warning: 0 Axis Not Homed...
info:01-06-2025 13:50:46 Info: All Axes Homed...
info:01-06-2025 13:51:43 Info: Ready To Start A Cutting Cycle ...
info:01-06-2025 13:51:45 Info: Estop Deactivate...
info:01-06-2025 13:51:45 Info: Power On...
warning:01-06-2025 13:51:51 Referencing Axis...
info:01-06-2025 13:51:57 Info: All Axes Homed...
warning:01-06-2025 13:52:10 Warning: Number of Cuts is Zero...
info:01-06-2025 13:52:13 Info: Press Busy Hands Buttons For Move...
info:01-06-2025 13:52:14 Info: Normal Cut...
info:01-06-2025 13:52:16 Info: Close Clamps ...
info:01-06-2025 13:52:21 Info: Ready To Start A Cutting Cycle ...
warning:01-06-2025 13:52:28 Referencing Axis...
warning:01-06-2025 13:52:29 Warning: 0 Axis Not Homed...
info:01-06-2025 13:52:35 Info: All Axes Homed...
info:01-06-2025 13:52:38 Info: Power Off...
warning:01-06-2025 13:52:38 Warning: 0 Axis Not Homed...
warning:01-06-2025 13:52:38 Warning: Estop Activate...
info:01-06-2025 13:58:57 Info: Ready To Start A Cutting Cycle ...
info:01-06-2025 13:58:58 Info: Estop Deactivate...
info:01-06-2025 13:58:58 Info: Power On...
warning:01-06-2025 13:58:59 Referencing Axis...
info:01-06-2025 13:59:05 Info: All Axes Homed...
info:01-06-2025 13:59:19 Info: Press Busy Hands Buttons For Move...
info:01-06-2025 13:59:20 Info: Normal Cut...
info:01-06-2025 13:59:22 Info: Close Clamps ...
info:01-06-2025 13:59:25 Info: Ready To Start A Cutting Cycle ...
warning:01-06-2025 13:59:30 Referencing Axis...
warning:01-06-2025 13:59:32 Warning: 0 Axis Not Homed...
info:01-06-2025 13:59:37 Info: All Axes Homed...
info:01-06-2025 14:00:06 Info: Press Busy Hands Buttons For Move...
info:01-06-2025 14:00:08 Info: Normal Cut...
info:01-06-2025 14:00:14 Info: Close Clamps ...
info:01-06-2025 14:00:17 Info: Ready To Start A Cutting Cycle ...
warning:01-06-2025 14:00:18 Referencing Axis...
warning:01-06-2025 14:00:19 Warning: 0 Axis Not Homed...
info:01-06-2025 14:00:55 Info: All Axes Homed...
info:01-06-2025 14:04:00 Info: Ready To Start A Cutting Cycle ...
info:01-06-2025 14:04:01 Info: Estop Deactivate...
info:01-06-2025 14:04:01 Info: Power On...
warning:01-06-2025 14:04:02 Referencing Axis...
info:01-06-2025 14:04:04 Info: All Axes Homed...
warning:01-06-2025 14:05:12 Warning: Number of Cuts is Zero...
info:01-06-2025 14:05:17 Info: Press Busy Hands Buttons For Move...
info:01-06-2025 14:05:18 Info: Normal Cut...
info:01-06-2025 14:05:24 Info: Close Clamps ...
info:01-06-2025 14:05:37 Info: Ready To Start A Cutting Cycle ...
info:01-06-2025 14:14:44 Info: Press Busy Hands Buttons For Move...
info:01-06-2025 14:14:45 Info: Step Slide Cut...
info:01-06-2025 14:14:50 Info: Close Clamps ...
info:01-06-2025 14:14:53 Info: Press Busy Hands Buttons For Cut...
info:01-06-2025 14:14:55 Info: Cut Only Left Saw Blade...
info:01-06-2025 14:14:55 Info: Saw Blade Output Time Controlled By User...
info:01-06-2025 14:14:58 Info: Press Busy Hands Buttons For Move To Recover Length Step Slide Cut...
info:01-06-2025 14:15:05 Info: Press Busy Hands Buttons For Cut...
info:01-06-2025 14:15:05 Info: Ready To Start A Cutting Cycle ...
info:01-06-2025 14:15:07 Info: Power Off...
warning:01-06-2025 14:15:07 Warning: 0 Axis Not Homed...
warning:01-06-2025 14:15:07 Warning: Estop Activate...
info:01-06-2025 14:35:06 Info: Ready To Start A Cutting Cycle ...
info:01-06-2025 14:35:54 Info: Estop Deactivate...
info:01-06-2025 14:35:55 Info: Power On...
info:01-06-2025 14:44:18 Info: Ready To Start A Cutting Cycle ...
info:01-06-2025 14:44:22 Info: Estop Deactivate...
info:01-06-2025 14:44:23 Info: Power On...
warning:01-06-2025 14:45:25 Referencing Axis...
info:01-06-2025 14:45:26 Info: Power Off...
info:01-06-2025 14:46:09 Info: Power On...
warning:01-06-2025 14:46:11 Referencing Axis...
info:01-06-2025 14:46:13 Info: Power Off...
info:01-06-2025 14:46:39 Info: Power On...
info:01-06-2025 14:47:05 Info: Ready To Start A Cutting Cycle ...
info:01-06-2025 14:47:06 Info: Estop Deactivate...
info:01-06-2025 14:47:07 Info: Power On...
warning:01-06-2025 14:47:07 Referencing Axis...
info:01-06-2025 14:49:56 Info: Ready To Start A Cutting Cycle ...
info:01-06-2025 14:49:58 Info: Estop Deactivate...
info:01-06-2025 14:49:58 Info: Power On...
warning:01-06-2025 14:50:00 Referencing Axis...
info:01-06-2025 14:50:09 Info: Ready To Start A Cutting Cycle ...
info:01-06-2025 14:50:11 Info: Estop Deactivate...
info:01-06-2025 14:50:11 Info: Power On...
warning:01-06-2025 14:50:18 Referencing Axis...
info:01-06-2025 14:50:46 Info: All Axes Homed...
info:01-06-2025 14:51:26 Info: Press Busy Hands Buttons For Move...
info:01-06-2025 14:51:32 Info: Normal Cut...
info:01-06-2025 14:52:04 Info: Close Clamps ...
info:01-06-2025 14:52:46 Info: Ready To Start A Cutting Cycle ...
info:01-06-2025 14:53:53 Info: Ready To Start A Cutting Cycle ...
info:01-06-2025 14:53:54 Info: Estop Deactivate...
info:01-06-2025 14:53:54 Info: Power On...
warning:01-06-2025 14:53:56 Referencing Axis...
info:01-06-2025 14:54:11 Info: All Axes Homed...
info:01-06-2025 14:54:27 Info: Ready To Start A Cutting Cycle ...
info:01-06-2025 14:54:28 Info: Estop Deactivate...
info:01-06-2025 14:54:29 Info: Power On...
warning:01-06-2025 14:54:30 Referencing Axis...
info:01-06-2025 14:55:01 Info: Ready To Start A Cutting Cycle ...
info:01-06-2025 14:55:03 Info: Estop Deactivate...
info:01-06-2025 14:55:03 Info: Power On...
warning:01-06-2025 14:55:04 Referencing Axis...
info:01-06-2025 14:55:05 Info: Power Off...
info:01-06-2025 14:55:37 Info: Ready To Start A Cutting Cycle ...
info:01-06-2025 14:55:38 Info: Estop Deactivate...
info:01-06-2025 14:55:38 Info: Power On...
warning:01-06-2025 14:55:39 Referencing Axis...
info:01-06-2025 14:55:56 Info: Ready To Start A Cutting Cycle ...
info:01-06-2025 14:55:58 Info: Estop Deactivate...
info:01-06-2025 14:55:58 Info: Power On...
warning:01-06-2025 14:55:58 Referencing Axis...
info:01-06-2025 14:56:00 Info: Power Off...
info:01-06-2025 14:56:20 Info: Ready To Start A Cutting Cycle ...
info:01-06-2025 14:56:21 Info: Estop Deactivate...
info:01-06-2025 14:56:21 Info: Power On...
warning:01-06-2025 14:56:22 Referencing Axis...
info:01-06-2025 14:56:48 Info: All Axes Homed...
info:01-06-2025 14:57:59 Info: Ready To Start A Cutting Cycle ...
info:01-06-2025 14:58:04 Info: Estop Deactivate...
info:01-06-2025 14:58:25 Info: Power On...
warning:01-06-2025 14:58:25 Referencing Axis...
info:01-06-2025 14:58:37 Info: All Axes Homed...
info:01-06-2025 14:59:40 Info: Ready To Start A Cutting Cycle ...
info:01-06-2025 15:00:03 Info: Ready To Start A Cutting Cycle ...
info:01-06-2025 15:00:05 Info: Estop Deactivate...
info:01-06-2025 15:00:05 Info: Power On...
warning:01-06-2025 15:00:07 Referencing Axis...
info:01-06-2025 15:01:00 Info: All Axes Homed...
info:01-06-2025 15:01:25 Info: Power Off...
warning:01-06-2025 15:01:25 Warning: 0 Axis Not Homed...
info:01-06-2025 15:01:37 Info: Power On...
warning:01-06-2025 15:01:37 Referencing Axis...
info:01-06-2025 15:01:41 Info: All Axes Homed...
info:01-06-2025 15:02:10 Info: Ready To Start A Cutting Cycle ...
info:01-06-2025 15:02:11 Info: Estop Deactivate...
info:01-06-2025 15:02:12 Info: Power On...
info:01-06-2025 15:02:33 Info: Ready To Start A Cutting Cycle ...
info:01-06-2025 15:02:35 Info: Estop Deactivate...
info:01-06-2025 15:02:35 Info: Power On...
info:01-06-2025 15:02:45 Info: Power Off...
info:01-06-2025 15:03:34 Info: Power On...
warning:01-06-2025 15:03:35 Referencing Axis...
info:01-06-2025 15:04:02 Info: Ready To Start A Cutting Cycle ...
info:01-06-2025 15:04:03 Info: Estop Deactivate...
info:01-06-2025 15:04:03 Info: Power On...
warning:01-06-2025 15:04:07 Referencing Axis...
info:01-06-2025 15:04:50 Info: Ready To Start A Cutting Cycle ...
info:01-06-2025 15:04:52 Info: Estop Deactivate...
info:01-06-2025 15:04:52 Info: Power On...
info:01-06-2025 15:05:01 Info: Power Off...
info:01-06-2025 15:05:43 Info: Power On...
warning:01-06-2025 15:05:48 Referencing Axis...
info:01-06-2025 15:06:24 Info: Ready To Start A Cutting Cycle ...
info:01-06-2025 15:06:25 Info: Estop Deactivate...
info:01-06-2025 15:06:26 Info: Power On...
warning:01-06-2025 15:06:33 Referencing Axis...
info:01-06-2025 15:06:55 Info: All Axes Homed...
info:01-06-2025 15:07:42 Info: Press Busy Hands Buttons For Move...
info:01-06-2025 15:07:43 Info: Normal Cut...
info:01-06-2025 15:07:45 Info: Close Clamps ...
info:01-06-2025 15:07:47 Info: Ready To Start A Cutting Cycle ...
warning:01-06-2025 15:07:53 Referencing Axis...
warning:01-06-2025 15:07:54 Warning: 0 Axis Not Homed...
info:01-06-2025 15:08:00 Info: All Axes Homed...
info:01-06-2025 15:08:55 Info: Ready To Start A Cutting Cycle ...
info:01-06-2025 15:08:56 Info: Estop Deactivate...
info:01-06-2025 15:08:56 Info: Power On...
warning:01-06-2025 15:08:58 Referencing Axis...
info:01-06-2025 15:09:30 Info: All Axes Homed...
info:01-06-2025 15:10:53 Info: Ready To Start A Cutting Cycle ...
info:01-06-2025 15:10:54 Info: Estop Deactivate...
info:01-06-2025 15:10:59 Info: Power On...
warning:01-06-2025 15:11:00 Referencing Axis...
info:01-06-2025 15:11:01 Info: Power Off...
info:01-06-2025 15:11:37 Info: Ready To Start A Cutting Cycle ...
info:01-06-2025 15:11:39 Info: Estop Deactivate...
info:01-06-2025 15:11:39 Info: Power On...
warning:01-06-2025 15:11:39 Referencing Axis...
info:01-06-2025 15:11:56 Info: All Axes Homed...
info:01-06-2025 15:15:40 Info: Ready To Start A Cutting Cycle ...
info:01-06-2025 15:15:42 Info: Estop Deactivate...
info:01-06-2025 15:15:42 Info: Power On...
warning:01-06-2025 15:15:45 Referencing Axis...
info:01-06-2025 15:16:26 Info: Ready To Start A Cutting Cycle ...
info:01-06-2025 15:23:53 Info: Ready To Start A Cutting Cycle ...
info:01-06-2025 15:23:54 Info: Estop Deactivate...
info:01-06-2025 15:23:54 Info: Power On...
warning:01-06-2025 15:23:55 Referencing Axis...
info:01-06-2025 15:23:57 Info: Power Off...
info:01-06-2025 15:24:14 Info: Ready To Start A Cutting Cycle ...
info:01-06-2025 15:24:16 Info: Estop Deactivate...
info:01-06-2025 15:24:16 Info: Power On...
warning:01-06-2025 15:24:16 Referencing Axis...
info:01-06-2025 15:24:32 Info: Ready To Start A Cutting Cycle ...
info:01-06-2025 15:24:33 Info: Estop Deactivate...
info:01-06-2025 15:24:33 Info: Power On...
warning:01-06-2025 15:24:34 Referencing Axis...
info:01-06-2025 15:25:15 Info: Ready To Start A Cutting Cycle ...
info:01-06-2025 15:25:16 Info: Estop Deactivate...
info:01-06-2025 15:25:16 Info: Power On...
warning:01-06-2025 15:25:17 Referencing Axis...
info:01-06-2025 15:25:18 Info: Power Off...
info:01-06-2025 15:29:06 Info: Ready To Start A Cutting Cycle ...
info:01-06-2025 15:29:10 Info: Estop Deactivate...
warning:01-06-2025 15:30:16 Warning: Estop Activate...
info:01-06-2025 15:30:17 Info: Estop Deactivate...
info:01-06-2025 15:30:17 Info: Power On...
warning:01-06-2025 15:30:18 Referencing Axis...
info:01-06-2025 15:30:37 Info: Ready To Start A Cutting Cycle ...
info:01-06-2025 15:30:42 Info: Estop Deactivate...
info:01-06-2025 15:30:51 Info: Power On...
warning:01-06-2025 15:30:52 Referencing Axis...
info:01-06-2025 15:31:01 Info: All Axes Homed...
info:01-06-2025 15:31:45 Info: Press Busy Hands Buttons For Move...
info:01-06-2025 15:31:47 Info: Step Slide Cut...
info:01-06-2025 15:31:49 Info: Close Clamps ...
info:01-06-2025 15:31:53 Info: Press Busy Hands Buttons For Cut...
info:01-06-2025 15:31:54 Info: Cut Only Left Saw Blade...
info:01-06-2025 15:31:54 Info: Saw Blade Output Time Controlled By User...
info:01-06-2025 15:31:57 Info: Press Busy Hands Buttons For Move To Recover Length Step Slide Cut...
info:01-06-2025 15:32:01 Info: Press Busy Hands Buttons For Cut...
info:01-06-2025 15:32:04 Info: Power Off...
warning:01-06-2025 15:32:04 Warning: 0 Axis Not Homed...
warning:01-06-2025 15:32:04 Warning: Estop Activate...
info:01-06-2025 15:32:04 Info: Ready To Start A Cutting Cycle ...
info:01-06-2025 15:34:52 Info: Ready To Start A Cutting Cycle ...
info:01-06-2025 15:34:58 Info: Estop Deactivate...
info:01-06-2025 15:36:04 Info: Power On...
warning:01-06-2025 15:36:05 Referencing Axis...
info:01-06-2025 15:36:08 Info: All Axes Homed...
info:01-06-2025 15:36:21 Info: Press Busy Hands Buttons For Move...
info:01-06-2025 15:36:24 Info: Step Slide Cut...
info:01-06-2025 15:36:25 Info: Close Clamps ...
info:01-06-2025 15:36:28 Info: Press Busy Hands Buttons For Cut...
info:01-06-2025 15:36:31 Info: Cut Only Left Saw Blade...
info:01-06-2025 15:36:31 Info: Saw Blade Output Time Controlled By User...
info:01-06-2025 15:36:33 Info: Press Busy Hands Buttons For Move To Recover Length Step Slide Cut...
info:01-06-2025 15:37:31 Info: Press Busy Hands Buttons For Cut...
info:01-06-2025 18:24:06 Info: Ready To Start A Cutting Cycle ...
info:01-06-2025 18:24:19 Info: Ready To Start A Cutting Cycle ...
info:01-06-2025 18:25:29 Info: Ready To Start A Cutting Cycle ...
info:01-06-2025 18:26:15 Info: Ready To Start A Cutting Cycle ...
info:01-06-2025 18:59:00 Info: Ready To Start A Cutting Cycle ...
info:01-06-2025 19:02:26 Info: Ready To Start A Cutting Cycle ...
info:01-06-2025 19:02:39 Info: Estop Deactivate...
info:01-06-2025 19:03:25 Info: Power On...
warning:01-06-2025 19:03:25 Referencing Axis...
info:01-06-2025 19:03:29 Info: All Axes Homed...
info:01-06-2025 19:04:12 Info: Press Busy Hands Buttons For Move...
info:01-06-2025 19:04:16 Info: Normal Cut...
info:01-06-2025 19:04:22 Info: Close Clamps ...
info:01-06-2025 19:04:47 Info: Ready To Start A Cutting Cycle ...
info:01-06-2025 19:04:57 Info: Press Busy Hands Buttons For Move...
info:01-06-2025 19:05:06 Info: Short Cut...
info:01-06-2025 19:05:12 Info: Close Clamps ...
info:01-06-2025 19:05:24 Info: Ready To Start A Cutting Cycle ...
info:01-06-2025 19:05:46 Info: Press Busy Hands Buttons For Move...
info:01-06-2025 19:05:51 Info: Normal Cut...
info:01-06-2025 19:05:53 Info: Close Clamps ...
info:01-06-2025 19:06:02 Info: Ready To Start A Cutting Cycle ...
info:01-06-2025 19:08:26 Info: Ready To Start A Cutting Cycle ...
info:01-06-2025 19:08:27 Info: Estop Deactivate...
info:01-06-2025 19:08:28 Info: Power On...
warning:01-06-2025 19:08:29 Referencing Axis...
info:01-06-2025 19:08:35 Info: All Axes Homed...
info:01-06-2025 19:08:56 Info: Press Busy Hands Buttons For Move...
info:01-06-2025 19:08:59 Info: Normal Cut...
info:01-06-2025 19:09:05 Info: Close Clamps ...
info:01-06-2025 19:32:50 Info: Ready To Start A Cutting Cycle ...
info:01-06-2025 19:33:02 Info: Press Busy Hands Buttons For Move...
info:01-06-2025 19:33:06 Info: Normal Cut...
info:01-06-2025 19:33:13 Info: Close Clamps ...
info:01-06-2025 19:33:46 Info: Ready To Start A Cutting Cycle ...
info:01-06-2025 19:33:54 Info: Press Busy Hands Buttons For Move...
info:01-06-2025 19:33:56 Info: Normal Cut...
info:01-06-2025 19:34:34 Info: Close Clamps ...
info:01-06-2025 19:34:34 Info: Press Busy Hands Buttons For Cut...
info:01-06-2025 19:34:37 Info: Ready To Start A Cutting Cycle ...
info:01-06-2025 19:34:47 Info: Press Busy Hands Buttons For Move...
info:01-06-2025 19:34:50 Info: Normal Cut...
info:01-06-2025 19:35:11 Info: Ready To Start A Cutting Cycle ...
warning:01-06-2025 19:36:23 Warning: Estop Activate...
info:01-06-2025 19:36:23 Info: Power Off...
warning:01-06-2025 19:36:23 Warning: 0 Axis Not Homed...
info:01-06-2025 19:38:17 Info: Ready To Start A Cutting Cycle ...
info:01-06-2025 19:38:18 Info: Estop Deactivate...
info:01-06-2025 19:38:19 Info: Power On...
warning:01-06-2025 19:38:19 Referencing Axis...
info:01-06-2025 19:39:20 Info: All Axes Homed...
info:01-06-2025 19:39:25 Info: Press Busy Hands Buttons For Move...
info:01-06-2025 19:39:28 Info: Step Slide Cut...
info:01-06-2025 19:39:29 Info: Close Clamps ...
info:01-06-2025 19:39:32 Info: Press Busy Hands Buttons For Cut...
info:01-06-2025 19:39:33 Info: Cut Only Left Saw Blade...
info:01-06-2025 19:39:33 Info: Saw Blade Output Time Controlled By User...
info:01-06-2025 19:39:36 Info: Press Busy Hands Buttons For Move To Recover Length Step Slide Cut...
info:01-06-2025 19:39:42 Info: Press Busy Hands Buttons For Cut...
info:01-06-2025 19:39:48 Info: Cut Only Left Saw Blade...
info:01-06-2025 19:39:48 Info: Saw Blade Output Time Controlled By User...
info:01-06-2025 19:39:52 Info: Step Slide Cut...
info:01-06-2025 19:39:53 Info: Press Busy Hands Buttons For Move To Recover Length Step Slide Cut...
info:01-06-2025 19:40:17 Info: Press Busy Hands Buttons For Cut...
info:01-06-2025 19:40:19 Info: Cut Only Left Saw Blade...
info:01-06-2025 19:40:19 Info: Saw Blade Output Time Controlled By User...
info:01-06-2025 19:40:23 Info: Cut List Cmpleted...
info:01-06-2025 19:40:23 Info: Ready To Start A Cutting Cycle ...
info:01-06-2025 19:40:34 Info: Press Busy Hands Buttons For Move...
info:01-06-2025 19:40:36 Info: Step Slide Cut...
info:01-06-2025 19:40:37 Info: Close Clamps ...
info:01-06-2025 19:41:21 Info: Press Busy Hands Buttons For Cut...
info:01-06-2025 19:41:22 Info: Cut Only Left Saw Blade...
info:01-06-2025 19:41:22 Info: Saw Blade Output Time Controlled By User...
info:01-06-2025 19:41:25 Info: Press Busy Hands Buttons For Move To Recover Length Step Slide Cut...
info:01-06-2025 20:03:17 Info: Ready To Start A Cutting Cycle ...
info:01-06-2025 20:03:32 Info: Estop Deactivate...
info:01-06-2025 20:04:23 Info: Power On...
warning:01-06-2025 20:04:24 Referencing Axis...
info:01-06-2025 20:04:26 Info: All Axes Homed...
info:01-06-2025 20:04:35 Info: Press Busy Hands Buttons For Move...
info:01-06-2025 20:04:38 Info: Step Slide Cut...
info:01-06-2025 20:04:40 Info: Close Clamps ...
info:01-06-2025 20:04:42 Info: Press Busy Hands Buttons For Cut...
info:01-06-2025 20:04:45 Info: Cut Only Left Saw Blade...
info:01-06-2025 20:04:45 Info: Saw Blade Output Time Controlled By User...
info:01-06-2025 20:04:48 Info: Press Busy Hands Buttons For Move To Recover Length Step Slide Cut...
info:01-06-2025 20:04:54 Info: Press Busy Hands Buttons For Cut...
info:01-06-2025 20:04:54 Info: Ready To Start A Cutting Cycle ...
info:01-06-2025 20:05:12 Info: Press Busy Hands Buttons For Move...
info:01-06-2025 20:05:14 Info: Step Slide Cut...
info:01-06-2025 20:05:15 Info: Close Clamps ...
info:01-06-2025 20:05:41 Info: Press Busy Hands Buttons For Cut...
info:01-06-2025 20:05:42 Info: Cut Only Left Saw Blade...
info:01-06-2025 20:05:42 Info: Saw Blade Output Time Controlled By User...
info:01-06-2025 20:05:45 Info: Press Busy Hands Buttons For Move To Recover Length Step Slide Cut...
info:01-06-2025 20:05:50 Info: Press Busy Hands Buttons For Cut...
info:01-06-2025 20:06:06 Info: Cut Only Left Saw Blade...
info:01-06-2025 20:06:06 Info: Saw Blade Output Time Controlled By User...
info:01-06-2025 20:06:09 Info: Step Slide Cut...
info:01-06-2025 20:06:09 Info: Press Busy Hands Buttons For Move To Recover Length Step Slide Cut...
info:01-06-2025 20:06:17 Info: Press Busy Hands Buttons For Cut...
info:01-06-2025 20:06:20 Info: Cut Only Left Saw Blade...
info:01-06-2025 20:06:20 Info: Saw Blade Output Time Controlled By User...
info:01-06-2025 20:06:22 Info: Cut List Cmpleted...
info:01-06-2025 20:06:22 Info: Ready To Start A Cutting Cycle ...
warning:01-06-2025 20:06:40 Warning: Number of Cuts is Zero...
info:01-06-2025 20:06:44 Info: Press Busy Hands Buttons For Move...
info:01-06-2025 20:06:44 Info: Normal Cut...
info:01-06-2025 20:07:06 Info: Close Clamps ...
info:01-06-2025 20:07:09 Info: Ready To Start A Cutting Cycle ...
info:01-06-2025 20:07:32 Info: Press Busy Hands Buttons For Move...
info:01-06-2025 20:07:33 Info: Step Slide Cut...
info:01-06-2025 20:07:52 Info: Close Clamps ...
info:01-06-2025 20:07:55 Info: Press Busy Hands Buttons For Cut...
info:01-06-2025 20:07:56 Info: Cut Only Left Saw Blade...
info:01-06-2025 20:07:56 Info: Saw Blade Output Time Controlled By User...
info:01-06-2025 20:07:59 Info: Press Busy Hands Buttons For Move To Recover Length Step Slide Cut...
info:01-06-2025 20:08:04 Info: Press Busy Hands Buttons For Cut...
info:01-06-2025 20:08:23 Info: Cut Only Left Saw Blade...
info:01-06-2025 20:08:23 Info: Saw Blade Output Time Controlled By User...
info:01-06-2025 20:08:26 Info: Step Slide Cut...
info:01-06-2025 20:08:26 Info: Press Busy Hands Buttons For Move To Recover Length Step Slide Cut...
info:01-06-2025 20:08:31 Info: Press Busy Hands Buttons For Cut...
info:01-06-2025 20:08:34 Info: Cut Only Left Saw Blade...
info:01-06-2025 20:08:34 Info: Saw Blade Output Time Controlled By User...
info:01-06-2025 20:08:36 Info: Cut List Cmpleted...
info:01-06-2025 20:08:36 Info: Ready To Start A Cutting Cycle ...
info:01-06-2025 20:08:59 Info: Press Busy Hands Buttons For Move...
info:01-06-2025 20:09:00 Info: Step Slide Cut...
info:01-06-2025 20:09:02 Info: Close Clamps ...
info:01-06-2025 20:09:05 Info: Press Busy Hands Buttons For Cut...
info:01-06-2025 20:09:05 Info: Cut Only Left Saw Blade...
info:01-06-2025 20:09:05 Info: Saw Blade Output Time Controlled By User...
info:01-06-2025 20:09:09 Info: Press Busy Hands Buttons For Move To Recover Length Step Slide Cut...
info:01-06-2025 20:09:14 Info: Cut Only Left Saw Blade...
info:01-06-2025 20:09:14 Info: Saw Blade Output Time Controlled By User...
info:01-06-2025 20:09:17 Info: Step Slide Cut...
info:01-06-2025 20:09:17 Info: Press Busy Hands Buttons For Move To Recover Length Step Slide Cut...
info:01-06-2025 20:09:21 Info: Ready To Start A Cutting Cycle ...
info:01-06-2025 20:46:02 Info: Ready To Start A Cutting Cycle ...
info:01-06-2025 20:46:19 Info: Estop Deactivate...
info:01-06-2025 20:46:33 Info: Power On...
warning:01-06-2025 20:46:35 Referencing Axis...
info:01-06-2025 20:46:38 Info: All Axes Homed...
info:01-06-2025 20:48:43 Info: Press Busy Hands Buttons For Move...
info:01-06-2025 20:48:48 Info: Normal Cut...
info:01-06-2025 20:48:50 Info: Close Clamps ...
info:01-06-2025 20:49:05 Info: Ready To Start A Cutting Cycle ...
info:01-06-2025 20:49:56 Info: Ready To Start A Cutting Cycle ...
info:01-06-2025 20:49:57 Info: Estop Deactivate...
info:01-06-2025 20:49:58 Info: Power On...
warning:01-06-2025 20:49:58 Referencing Axis...
info:01-06-2025 20:50:05 Info: All Axes Homed...
info:01-06-2025 20:50:16 Info: Press Busy Hands Buttons For Move...
info:01-06-2025 20:50:19 Info: Normal Cut...
info:01-06-2025 20:50:21 Info: Close Clamps ...
info:01-06-2025 20:50:37 Info: Ready To Start A Cutting Cycle ...
info:01-06-2025 20:51:45 Info: Ready To Start A Cutting Cycle ...
info:01-06-2025 20:51:47 Info: Estop Deactivate...
info:01-06-2025 20:51:47 Info: Power On...
warning:01-06-2025 20:51:48 Referencing Axis...
info:01-06-2025 20:51:54 Info: All Axes Homed...
warning:01-06-2025 20:52:32 Warning: Number of Cuts is Zero...
info:01-06-2025 20:52:36 Info: Press Busy Hands Buttons For Move...
info:01-06-2025 20:52:39 Info: Normal Cut...
info:01-06-2025 20:52:41 Info: Close Clamps ...
info:01-06-2025 20:52:47 Info: Ready To Start A Cutting Cycle ...
info:01-06-2025 20:54:56 Info: Ready To Start A Cutting Cycle ...
info:01-06-2025 20:54:58 Info: Estop Deactivate...
info:01-06-2025 20:54:58 Info: Power On...
warning:01-06-2025 20:54:59 Referencing Axis...
info:01-06-2025 20:55:06 Info: All Axes Homed...
info:01-06-2025 20:55:17 Info: Press Busy Hands Buttons For Move...
info:01-06-2025 20:55:18 Info: Normal Cut...
info:01-06-2025 20:55:20 Info: Close Clamps ...
info:01-06-2025 20:56:13 Info: Ready To Start A Cutting Cycle ...
info:01-06-2025 20:56:23 Info: Ready To Start A Cutting Cycle ...
info:01-06-2025 20:56:25 Info: Estop Deactivate...
info:01-06-2025 20:56:25 Info: Power On...
warning:01-06-2025 20:56:25 Referencing Axis...
info:01-06-2025 20:56:32 Info: All Axes Homed...
info:01-06-2025 20:56:41 Info: Press Busy Hands Buttons For Move...
info:01-06-2025 20:56:47 Info: Normal Cut...
info:01-06-2025 20:56:49 Info: Close Clamps ...
info:01-06-2025 20:56:59 Info: Ready To Start A Cutting Cycle ...
info:01-06-2025 20:57:16 Info: Press Busy Hands Buttons For Move...
info:01-06-2025 20:57:18 Info: Normal Cut...
info:01-06-2025 20:57:19 Info: Close Clamps ...
info:01-06-2025 20:57:23 Info: Ready To Start A Cutting Cycle ...
info:01-06-2025 21:04:08 Info: Ready To Start A Cutting Cycle ...
info:01-06-2025 21:04:09 Info: Estop Deactivate...
info:01-06-2025 21:04:10 Info: Power On...
warning:01-06-2025 21:04:11 Referencing Axis...
info:01-06-2025 21:04:19 Info: All Axes Homed...
info:01-06-2025 21:04:30 Info: Press Busy Hands Buttons For Move...
info:01-06-2025 21:04:32 Info: Normal Cut...
info:01-06-2025 21:04:34 Info: Close Clamps ...
info:01-06-2025 21:05:02 Info: Ready To Start A Cutting Cycle ...
info:01-06-2025 21:05:14 Info: Press Busy Hands Buttons For Move...
info:01-06-2025 21:05:15 Info: Normal Cut...
info:01-06-2025 21:05:18 Info: Close Clamps ...
info:01-06-2025 21:05:23 Info: Ready To Start A Cutting Cycle ...
info:01-06-2025 21:05:28 Info: Press Busy Hands Buttons For Move...
info:01-06-2025 21:05:30 Info: Step Slide Cut...
info:01-06-2025 21:05:32 Info: Close Clamps ...
info:01-06-2025 21:05:37 Info: Ready To Start A Cutting Cycle ...
info:01-06-2025 21:05:48 Info: Press Busy Hands Buttons For Move...
info:01-06-2025 21:05:49 Info: Normal Cut...
info:01-06-2025 21:05:51 Info: Close Clamps ...
info:01-06-2025 21:05:58 Info: Ready To Start A Cutting Cycle ...
info:01-06-2025 21:09:28 Info: Ready To Start A Cutting Cycle ...
info:01-06-2025 21:09:31 Info: Estop Deactivate...
info:01-06-2025 21:09:31 Info: Power On...
warning:01-06-2025 21:09:32 Referencing Axis...
info:01-06-2025 21:09:39 Info: All Axes Homed...
info:01-06-2025 21:09:44 Info: Press Busy Hands Buttons For Move...
info:01-06-2025 21:09:45 Info: Step Slide Cut...
info:01-06-2025 21:09:47 Info: Close Clamps ...
info:01-06-2025 21:09:50 Info: Press Busy Hands Buttons For Cut...
info:01-06-2025 21:09:51 Info: Turn On Left Saw Blade and Press Busy Hands Buttons For Cut...
info:01-06-2025 21:09:57 Info: Cut Only Left Saw Blade...
info:01-06-2025 21:09:57 Info: Saw Blade Output Time Controlled By User...
info:01-06-2025 21:10:00 Info: Press Busy Hands Buttons For Move To Recover Length Step Slide Cut...
info:01-06-2025 21:10:10 Info: Press Busy Hands Buttons For Cut...
info:01-06-2025 21:10:11 Info: Cut Only Left Saw Blade...
info:01-06-2025 21:10:11 Info: Saw Blade Output Time Controlled By User...
info:01-06-2025 21:10:14 Info: Step Slide Cut...
info:01-06-2025 21:10:14 Info: Press Busy Hands Buttons For Move To Recover Length Step Slide Cut...
info:01-06-2025 21:10:23 Info: Press Busy Hands Buttons For Cut...
info:01-06-2025 21:10:24 Info: Cut Only Left Saw Blade...
info:01-06-2025 21:10:24 Info: Saw Blade Output Time Controlled By User...
info:01-06-2025 21:10:26 Info: Step Slide Cut...
info:01-06-2025 21:10:27 Info: Press Busy Hands Buttons For Move To Recover Length Step Slide Cut...
info:01-06-2025 21:10:33 Info: Press Busy Hands Buttons For Cut...
info:01-06-2025 21:10:33 Info: Cut Only Left Saw Blade...
info:01-06-2025 21:10:33 Info: Saw Blade Output Time Controlled By User...
info:01-06-2025 21:10:35 Info: Step Slide Cut...
info:01-06-2025 21:10:35 Info: Press Busy Hands Buttons For Move To Recover Length Step Slide Cut...
info:01-06-2025 21:10:42 Info: Press Busy Hands Buttons For Cut...
info:01-06-2025 21:10:42 Info: Cut Only Left Saw Blade...
info:01-06-2025 21:10:42 Info: Saw Blade Output Time Controlled By User...
info:01-06-2025 21:10:44 Info: Cut List Cmpleted...
info:01-06-2025 21:10:44 Info: Ready To Start A Cutting Cycle ...
info:01-06-2025 21:12:02 Info: Press Busy Hands Buttons For Move...
info:01-06-2025 21:12:04 Info: Step Slide Cut...
info:01-06-2025 21:12:13 Info: Close Clamps ...
info:01-06-2025 21:12:24 Info: Press Busy Hands Buttons For Cut...
info:01-06-2025 21:12:25 Info: Cut Only Left Saw Blade...
info:01-06-2025 21:12:25 Info: Saw Blade Output Time Controlled By User...
info:01-06-2025 21:12:29 Info: Press Busy Hands Buttons For Move To Recover Length Step Slide Cut...
info:01-06-2025 21:12:35 Info: Press Busy Hands Buttons For Cut...
info:01-06-2025 21:12:36 Info: Cut Only Left Saw Blade...
info:01-06-2025 21:12:36 Info: Saw Blade Output Time Controlled By User...
info:01-06-2025 21:12:39 Info: Step Slide Cut...
info:01-06-2025 21:12:39 Info: Press Busy Hands Buttons For Move To Recover Length Step Slide Cut...
info:01-06-2025 21:12:46 Info: Press Busy Hands Buttons For Cut...
info:01-06-2025 21:12:46 Info: Cut Only Left Saw Blade...
info:01-06-2025 21:12:46 Info: Saw Blade Output Time Controlled By User...
info:01-06-2025 21:12:47 Info: Press Busy Hands Buttons For Move...
info:01-06-2025 21:12:49 Info: Step Slide Cut...
info:01-06-2025 21:12:52 Info: Close Clamps ...
info:01-06-2025 21:12:57 Info: Press Busy Hands Buttons For Cut...
info:01-06-2025 21:12:57 Info: Cut Only Left Saw Blade...
info:01-06-2025 21:12:57 Info: Saw Blade Output Time Controlled By User...
info:01-06-2025 21:13:00 Info: Press Busy Hands Buttons For Move To Recover Length Step Slide Cut...
info:01-06-2025 21:13:05 Info: Cut Only Left Saw Blade...
info:01-06-2025 21:13:05 Info: Saw Blade Output Time Controlled By User...
info:01-06-2025 21:13:06 Info: Step Slide Cut...
info:01-06-2025 21:13:07 Info: Press Busy Hands Buttons For Move To Recover Length Step Slide Cut...
info:01-06-2025 21:13:12 Info: Press Busy Hands Buttons For Cut...
info:01-06-2025 21:13:12 Info: Cut Only Left Saw Blade...
info:01-06-2025 21:13:12 Info: Saw Blade Output Time Controlled By User...
info:01-06-2025 21:13:14 Info: Press Busy Hands Buttons For Move...
info:01-06-2025 21:13:15 Info: Step Slide Cut...
info:01-06-2025 21:13:18 Info: Close Clamps ...
info:01-06-2025 21:13:20 Info: Press Busy Hands Buttons For Cut...
info:01-06-2025 21:13:20 Info: Cut Only Left Saw Blade...
info:01-06-2025 21:13:20 Info: Saw Blade Output Time Controlled By User...
info:01-06-2025 21:13:23 Info: Press Busy Hands Buttons For Move To Recover Length Step Slide Cut...
info:01-06-2025 21:13:28 Info: Press Busy Hands Buttons For Cut...
info:01-06-2025 21:13:28 Info: Cut Only Left Saw Blade...
info:01-06-2025 21:13:29 Info: Saw Blade Output Time Controlled By User...
info:01-06-2025 21:13:30 Info: Step Slide Cut...
info:01-06-2025 21:13:31 Info: Press Busy Hands Buttons For Move To Recover Length Step Slide Cut...
info:01-06-2025 21:13:52 Info: Ready To Start A Cutting Cycle ...
info:01-06-2025 21:13:55 Info: Press Busy Hands Buttons For Move...
info:01-06-2025 21:13:57 Info: Step Slide Cut...
info:01-06-2025 21:13:59 Info: Close Clamps ...
info:01-06-2025 21:14:02 Info: Press Busy Hands Buttons For Cut...
info:01-06-2025 21:14:03 Info: Cut Only Left Saw Blade...
info:01-06-2025 21:14:03 Info: Saw Blade Output Time Controlled By User...
info:01-06-2025 21:14:06 Info: Press Busy Hands Buttons For Move To Recover Length Step Slide Cut...
info:01-06-2025 21:14:13 Info: Press Busy Hands Buttons For Cut...
info:01-06-2025 21:14:13 Info: Cut Only Left Saw Blade...
info:01-06-2025 21:14:13 Info: Saw Blade Output Time Controlled By User...
info:01-06-2025 21:14:15 Info: Press Busy Hands Buttons For Move...
info:01-06-2025 21:14:17 Info: Step Slide Cut...
info:01-06-2025 21:14:20 Info: Close Clamps ...
info:01-06-2025 21:14:22 Info: Press Busy Hands Buttons For Cut...
info:01-06-2025 21:14:23 Info: Cut Only Left Saw Blade...
info:01-06-2025 21:14:23 Info: Saw Blade Output Time Controlled By User...
info:01-06-2025 21:14:27 Info: Press Busy Hands Buttons For Move To Recover Length Step Slide Cut...
info:01-06-2025 21:14:33 Info: Press Busy Hands Buttons For Cut...
info:01-06-2025 21:14:40 Info: Cut Only Left Saw Blade...
info:01-06-2025 21:14:40 Info: Saw Blade Output Time Controlled By User...
info:01-06-2025 21:14:42 Info: Step Slide Cut...
info:01-06-2025 21:14:43 Info: Press Busy Hands Buttons For Move To Recover Length Step Slide Cut...
info:01-06-2025 21:14:51 Info: Press Busy Hands Buttons For Cut...
info:01-06-2025 21:14:53 Info: Cut Only Left Saw Blade...
info:01-06-2025 21:14:53 Info: Saw Blade Output Time Controlled By User...
info:01-06-2025 21:14:55 Info: Press Busy Hands Buttons For Move...
info:01-06-2025 21:14:56 Info: Step Slide Cut...
info:01-06-2025 21:14:59 Info: Close Clamps ...
info:01-06-2025 21:15:03 Info: Press Busy Hands Buttons For Cut...
info:01-06-2025 21:15:04 Info: Cut Only Left Saw Blade...
info:01-06-2025 21:15:04 Info: Saw Blade Output Time Controlled By User...
info:01-06-2025 21:15:07 Info: Press Busy Hands Buttons For Move To Recover Length Step Slide Cut...
info:01-06-2025 21:15:12 Info: Press Busy Hands Buttons For Cut...
info:01-06-2025 21:15:13 Info: Cut Only Left Saw Blade...
info:01-06-2025 21:15:14 Info: Saw Blade Output Time Controlled By User...
info:01-06-2025 21:15:16 Info: Step Slide Cut...
info:01-06-2025 21:15:16 Info: Press Busy Hands Buttons For Move To Recover Length Step Slide Cut...
info:01-06-2025 21:15:21 Info: Press Busy Hands Buttons For Cut...
info:01-06-2025 21:15:22 Info: Cut Only Left Saw Blade...
info:01-06-2025 21:15:22 Info: Saw Blade Output Time Controlled By User...
info:01-06-2025 21:15:24 Info: Cut List Cmpleted...
info:01-06-2025 21:15:24 Info: Ready To Start A Cutting Cycle ...
